Welcome to Battle of Slimes 2!
Enemy has Blue, Green, Yellow, starting with Blue
You can select three from five (1 for Green, 2 for Red, 3 for Blue, 4 for Yellow, 5 for Pink).
Select your 1st slime: Select your 2nd slime: Select your 3rd slime: You have Pink, Green, Red, starting with Pink
Your Pink: HP 120 || Enemy's Blue: HP 100
Battle starts!
--------------------------------------------------
Round 1
Select your action (0 for escape, 1 for skill, 2 for change): Select your action (0 for escape, 1 for skill, 2 for change): Select the skill (0 for back, 1 for Slap, 2 for Sing, 3 for Paint): Enemy's Blue uses Rainy! Weather becomes rainy
Your Pink uses Slap! Damage: 10
Your Pink: HP 120 || Enemy's Blue: HP 90
--------------------------------------------------
Round 2
Select your action (0 for escape, 1 for skill, 2 for change): Select your action (0 for escape, 1 for skill, 2 for change): Select your next slime (0 for back, 2 for Green-HP110, 3 for Red-HP100): Select your next slime (0 for back, 2 for Green-HP110, 3 for Red-HP100): Select your next slime (0 for back, 2 for Green-HP110, 3 for Red-HP100): Select your next slime (0 for back, 2 for Green-HP110, 3 for Red-HP100): You sends Green
Enemy's Blue uses Stream! Damage: 15
Your Green: HP 95 || Enemy's Blue: HP 90
--------------------------------------------------
Round 3
Select your action (0 for escape, 1 for skill, 2 for change): Select your next slime (0 for back, 1 for Pink-HP120, 3 for Red-HP100): Enemy sends Green
You sends Red
Your Red: HP 100 || Enemy's Green: HP 110
--------------------------------------------------
Round 4
Select your action (0 for escape, 1 for skill, 2 for change): Select your action (0 for escape, 1 for skill, 2 for change): Select the skill (0 for back, 1 for Claw, 2 for Flame, 3 for Sunny): Enemy sends Blue
Your Red uses Flame! Damage: 4
Your Red: HP 100 || Enemy's Blue: HP 86
--------------------------------------------------
Round 5
Select your action (0 for escape, 1 for skill, 2 for change): Select the skill (0 for back, 1 for Claw, 2 for Flame, 3 for Sunny): Your Red uses Flame! Damage: 4
Enemy's Blue uses Stream! Damage: 60
Your Red: HP 40 || Enemy's Blue: HP 82
--------------------------------------------------
Weather becomes normal
Round 6
Select your action (0 for escape, 1 for skill, 2 for change): Select your action (0 for escape, 1 for skill, 2 for change): Select the skill (0 for back, 1 for Claw, 2 for Flame, 3 for Sunny): Enemy's Blue uses Rainy! Weather becomes rainy
Your Red uses Flame! Damage: 4
Your Red: HP 40 || Enemy's Blue: HP 78
--------------------------------------------------
Round 7
Select your action (0 for escape, 1 for skill, 2 for change): Select the skill (0 for back, 1 for Claw, 2 for Flame, 3 for Sunny): Your Red uses Flame! Damage: 4
Enemy's Blue uses Stream! Damage: 60
Your Red is beaten
Select your next slime (1 for Pink-HP120, 2 for Green-HP95): Select your next slime (1 for Pink-HP120, 2 for Green-HP95): Select your next slime (1 for Pink-HP120, 2 for Green-HP95): Select your next slime (1 for Pink-HP120, 2 for Green-HP95): Select your next slime (1 for Pink-HP120, 2 for Green-HP95): Select your next slime (1 for Pink-HP120, 2 for Green-HP95): Select your next slime (1 for Pink-HP120, 2 for Green-HP95): You sends Green
Your Green: HP 95 || Enemy's Blue: HP 74
--------------------------------------------------
Round 8
Select your action (0 for escape, 1 for skill, 2 for change): Select your action (0 for escape, 1 for skill, 2 for change): Select your action (0 for escape, 1 for skill, 2 for change): Select your action (0 for escape, 1 for skill, 2 for change): Select your action (0 for escape, 1 for skill, 2 for change): Select your action (0 for escape, 1 for skill, 2 for change): Select your action (0 for escape, 1 for skill, 2 for change): Select your action (0 for escape, 1 for skill, 2 for change): Select the skill (0 for back, 1 for Tackle, 2 for Leaf, 3 for Synthesis): Enemy sends Green
Your Green uses Leaf! Damage: 10
Your Green: HP 95 || Enemy's Green: HP 100
--------------------------------------------------
Round 9
Select your action (0 for escape, 1 for skill, 2 for change): Select your action (0 for escape, 1 for skill, 2 for change): Select the skill (0 for back, 1 for Tackle, 2 for Leaf, 3 for Synthesis): Select the skill (0 for back, 1 for Tackle, 2 for Leaf, 3 for Synthesis): Enemy's Green uses Tackle! Damage: 20
Your Green uses Synthesis! Recovery: 22
Your Green: HP 97 || Enemy's Green: HP 100
--------------------------------------------------
Round 10
Select your action (0 for escape, 1 for skill, 2 for change): Select your action (0 for escape, 1 for skill, 2 for change): Select your next slime (0 for back, 1 for Pink-HP120): Select your next slime (0 for back, 1 for Pink-HP120): You sends Pink
Enemy's Green uses Tackle! Damage: 25
Your Pink: HP 95 || Enemy's Green: HP 100
--------------------------------------------------
Weather becomes normal
Round 11
Select your action (0 for escape, 1 for skill, 2 for change): Select your action (0 for escape, 1 for skill, 2 for change): Select the skill (0 for back, 1 for Slap, 2 for Sing, 3 for Paint): Enemy's Green uses Leaf! Damage: 25
Your Pink uses Sing! Enemy's Green falls asleep
Your Pink: HP 70 || Enemy's Green: HP 100
--------------------------------------------------
Round 12
Select your action (0 for escape, 1 for skill, 2 for change): Select your next slime (0 for back, 2 for Green-HP97): Select your next slime (0 for back, 2 for Green-HP97): Select your next slime (0 for back, 2 for Green-HP97): Select your next slime (0 for back, 2 for Green-HP97): Select your next slime (0 for back, 2 for Green-HP97): Select your next slime (0 for back, 2 for Green-HP97): Select your next slime (0 for back, 2 for Green-HP97): Select your next slime (0 for back, 2 for Green-HP97): Select your next slime (0 for back, 2 for Green-HP97): Select your next slime (0 for back, 2 for Green-HP97): Select your next slime (0 for back, 2 for Green-HP97): Select your next slime (0 for back, 2 for Green-HP97): Select your next slime (0 for back, 2 for Green-HP97): You sends Green
Enemy's Green is sleeping!
Your Green: HP 97 || Enemy's Green: HP 100
--------------------------------------------------
Round 13
Select your action (0 for escape, 1 for skill, 2 for change): Select the skill (0 for back, 1 for Tackle, 2 for Leaf, 3 for Synthesis): Select the skill (0 for back, 1 for Tackle, 2 for Leaf, 3 for Synthesis): Select the skill (0 for back, 1 for Tackle, 2 for Leaf, 3 for Synthesis): Enemy's Green is sleeping!
Your Green uses Tackle! Damage: 20
Enemy's Green wakes up
Your Green: HP 97 || Enemy's Green: HP 80
--------------------------------------------------
Round 14
Select your action (0 for escape, 1 for skill, 2 for change): Select your action (0 for escape, 1 for skill, 2 for change): Select your action (0 for escape, 1 for skill, 2 for change): Select your action (0 for escape, 1 for skill, 2 for change): You Escape