Welcome to Battle of Slimes 2!
Enemy has Blue, Green, Yellow, starting with Blue
You can select three from five (1 for Green, 2 for Red, 3 for Blue, 4 for Yellow, 5 for Pink).
Select your 1st slime: Select your 2nd slime: Select your 3rd slime: You have Red, Yellow, Blue, starting with Red
Your Red: HP 100 || Enemy's Blue: HP 100
Battle starts!
--------------------------------------------------
Round 1
Select your action (0 for escape, 1 for skill, 2 for change): Select your action (0 for escape, 1 for skill, 2 for change): Select your next slime (0 for back, 2 for Yellow-HP90, 3 for Blue-HP100): Select your next slime (0 for back, 2 for Yellow-HP90, 3 for Blue-HP100): Select your next slime (0 for back, 2 for Yellow-HP90, 3 for Blue-HP100): Select your next slime (0 for back, 2 for Yellow-HP90, 3 for Blue-HP100): Select your next slime (0 for back, 2 for Yellow-HP90, 3 for Blue-HP100): You sends Yellow
Enemy's Blue uses Rainy! Weather becomes rainy
Your Yellow: HP 90 || Enemy's Blue: HP 100
--------------------------------------------------
Round 2
Select your action (0 for escape, 1 for skill, 2 for change): Select your action (0 for escape, 1 for skill, 2 for change): Select your action (0 for escape, 1 for skill, 2 for change): Select your next slime (0 for back, 1 for Red-HP100, 3 for Blue-HP100): Enemy sends Green
You sends Red
Your Red: HP 100 || Enemy's Green: HP 110
--------------------------------------------------
Round 3
Select your action (0 for escape, 1 for skill, 2 for change): Select your next slime (0 for back, 2 for Yellow-HP90, 3 for Blue-HP100): Enemy sends Blue
You sends Yellow
Your Yellow: HP 90 || Enemy's Blue: HP 100
--------------------------------------------------
Round 4
Select your action (0 for escape, 1 for skill, 2 for change): Select your action (0 for escape, 1 for skill, 2 for change): Select your action (0 for escape, 1 for skill, 2 for change): Select your action (0 for escape, 1 for skill, 2 for change): Select your action (0 for escape, 1 for skill, 2 for change): Select your action (0 for escape, 1 for skill, 2 for change): Select your next slime (0 for back, 1 for Red-HP100, 3 for Blue-HP100): Select your next slime (0 for back, 1 for Red-HP100, 3 for Blue-HP100): Select your next slime (0 for back, 1 for Red-HP100, 3 for Blue-HP100): Select your next slime (0 for back, 1 for Red-HP100, 3 for Blue-HP100): Select your next slime (0 for back, 1 for Red-HP100, 3 for Blue-HP100): Select your next slime (0 for back, 1 for Red-HP100, 3 for Blue-HP100): Select your next slime (0 for back, 1 for Red-HP100, 3 for Blue-HP100): Select your next slime (0 for back, 1 for Red-HP100, 3 for Blue-HP100): Enemy sends Green
You sends Red
Your Red: HP 100 || Enemy's Green: HP 110
--------------------------------------------------
Round 5
Select your action (0 for escape, 1 for skill, 2 for change): Select your next slime (0 for back, 2 for Yellow-HP90, 3 for Blue-HP100): Enemy sends Blue
You sends Yellow
Your Yellow: HP 90 || Enemy's Blue: HP 100
--------------------------------------------------
Weather becomes normal
Round 6
Select your action (0 for escape, 1 for skill, 2 for change): Select your action (0 for escape, 1 for skill, 2 for change): Select the skill (0 for back, 1 for Quick, 2 for Volt, 3 for Thunder): Select the skill (0 for back, 1 for Quick, 2 for Volt, 3 for Thunder): Select the skill (0 for back, 1 for Quick, 2 for Volt, 3 for Thunder): Enemy sends Green
Your Yellow uses Thunder! Failure!
Your Yellow: HP 90 || Enemy's Green: HP 110
--------------------------------------------------
Round 7
Select your action (0 for escape, 1 for skill, 2 for change): Select your action (0 for escape, 1 for skill, 2 for change): Select your action (0 for escape, 1 for skill, 2 for change): Select the skill (0 for back, 1 for Quick, 2 for Volt, 3 for Thunder): Your Yellow uses Thunder! Failure!
Enemy's Green uses Leaf! Damage: 20
Your Yellow: HP 70 || Enemy's Green: HP 110
--------------------------------------------------
Round 8
Select your action (0 for escape, 1 for skill, 2 for change): Select your action (0 for escape, 1 for skill, 2 for change): Select your action (0 for escape, 1 for skill, 2 for change): Select your action (0 for escape, 1 for skill, 2 for change): Select your action (0 for escape, 1 for skill, 2 for change): Select your action (0 for escape, 1 for skill, 2 for change): Select your next slime (0 for back, 1 for Red-HP100, 3 for Blue-HP100): You sends Red
Enemy's Green uses Leaf! Damage: 10
Your Red: HP 90 || Enemy's Green: HP 110
--------------------------------------------------
Round 9
Select your action (0 for escape, 1 for skill, 2 for change): Select your next slime (0 for back, 2 for Yellow-HP70, 3 for Blue-HP100): Select your next slime (0 for back, 2 for Yellow-HP70, 3 for Blue-HP100): Select your next slime (0 for back, 2 for Yellow-HP70, 3 for Blue-HP100): Enemy sends Blue
You sends Blue
Your Blue: HP 100 || Enemy's Blue: HP 100
--------------------------------------------------
Round 10
Select your action (0 for escape, 1 for skill, 2 for change): Select your action (0 for escape, 1 for skill, 2 for change): Select your action (0 for escape, 1 for skill, 2 for change): Select your action (0 for escape, 1 for skill, 2 for change): Select the skill (0 for back, 1 for Tackle, 2 for Stream, 3 for Rainy): Select the skill (0 for back, 1 for Tackle, 2 for Stream, 3 for Rainy): Enemy's Blue uses Tackle! Damage: 14
Your Blue uses Stream! Damage: 7
Your Blue: HP 86 || Enemy's Blue: HP 93
--------------------------------------------------
Round 11
Select your action (0 for escape, 1 for skill, 2 for change): Select your action (0 for escape, 1 for skill, 2 for change): Select the skill (0 for back, 1 for Tackle, 2 for Stream, 3 for Rainy): Select the skill (0 for back, 1 for Tackle, 2 for Stream, 3 for Rainy): Your Blue uses Rainy! Weather becomes rainy
Enemy's Blue uses Tackle! Damage: 14
Your Blue: HP 72 || Enemy's Blue: HP 93
--------------------------------------------------
Round 12
Select your action (0 for escape, 1 for skill, 2 for change): Select your action (0 for escape, 1 for skill, 2 for change): Select your action (0 for escape, 1 for skill, 2 for change): Select your next slime (0 for back, 1 for Red-HP90, 2 for Yellow-HP70): Select your next slime (0 for back, 1 for Red-HP90, 2 for Yellow-HP70): You sends Yellow
Enemy's Blue uses Tackle! Damage: 20
Your Yellow: HP 50 || Enemy's Blue: HP 93
--------------------------------------------------
Round 13
Select your action (0 for escape, 1 for skill, 2 for change): Select the skill (0 for back, 1 for Quick, 2 for Volt, 3 for Thunder): Enemy sends Green
Your Yellow uses Volt! Damage: 13
Your Yellow: HP 50 || Enemy's Green: HP 97
--------------------------------------------------
Round 14
Select your action (0 for escape, 1 for skill, 2 for change): Select your action (0 for escape, 1 for skill, 2 for change): Select your next slime (0 for back, 1 for Red-HP90, 3 for Blue-HP72): You sends Blue
Enemy's Green uses Leaf! Damage: 29
Your Blue: HP 43 || Enemy's Green: HP 97
--------------------------------------------------
Round 15
Select your action (0 for escape, 1 for skill, 2 for change): Select the skill (0 for back, 1 for Tackle, 2 for Stream, 3 for Rainy): Select the skill (0 for back, 1 for Tackle, 2 for Stream, 3 for Rainy): Enemy's Green uses Leaf! Damage: 29
Your Blue uses Tackle! Damage: 20
Your Blue: HP 14 || Enemy's Green: HP 77
--------------------------------------------------
Weather becomes normal
Round 16
Select your action (0 for escape, 1 for skill, 2 for change): Select your action (0 for escape, 1 for skill, 2 for change): Select the skill (0 for back, 1 for Tackle, 2 for Stream, 3 for Rainy): Enemy's Green uses Leaf! Damage: 29
Your Blue is beaten
Select your next slime (1 for Red-HP90, 2 for Yellow-HP50): You sends Red
Your Red: HP 90 || Enemy's Green: HP 77
--------------------------------------------------
Round 17
Select your action (0 for escape, 1 for skill, 2 for change): Select your next slime (0 for back, 2 for Yellow-HP50): Select your next slime (0 for back, 2 for Yellow-HP50): Select your next slime (0 for back, 2 for Yellow-HP50): Select your next slime (0 for back, 2 for Yellow-HP50): Select your next slime (0 for back, 2 for Yellow-HP50): Select your next slime (0 for back, 2 for Yellow-HP50): Select your next slime (0 for back, 2 for Yellow-HP50): Select your next slime (0 for back, 2 for Yellow-HP50): Enemy sends Blue
You sends Yellow
Your Yellow: HP 50 || Enemy's Blue: HP 93
--------------------------------------------------
Round 18
Select your action (0 for escape, 1 for skill, 2 for change): Select your action (0 for escape, 1 for skill, 2 for change): Select your action (0 for escape, 1 for skill, 2 for change): Select the skill (0 for back, 1 for Quick, 2 for Volt, 3 for Thunder): Enemy sends Green
Your Yellow uses Volt! Damage: 13
Your Yellow: HP 50 || Enemy's Green: HP 64
--------------------------------------------------
Round 19
Select your action (0 for escape, 1 for skill, 2 for change): Select the skill (0 for back, 1 for Quick, 2 for Volt, 3 for Thunder): Select the skill (0 for back, 1 for Quick, 2 for Volt, 3 for Thunder): Your Yellow uses Quick! Damage: 15
Enemy's Green uses Leaf! Damage: 20
Your Yellow: HP 30 || Enemy's Green: HP 49
--------------------------------------------------
Round 20
Select your action (0 for escape, 1 for skill, 2 for change): Select your action (0 for escape, 1 for skill, 2 for change): Select your action (0 for escape, 1 for skill, 2 for change): Select the skill (0 for back, 1 for Quick, 2 for Volt, 3 for Thunder): Select the skill (0 for back, 1 for Quick, 2 for Volt, 3 for Thunder): Your Yellow uses Volt! Damage: 13
Enemy's Green uses Synthesis! Recovery: 33
Your Yellow: HP 30 || Enemy's Green: HP 69
--------------------------------------------------
Round 21
Select your action (0 for escape, 1 for skill, 2 for change): Select your action (0 for escape, 1 for skill, 2 for change): Select the skill (0 for back, 1 for Quick, 2 for Volt, 3 for Thunder): Your Yellow uses Quick! Damage: 15
Enemy's Green uses Leaf! Damage: 20
Your Yellow: HP 10 || Enemy's Green: HP 54
--------------------------------------------------
Round 22
Select your action (0 for escape, 1 for skill, 2 for change): Select your action (0 for escape, 1 for skill, 2 for change): Select your action (0 for escape, 1 for skill, 2 for change): Select your action (0 for escape, 1 for skill, 2 for change): Select your action (0 for escape, 1 for skill, 2 for change): Select the skill (0 for back, 1 for Quick, 2 for Volt, 3 for Thunder): Your Yellow uses Quick! Damage: 15
Enemy's Green uses Leaf! Damage: 20
Your Yellow is beaten
Select your next slime (1 for Red-HP90): You sends Red
Your Red: HP 90 || Enemy's Green: HP 39
--------------------------------------------------
Round 23
Select your action (0 for escape, 1 for skill): Select your action (0 for escape, 1 for skill): Select the skill (0 for back, 1 for Claw, 2 for Flame, 3 for Sunny): Select the skill (0 for back, 1 for Claw, 2 for Flame, 3 for Sunny): Enemy sends Blue
Your Red uses Flame! Damage: 9
Your Red: HP 90 || Enemy's Blue: HP 84
--------------------------------------------------
Round 24
Select your action (0 for escape, 1 for skill): Select your action (0 for escape, 1 for skill): Select your action (0 for escape, 1 for skill): Select your action (0 for escape, 1 for skill): Select your action (0 for escape, 1 for skill): Select your action (0 for escape, 1 for skill): Select your action (0 for escape, 1 for skill): Select your action (0 for escape, 1 for skill): Select your action (0 for escape, 1 for skill): Select the skill (0 for back, 1 for Claw, 2 for Flame, 3 for Sunny): Select the skill (0 for back, 1 for Claw, 2 for Flame, 3 for Sunny): Select the skill (0 for back, 1 for Claw, 2 for Flame, 3 for Sunny): Your Red uses Sunny! Weather becomes sunny
Enemy's Blue uses Rainy! Weather becomes rainy
Your Red: HP 90 || Enemy's Blue: HP 84
--------------------------------------------------
Round 25
Select your action (0 for escape, 1 for skill): Select your action (0 for escape, 1 for skill): Select your action (0 for escape, 1 for skill): Select your action (0 for escape, 1 for skill): Select your action (0 for escape, 1 for skill): Select the skill (0 for back, 1 for Claw, 2 for Flame, 3 for Sunny): Select the skill (0 for back, 1 for Claw, 2 for Flame, 3 for Sunny): Your Red uses Sunny! Weather becomes sunny
Enemy's Blue uses Stream! Damage: 20
Your Red: HP 70 || Enemy's Blue: HP 84
--------------------------------------------------
Round 26
Select your action (0 for escape, 1 for skill): Select your action (0 for escape, 1 for skill): Select your action (0 for escape, 1 for skill): Select your action (0 for escape, 1 for skill): Select your action (0 for escape, 1 for skill): Select your action (0 for escape, 1 for skill): Select your action (0 for escape, 1 for skill): Select your action (0 for escape, 1 for skill): Select your action (0 for escape, 1 for skill): Select your action (0 for escape, 1 for skill): Select your action (0 for escape, 1 for skill): Select your action (0 for escape, 1 for skill): Select your action (0 for escape, 1 for skill): Select your action (0 for escape, 1 for skill): Select your action (0 for escape, 1 for skill): Select your action (0 for escape, 1 for skill): Select the skill (0 for back, 1 for Claw, 2 for Flame, 3 for Sunny): Enemy's Blue uses Rainy! Weather becomes rainy
Your Red uses Claw! Damage: 13
Your Red: HP 70 || Enemy's Blue: HP 71
--------------------------------------------------
Round 27
Select your action (0 for escape, 1 for skill): Select your action (0 for escape, 1 for skill): Select your action (0 for escape, 1 for skill): Select your action (0 for escape, 1 for skill): Select the skill (0 for back, 1 for Claw, 2 for Flame, 3 for Sunny): Select the skill (0 for back, 1 for Claw, 2 for Flame, 3 for Sunny): Your Red uses Claw! Damage: 13
Enemy's Blue uses Stream! Damage: 60
Your Red: HP 10 || Enemy's Blue: HP 58
--------------------------------------------------
Round 28
Select your action (0 for escape, 1 for skill): Select your action (0 for escape, 1 for skill): Select your action (0 for escape, 1 for skill): Select the skill (0 for back, 1 for Claw, 2 for Flame, 3 for Sunny): Your Red uses Claw! Damage: 13
Enemy's Blue uses Stream! Damage: 60
Your Red is beaten
You Lose