Welcome to Battle of Slimes 2!
Enemy has Blue, Green, Yellow, starting with Blue
You can select three from five (1 for Green, 2 for Red, 3 for Blue, 4 for Yellow, 5 for Pink).
Select your 1st slime: Select your 2nd slime: Select your 3rd slime: Select your 3rd slime: Select your 3rd slime: You have Green, Red, Pink, starting with Green
Your Green: HP 110 || Enemy's Blue: HP 100
Battle starts!
--------------------------------------------------
Round 1
Select your action (0 for escape, 1 for skill, 2 for change): Select the skill (0 for back, 1 for Tackle, 2 for Leaf, 3 for Synthesis): Enemy's Blue uses Rainy! Weather becomes rainy
Your Green uses Synthesis! Recovery: 22
Your Green: HP 110 || Enemy's Blue: HP 100
--------------------------------------------------
Round 2
Select your action (0 for escape, 1 for skill, 2 for change): Select your action (0 for escape, 1 for skill, 2 for change): Select your action (0 for escape, 1 for skill, 2 for change): Select your action (0 for escape, 1 for skill, 2 for change): Select your next slime (0 for back, 2 for Red-HP100, 3 for Pink-HP120): Enemy sends Green
You sends Red
Your Red: HP 100 || Enemy's Green: HP 110
--------------------------------------------------
Round 3
Select your action (0 for escape, 1 for skill, 2 for change): Select the skill (0 for back, 1 for Claw, 2 for Flame, 3 for Sunny): Select the skill (0 for back, 1 for Claw, 2 for Flame, 3 for Sunny): Enemy sends Blue
Your Red uses Claw! Damage: 13
Your Red: HP 100 || Enemy's Blue: HP 87
--------------------------------------------------
Round 4
Select your action (0 for escape, 1 for skill, 2 for change): Select your action (0 for escape, 1 for skill, 2 for change): Select your action (0 for escape, 1 for skill, 2 for change): Select your action (0 for escape, 1 for skill, 2 for change): Select your action (0 for escape, 1 for skill, 2 for change): Select the skill (0 for back, 1 for Claw, 2 for Flame, 3 for Sunny): Your Red uses Sunny! Weather becomes sunny
Enemy's Blue uses Stream! Damage: 20
Your Red: HP 80 || Enemy's Blue: HP 87
--------------------------------------------------
Round 5
Select your action (0 for escape, 1 for skill, 2 for change): Select your next slime (0 for back, 1 for Green-HP110, 3 for Pink-HP120): Select your next slime (0 for back, 1 for Green-HP110, 3 for Pink-HP120): Select your next slime (0 for back, 1 for Green-HP110, 3 for Pink-HP120): Select your next slime (0 for back, 1 for Green-HP110, 3 for Pink-HP120): You sends Pink
Enemy's Blue uses Rainy! Weather becomes rainy
Your Pink: HP 120 || Enemy's Blue: HP 87
--------------------------------------------------
Round 6
Select your action (0 for escape, 1 for skill, 2 for change): Select the skill (0 for back, 1 for Slap, 2 for Sing, 3 for Paint): Enemy's Blue uses Stream! Damage: 38
Your Pink uses Paint! Failure
Your Pink: HP 82 || Enemy's Blue: HP 87
--------------------------------------------------
Round 7
Select your action (0 for escape, 1 for skill, 2 for change): Select your action (0 for escape, 1 for skill, 2 for change): Select your action (0 for escape, 1 for skill, 2 for change): Select your action (0 for escape, 1 for skill, 2 for change): Select your next slime (0 for back, 1 for Green-HP110, 2 for Red-HP80): Select your next slime (0 for back, 1 for Green-HP110, 2 for Red-HP80): You sends Red
Enemy's Blue uses Stream! Damage: 60
Your Red: HP 20 || Enemy's Blue: HP 87
--------------------------------------------------
Round 8
Select your action (0 for escape, 1 for skill, 2 for change): Select your action (0 for escape, 1 for skill, 2 for change): Select your action (0 for escape, 1 for skill, 2 for change): Select your action (0 for escape, 1 for skill, 2 for change): Select your next slime (0 for back, 1 for Green-HP110, 3 for Pink-HP82): You sends Pink
Enemy's Blue uses Stream! Damage: 38
Your Pink: HP 44 || Enemy's Blue: HP 87
--------------------------------------------------
Round 9
Select your action (0 for escape, 1 for skill, 2 for change): You Escape