Welcome to Battle of Slimes 2!
Enemy has Blue, Green, Yellow, starting with Blue
You can select three from five (1 for Green, 2 for Red, 3 for Blue, 4 for Yellow, 5 for Pink).
Select your 1st slime: Select your 2nd slime: Select your 3rd slime: Select your 3rd slime: You have Pink, Red, Yellow, starting with Pink
Your Pink: HP 120 || Enemy's Blue: HP 100
Battle starts!
--------------------------------------------------
Round 1
Select your action (0 for escape, 1 for skill, 2 for change): Select your action (0 for escape, 1 for skill, 2 for change): Select your action (0 for escape, 1 for skill, 2 for change): Select your action (0 for escape, 1 for skill, 2 for change): Select your action (0 for escape, 1 for skill, 2 for change): Select the skill (0 for back, 1 for Slap, 2 for Sing, 3 for Paint): Enemy's Blue uses Rainy! Weather becomes rainy
Your Pink uses Slap! Damage: 10
Your Pink: HP 120 || Enemy's Blue: HP 90
--------------------------------------------------
Round 2
Select your action (0 for escape, 1 for skill, 2 for change): Select your action (0 for escape, 1 for skill, 2 for change): Select your action (0 for escape, 1 for skill, 2 for change): Select your action (0 for escape, 1 for skill, 2 for change): Select your action (0 for escape, 1 for skill, 2 for change): Select your action (0 for escape, 1 for skill, 2 for change): Select your action (0 for escape, 1 for skill, 2 for change): Select your next slime (0 for back, 2 for Red-HP100, 3 for Yellow-HP90): Select your next slime (0 for back, 2 for Red-HP100, 3 for Yellow-HP90): Select your next slime (0 for back, 2 for Red-HP100, 3 for Yellow-HP90): You sends Yellow
Enemy's Blue uses Stream! Damage: 30
Your Yellow: HP 60 || Enemy's Blue: HP 90
--------------------------------------------------
Round 3
Select your action (0 for escape, 1 for skill, 2 for change): Select the skill (0 for back, 1 for Quick, 2 for Volt, 3 for Thunder): Enemy sends Green
Your Yellow uses Quick! Damage: 15
Your Yellow: HP 60 || Enemy's Green: HP 95
--------------------------------------------------
Round 4
Select your action (0 for escape, 1 for skill, 2 for change): Select your action (0 for escape, 1 for skill, 2 for change): Select your action (0 for escape, 1 for skill, 2 for change): Select the skill (0 for back, 1 for Quick, 2 for Volt, 3 for Thunder): Your Yellow uses Thunder! Damage: 25
Enemy's Green uses Leaf! Damage: 20
Your Yellow: HP 40 || Enemy's Green: HP 70
--------------------------------------------------
Round 5
Select your action (0 for escape, 1 for skill, 2 for change): Select your action (0 for escape, 1 for skill, 2 for change): Select your action (0 for escape, 1 for skill, 2 for change): Select your next slime (0 for back, 1 for Pink-HP120, 2 for Red-HP100): You sends Red
Enemy's Green uses Leaf! Damage: 10
Your Red: HP 90 || Enemy's Green: HP 70
--------------------------------------------------
Weather becomes normal
Round 6
Select your action (0 for escape, 1 for skill, 2 for change): Select your action (0 for escape, 1 for skill, 2 for change): Select your action (0 for escape, 1 for skill, 2 for change): Select your action (0 for escape, 1 for skill, 2 for change): Select the skill (0 for back, 1 for Claw, 2 for Flame, 3 for Sunny): Select the skill (0 for back, 1 for Claw, 2 for Flame, 3 for Sunny): Enemy sends Blue
Your Red uses Sunny! Weather becomes sunny
Your Red: HP 90 || Enemy's Blue: HP 90
--------------------------------------------------
Round 7
Select your action (0 for escape, 1 for skill, 2 for change): Select your action (0 for escape, 1 for skill, 2 for change): Select your action (0 for escape, 1 for skill, 2 for change): Select your next slime (0 for back, 1 for Pink-HP120, 3 for Yellow-HP40): Select your next slime (0 for back, 1 for Pink-HP120, 3 for Yellow-HP40): Select your next slime (0 for back, 1 for Pink-HP120, 3 for Yellow-HP40): You sends Yellow
Enemy's Blue uses Rainy! Weather becomes rainy
Your Yellow: HP 40 || Enemy's Blue: HP 90
--------------------------------------------------
Round 8
Select your action (0 for escape, 1 for skill, 2 for change): Select the skill (0 for back, 1 for Quick, 2 for Volt, 3 for Thunder): Enemy sends Green
Your Yellow uses Quick! Damage: 15
Your Yellow: HP 40 || Enemy's Green: HP 55
--------------------------------------------------
Round 9
Select your action (0 for escape, 1 for skill, 2 for change): Select your action (0 for escape, 1 for skill, 2 for change): Select your action (0 for escape, 1 for skill, 2 for change): Select your action (0 for escape, 1 for skill, 2 for change): Select your action (0 for escape, 1 for skill, 2 for change): Select your action (0 for escape, 1 for skill, 2 for change): Select your action (0 for escape, 1 for skill, 2 for change): Select your next slime (0 for back, 1 for Pink-HP120, 2 for Red-HP90): Select your next slime (0 for back, 1 for Pink-HP120, 2 for Red-HP90): You sends Pink
Enemy's Green uses Leaf! Damage: 25
Your Pink: HP 95 || Enemy's Green: HP 55
--------------------------------------------------
Round 10
Select your action (0 for escape, 1 for skill, 2 for change): Select your action (0 for escape, 1 for skill, 2 for change): Select your action (0 for escape, 1 for skill, 2 for change): Select your next slime (0 for back, 2 for Red-HP90, 3 for Yellow-HP40): Select your next slime (0 for back, 2 for Red-HP90, 3 for Yellow-HP40): Select your next slime (0 for back, 2 for Red-HP90, 3 for Yellow-HP40): You sends Yellow
Enemy's Green uses Leaf! Damage: 20
Your Yellow: HP 20 || Enemy's Green: HP 55
--------------------------------------------------
Round 11
Select your action (0 for escape, 1 for skill, 2 for change): Select your action (0 for escape, 1 for skill, 2 for change): Select your action (0 for escape, 1 for skill, 2 for change): Select your action (0 for escape, 1 for skill, 2 for change): Select your action (0 for escape, 1 for skill, 2 for change): Select your next slime (0 for back, 1 for Pink-HP95, 2 for Red-HP90): You sends Red
Enemy's Green uses Leaf! Damage: 10
Your Red: HP 80 || Enemy's Green: HP 55
--------------------------------------------------
Weather becomes normal
Round 12
Select your action (0 for escape, 1 for skill, 2 for change): Select your action (0 for escape, 1 for skill, 2 for change): Select your next slime (0 for back, 1 for Pink-HP95, 3 for Yellow-HP20): Enemy sends Blue
You sends Yellow
Your Yellow: HP 20 || Enemy's Blue: HP 90
--------------------------------------------------
Round 13
Select your action (0 for escape, 1 for skill, 2 for change): Select your next slime (0 for back, 1 for Pink-HP95, 2 for Red-HP80): Select your next slime (0 for back, 1 for Pink-HP95, 2 for Red-HP80): Select your next slime (0 for back, 1 for Pink-HP95, 2 for Red-HP80): Enemy sends Green
You sends Red
Your Red: HP 80 || Enemy's Green: HP 55
--------------------------------------------------
Round 14
Select your action (0 for escape, 1 for skill, 2 for change): Select the skill (0 for back, 1 for Claw, 2 for Flame, 3 for Sunny): Enemy sends Blue
Your Red uses Sunny! Weather becomes sunny
Your Red: HP 80 || Enemy's Blue: HP 90
--------------------------------------------------
Round 15
Select your action (0 for escape, 1 for skill, 2 for change): Select your next slime (0 for back, 1 for Pink-HP95, 3 for Yellow-HP20): Select your next slime (0 for back, 1 for Pink-HP95, 3 for Yellow-HP20): Select your next slime (0 for back, 1 for Pink-HP95, 3 for Yellow-HP20): Select your next slime (0 for back, 1 for Pink-HP95, 3 for Yellow-HP20): Select your next slime (0 for back, 1 for Pink-HP95, 3 for Yellow-HP20): Select your next slime (0 for back, 1 for Pink-HP95, 3 for Yellow-HP20): Select your next slime (0 for back, 1 for Pink-HP95, 3 for Yellow-HP20): Select your next slime (0 for back, 1 for Pink-HP95, 3 for Yellow-HP20): Select your next slime (0 for back, 1 for Pink-HP95, 3 for Yellow-HP20): Select your next slime (0 for back, 1 for Pink-HP95, 3 for Yellow-HP20): Select your next slime (0 for back, 1 for Pink-HP95, 3 for Yellow-HP20): You sends Yellow
Enemy's Blue uses Rainy! Weather becomes rainy
Your Yellow: HP 20 || Enemy's Blue: HP 90
--------------------------------------------------
Round 16
Select your action (0 for escape, 1 for skill, 2 for change): Select the skill (0 for back, 1 for Quick, 2 for Volt, 3 for Thunder): Enemy sends Green
Your Yellow uses Quick! Damage: 15
Your Yellow: HP 20 || Enemy's Green: HP 40
--------------------------------------------------
Round 17
Select your action (0 for escape, 1 for skill, 2 for change): Select the skill (0 for back, 1 for Quick, 2 for Volt, 3 for Thunder): Your Yellow uses Quick! Damage: 15
Enemy's Green uses Synthesis! Recovery: 22
Your Yellow: HP 20 || Enemy's Green: HP 47
--------------------------------------------------
Round 18
Select your action (0 for escape, 1 for skill, 2 for change): Select your next slime (0 for back, 1 for Pink-HP95, 2 for Red-HP80): Select your next slime (0 for back, 1 for Pink-HP95, 2 for Red-HP80): Select your next slime (0 for back, 1 for Pink-HP95, 2 for Red-HP80): You sends Red
Enemy's Green uses Synthesis! Recovery: 22
Your Red: HP 80 || Enemy's Green: HP 69
--------------------------------------------------
Round 19
Select your action (0 for escape, 1 for skill, 2 for change): Select your action (0 for escape, 1 for skill, 2 for change): Select your action (0 for escape, 1 for skill, 2 for change): Select your next slime (0 for back, 1 for Pink-HP95, 3 for Yellow-HP20): Enemy sends Blue
You sends Pink
Your Pink: HP 95 || Enemy's Blue: HP 90
--------------------------------------------------
Weather becomes normal
Round 20
Select your action (0 for escape, 1 for skill, 2 for change): Select your action (0 for escape, 1 for skill, 2 for change): Select your next slime (0 for back, 2 for Red-HP80, 3 for Yellow-HP20): Select your next slime (0 for back, 2 for Red-HP80, 3 for Yellow-HP20): Select your next slime (0 for back, 2 for Red-HP80, 3 for Yellow-HP20): You sends Yellow
Enemy's Blue uses Rainy! Weather becomes rainy
Your Yellow: HP 20 || Enemy's Blue: HP 90
--------------------------------------------------
Round 21
Select your action (0 for escape, 1 for skill, 2 for change): Select your action (0 for escape, 1 for skill, 2 for change): Select your next slime (0 for back, 1 for Pink-HP95, 2 for Red-HP80): Select your next slime (0 for back, 1 for Pink-HP95, 2 for Red-HP80): Enemy sends Green
You sends Pink
Your Pink: HP 95 || Enemy's Green: HP 69
--------------------------------------------------
Round 22
Select your action (0 for escape, 1 for skill, 2 for change): Select your action (0 for escape, 1 for skill, 2 for change): Select your next slime (0 for back, 2 for Red-HP80, 3 for Yellow-HP20): Select your next slime (0 for back, 2 for Red-HP80, 3 for Yellow-HP20): You sends Yellow
Enemy's Green uses Leaf! Damage: 20
Your Yellow is beaten
Select your next slime (1 for Pink-HP95, 2 for Red-HP80): You sends Red
Your Red: HP 80 || Enemy's Green: HP 69
--------------------------------------------------
Round 23
Select your action (0 for escape, 1 for skill, 2 for change): Select the skill (0 for back, 1 for Claw, 2 for Flame, 3 for Sunny): Select the skill (0 for back, 1 for Claw, 2 for Flame, 3 for Sunny): Enemy sends Blue
Your Red uses Sunny! Weather becomes sunny
Your Red: HP 80 || Enemy's Blue: HP 90
--------------------------------------------------
Round 24
Select your action (0 for escape, 1 for skill, 2 for change): Select the skill (0 for back, 1 for Claw, 2 for Flame, 3 for Sunny): Enemy's Blue uses Rainy! Weather becomes rainy
Your Red uses Claw! Damage: 13
Your Red: HP 80 || Enemy's Blue: HP 77
--------------------------------------------------
Round 25
Select your action (0 for escape, 1 for skill, 2 for change): Select the skill (0 for back, 1 for Claw, 2 for Flame, 3 for Sunny): Your Red uses Flame! Damage: 4
Enemy's Blue uses Stream! Damage: 60
Your Red: HP 20 || Enemy's Blue: HP 73
--------------------------------------------------
Round 26
Select your action (0 for escape, 1 for skill, 2 for change): Select the skill (0 for back, 1 for Claw, 2 for Flame, 3 for Sunny): Your Red uses Flame! Damage: 4
Enemy's Blue uses Stream! Damage: 60
Your Red is beaten
Select your next slime (1 for Pink-HP95): Select your next slime (1 for Pink-HP95): Select your next slime (1 for Pink-HP95): You sends Pink
Your Pink: HP 95 || Enemy's Blue: HP 69
--------------------------------------------------
Round 27
Select your action (0 for escape, 1 for skill): Select your action (0 for escape, 1 for skill): Select your action (0 for escape, 1 for skill): Select your action (0 for escape, 1 for skill): Select the skill (0 for back, 1 for Slap, 2 for Sing, 3 for Paint): Enemy's Blue uses Stream! Damage: 38
Your Pink uses Paint! Failure
Your Pink: HP 57 || Enemy's Blue: HP 69
--------------------------------------------------
Round 28
Select your action (0 for escape, 1 for skill): Select your action (0 for escape, 1 for skill): Select the skill (0 for back, 1 for Slap, 2 for Sing, 3 for Paint): Enemy's Blue uses Stream! Damage: 38
Your Pink uses Paint! Failure
Your Pink: HP 19 || Enemy's Blue: HP 69
--------------------------------------------------
Weather becomes normal
Round 29
Select your action (0 for escape, 1 for skill): Select the skill (0 for back, 1 for Slap, 2 for Sing, 3 for Paint): Select the skill (0 for back, 1 for Slap, 2 for Sing, 3 for Paint): Select the skill (0 for back, 1 for Slap, 2 for Sing, 3 for Paint): Select the skill (0 for back, 1 for Slap, 2 for Sing, 3 for Paint): Enemy's Blue uses Rainy! Weather becomes rainy
Your Pink uses Sing! Enemy's Blue falls asleep
Your Pink: HP 19 || Enemy's Blue: HP 69
--------------------------------------------------
Round 30
Select your action (0 for escape, 1 for skill): Select the skill (0 for back, 1 for Slap, 2 for Sing, 3 for Paint): Enemy's Blue is sleeping!
Your Pink uses Paint! Enemy's Blue is painted
Your Pink: HP 19 || Enemy's Blue: HP 69
--------------------------------------------------
Round 31
Select your action (0 for escape, 1 for skill): Select your action (0 for escape, 1 for skill): Select your action (0 for escape, 1 for skill): Select the skill (0 for back, 1 for Slap, 2 for Sing, 3 for Paint): Enemy's Blue is sleeping!
Your Pink uses Sing! Waste
Your Pink: HP 19 || Enemy's Blue: HP 69
--------------------------------------------------
Enemy's Blue wakes up
Round 32
Select your action (0 for escape, 1 for skill): Select your action (0 for escape, 1 for skill): Select your action (0 for escape, 1 for skill): Select your action (0 for escape, 1 for skill): Select your action (0 for escape, 1 for skill): Select your action (0 for escape, 1 for skill): Select your action (0 for escape, 1 for skill): Select your action (0 for escape, 1 for skill): Select your action (0 for escape, 1 for skill): Select your action (0 for escape, 1 for skill): Select your action (0 for escape, 1 for skill): Select the skill (0 for back, 1 for Slap, 2 for Sing, 3 for Paint): Enemy's Blue uses Stream! Damage: 38
Your Pink is beaten
You Lose