Welcome to Battle of Slimes 2!
Enemy has Blue, Green, Yellow, starting with Blue
You can select three from five (1 for Green, 2 for Red, 3 for Blue, 4 for Yellow, 5 for Pink).
Select your 1st slime: Select your 2nd slime: Select your 2nd slime: Select your 3rd slime: Select your 3rd slime: Select your 3rd slime: Select your 3rd slime: You have Pink, Blue, Red, starting with Pink
Your Pink: HP 120 || Enemy's Blue: HP 100
Battle starts!
--------------------------------------------------
Round 1
Select your action (0 for escape, 1 for skill, 2 for change): Select your action (0 for escape, 1 for skill, 2 for change): Select the skill (0 for back, 1 for Slap, 2 for Sing, 3 for Paint): Enemy's Blue uses Rainy! Weather becomes rainy
Your Pink uses Slap! Damage: 10
Your Pink: HP 120 || Enemy's Blue: HP 90
--------------------------------------------------
Round 2
Select your action (0 for escape, 1 for skill, 2 for change): Select your action (0 for escape, 1 for skill, 2 for change): Select your next slime (0 for back, 2 for Blue-HP100, 3 for Red-HP100): Select your next slime (0 for back, 2 for Blue-HP100, 3 for Red-HP100): You sends Blue
Enemy's Blue uses Stream! Damage: 11
Your Blue: HP 89 || Enemy's Blue: HP 90
--------------------------------------------------
Round 3
Select your action (0 for escape, 1 for skill, 2 for change): Select your next slime (0 for back, 1 for Pink-HP120, 3 for Red-HP100): You sends Pink
Enemy's Blue uses Tackle! Damage: 25
Your Pink: HP 95 || Enemy's Blue: HP 90
--------------------------------------------------
Round 4
Select your action (0 for escape, 1 for skill, 2 for change): Select your next slime (0 for back, 2 for Blue-HP89, 3 for Red-HP100): You sends Blue
Enemy's Blue uses Stream! Damage: 11
Your Blue: HP 78 || Enemy's Blue: HP 90
--------------------------------------------------
Round 5
Select your action (0 for escape, 1 for skill, 2 for change): Select the skill (0 for back, 1 for Tackle, 2 for Stream, 3 for Rainy): Select the skill (0 for back, 1 for Tackle, 2 for Stream, 3 for Rainy): Your Blue uses Rainy! Weather becomes rainy
Enemy's Blue uses Tackle! Damage: 14
Your Blue: HP 64 || Enemy's Blue: HP 90
--------------------------------------------------
Round 6
Select your action (0 for escape, 1 for skill, 2 for change): Select your next slime (0 for back, 1 for Pink-HP95, 3 for Red-HP100): You sends Pink
Enemy's Blue uses Tackle! Damage: 25
Your Pink: HP 70 || Enemy's Blue: HP 90
--------------------------------------------------
Round 7
Select your action (0 for escape, 1 for skill, 2 for change): Select your action (0 for escape, 1 for skill, 2 for change): Select your action (0 for escape, 1 for skill, 2 for change): Select your action (0 for escape, 1 for skill, 2 for change): Select your action (0 for escape, 1 for skill, 2 for change): Select your action (0 for escape, 1 for skill, 2 for change): Select your next slime (0 for back, 2 for Blue-HP64, 3 for Red-HP100): Select your next slime (0 for back, 2 for Blue-HP64, 3 for Red-HP100): You sends Red
Enemy's Blue uses Stream! Damage: 60
Your Red: HP 40 || Enemy's Blue: HP 90
--------------------------------------------------
Round 8
Select your action (0 for escape, 1 for skill, 2 for change): Select the skill (0 for back, 1 for Claw, 2 for Flame, 3 for Sunny): Your Red uses Claw! Damage: 13
Enemy's Blue uses Stream! Damage: 60
Your Red is beaten
Select your next slime (1 for Pink-HP70, 2 for Blue-HP64): Select your next slime (1 for Pink-HP70, 2 for Blue-HP64): You sends Blue
Your Blue: HP 64 || Enemy's Blue: HP 77
--------------------------------------------------
Round 9
Select your action (0 for escape, 1 for skill, 2 for change): Select your next slime (0 for back, 1 for Pink-HP70): Select your next slime (0 for back, 1 for Pink-HP70): Select your next slime (0 for back, 1 for Pink-HP70): Select your next slime (0 for back, 1 for Pink-HP70): Select your next slime (0 for back, 1 for Pink-HP70): Select your next slime (0 for back, 1 for Pink-HP70): Select your next slime (0 for back, 1 for Pink-HP70): You sends Pink
Enemy's Blue uses Tackle! Damage: 25
Your Pink: HP 45 || Enemy's Blue: HP 77
--------------------------------------------------
Weather becomes normal
Round 10
Select your action (0 for escape, 1 for skill, 2 for change): Select your next slime (0 for back, 2 for Blue-HP64): Select your next slime (0 for back, 2 for Blue-HP64): Select your next slime (0 for back, 2 for Blue-HP64): Select your next slime (0 for back, 2 for Blue-HP64): Select your next slime (0 for back, 2 for Blue-HP64): Select your next slime (0 for back, 2 for Blue-HP64): Select your next slime (0 for back, 2 for Blue-HP64): Select your next slime (0 for back, 2 for Blue-HP64): Select your next slime (0 for back, 2 for Blue-HP64): Select your next slime (0 for back, 2 for Blue-HP64): Select your next slime (0 for back, 2 for Blue-HP64): Select your next slime (0 for back, 2 for Blue-HP64): Select your next slime (0 for back, 2 for Blue-HP64): Select your next slime (0 for back, 2 for Blue-HP64): Select your next slime (0 for back, 2 for Blue-HP64): You sends Blue
Enemy's Blue uses Rainy! Weather becomes rainy
Your Blue: HP 64 || Enemy's Blue: HP 77
--------------------------------------------------
Round 11
Select your action (0 for escape, 1 for skill, 2 for change): Select the skill (0 for back, 1 for Tackle, 2 for Stream, 3 for Rainy): Enemy's Blue uses Tackle! Damage: 14
Your Blue uses Stream! Damage: 11
Your Blue: HP 50 || Enemy's Blue: HP 66
--------------------------------------------------
Round 12
Select your action (0 for escape, 1 for skill, 2 for change): Select the skill (0 for back, 1 for Tackle, 2 for Stream, 3 for Rainy): Enemy's Blue uses Tackle! Damage: 14
Your Blue uses Tackle! Damage: 14
Your Blue: HP 36 || Enemy's Blue: HP 52
--------------------------------------------------
Round 13
Select your action (0 for escape, 1 for skill, 2 for change): Select your next slime (0 for back, 1 for Pink-HP45): Select your next slime (0 for back, 1 for Pink-HP45): Select your next slime (0 for back, 1 for Pink-HP45): Select your next slime (0 for back, 1 for Pink-HP45): Select your next slime (0 for back, 1 for Pink-HP45): Select your next slime (0 for back, 1 for Pink-HP45): Select your next slime (0 for back, 1 for Pink-HP45): Select your next slime (0 for back, 1 for Pink-HP45): Select your next slime (0 for back, 1 for Pink-HP45): Select your next slime (0 for back, 1 for Pink-HP45): Select your next slime (0 for back, 1 for Pink-HP45): Select your next slime (0 for back, 1 for Pink-HP45): Select your next slime (0 for back, 1 for Pink-HP45): Select your next slime (0 for back, 1 for Pink-HP45): Select your next slime (0 for back, 1 for Pink-HP45): Select your next slime (0 for back, 1 for Pink-HP45): Select your next slime (0 for back, 1 for Pink-HP45): Select your next slime (0 for back, 1 for Pink-HP45): Select your next slime (0 for back, 1 for Pink-HP45): Select your next slime (0 for back, 1 for Pink-HP45): Select your action (0 for escape, 1 for skill, 2 for change): Select your next slime (0 for back, 1 for Pink-HP45): Select your next slime (0 for back, 1 for Pink-HP45): Select your next slime (0 for back, 1 for Pink-HP45): You sends Pink
Enemy's Blue uses Tackle! Damage: 25
Your Pink: HP 20 || Enemy's Blue: HP 52
--------------------------------------------------
Round 14
Select your action (0 for escape, 1 for skill, 2 for change): Select your action (0 for escape, 1 for skill, 2 for change): Select the skill (0 for back, 1 for Slap, 2 for Sing, 3 for Paint): Enemy's Blue uses Stream! Damage: 38
Your Pink is beaten
Select your next slime (2 for Blue-HP36): Select your next slime (2 for Blue-HP36): Select your next slime (2 for Blue-HP36): Select your next slime (2 for Blue-HP36): You sends Blue
Your Blue: HP 36 || Enemy's Blue: HP 52
--------------------------------------------------
Weather becomes normal
Round 15
Select your action (0 for escape, 1 for skill): Select your action (0 for escape, 1 for skill): Select your action (0 for escape, 1 for skill): Select your action (0 for escape, 1 for skill): Select your action (0 for escape, 1 for skill): Select your action (0 for escape, 1 for skill): Select your action (0 for escape, 1 for skill): Select your action (0 for escape, 1 for skill): Select your action (0 for escape, 1 for skill): Select your action (0 for escape, 1 for skill): Select your action (0 for escape, 1 for skill): Select the skill (0 for back, 1 for Tackle, 2 for Stream, 3 for Rainy): Enemy's Blue uses Tackle! Damage: 14
Your Blue uses Tackle! Damage: 14
Your Blue: HP 22 || Enemy's Blue: HP 38
--------------------------------------------------
Round 16
Select your action (0 for escape, 1 for skill): You Escape