Welcome to Battle of Slimes 2!
Enemy has Blue, Green, Yellow, starting with Blue
You can select three from five (1 for Green, 2 for Red, 3 for Blue, 4 for Yellow, 5 for Pink).
Select your 1st slime: Select your 2nd slime: Select your 3rd slime: You have Pink, Yellow, Green, starting with Pink
Your Pink: HP 120 || Enemy's Blue: HP 100
Battle starts!
--------------------------------------------------
Round 1
Select your action (0 for escape, 1 for skill, 2 for change): Select your action (0 for escape, 1 for skill, 2 for change): Select your next slime (0 for back, 2 for Yellow-HP90, 3 for Green-HP110): You sends Yellow
Enemy's Blue uses Rainy! Weather becomes rainy
Your Yellow: HP 90 || Enemy's Blue: HP 100
--------------------------------------------------
Round 2
Select your action (0 for escape, 1 for skill, 2 for change): Select your action (0 for escape, 1 for skill, 2 for change): Select your action (0 for escape, 1 for skill, 2 for change): Select your next slime (0 for back, 1 for Pink-HP120, 3 for Green-HP110): Enemy sends Green
You sends Pink
Your Pink: HP 120 || Enemy's Green: HP 110
--------------------------------------------------
Round 3
Select your action (0 for escape, 1 for skill, 2 for change): Select your next slime (0 for back, 2 for Yellow-HP90, 3 for Green-HP110): You sends Green
Enemy's Green uses Leaf! Damage: 10
Your Green: HP 100 || Enemy's Green: HP 110
--------------------------------------------------
Round 4
Select your action (0 for escape, 1 for skill, 2 for change): Select your action (0 for escape, 1 for skill, 2 for change): Select your action (0 for escape, 1 for skill, 2 for change): Select your action (0 for escape, 1 for skill, 2 for change): Select your action (0 for escape, 1 for skill, 2 for change): Select your action (0 for escape, 1 for skill, 2 for change): Select your action (0 for escape, 1 for skill, 2 for change): Select the skill (0 for back, 1 for Tackle, 2 for Leaf, 3 for Synthesis): Enemy's Green uses Tackle! Damage: 20
Your Green uses Leaf! Damage: 10
Your Green: HP 80 || Enemy's Green: HP 100
--------------------------------------------------
Round 5
Select your action (0 for escape, 1 for skill, 2 for change): Select your action (0 for escape, 1 for skill, 2 for change): Select your action (0 for escape, 1 for skill, 2 for change): Select your action (0 for escape, 1 for skill, 2 for change): Select your next slime (0 for back, 1 for Pink-HP120, 2 for Yellow-HP90): Select your next slime (0 for back, 1 for Pink-HP120, 2 for Yellow-HP90): You sends Yellow
Enemy's Green uses Tackle! Damage: 20
Your Yellow: HP 70 || Enemy's Green: HP 100
--------------------------------------------------
Weather becomes normal
Round 6
Select your action (0 for escape, 1 for skill, 2 for change): Select your action (0 for escape, 1 for skill, 2 for change): Select your action (0 for escape, 1 for skill, 2 for change): Select your next slime (0 for back, 1 for Pink-HP120, 3 for Green-HP80): Select your next slime (0 for back, 1 for Pink-HP120, 3 for Green-HP80): Select your next slime (0 for back, 1 for Pink-HP120, 3 for Green-HP80): You sends Pink
Enemy's Green uses Leaf! Damage: 25
Your Pink: HP 95 || Enemy's Green: HP 100
--------------------------------------------------
Round 7
Select your action (0 for escape, 1 for skill, 2 for change): Select your action (0 for escape, 1 for skill, 2 for change): Select the skill (0 for back, 1 for Slap, 2 for Sing, 3 for Paint): Select the skill (0 for back, 1 for Slap, 2 for Sing, 3 for Paint): Select the skill (0 for back, 1 for Slap, 2 for Sing, 3 for Paint): Enemy's Green uses Leaf! Damage: 25
Your Pink uses Slap! Damage: 14
Your Pink: HP 70 || Enemy's Green: HP 86
--------------------------------------------------
Round 8
Select your action (0 for escape, 1 for skill, 2 for change): You Escape