Welcome to Battle of Slimes 2!
Enemy has Blue, Green, Yellow, starting with Blue
You can select three from five (1 for Green, 2 for Red, 3 for Blue, 4 for Yellow, 5 for Pink).
Select your 1st slime: Select your 2nd slime: Select your 3rd slime: You have Green, Blue, Red, starting with Green
Your Green: HP 110 || Enemy's Blue: HP 100
Battle starts!
--------------------------------------------------
Round 1
Select your action (0 for escape, 1 for skill, 2 for change): Select your action (0 for escape, 1 for skill, 2 for change): Select your action (0 for escape, 1 for skill, 2 for change): Select your action (0 for escape, 1 for skill, 2 for change): Select your next slime (0 for back, 2 for Blue-HP100, 3 for Red-HP100): You sends Red
Enemy's Blue uses Rainy! Weather becomes rainy
Your Red: HP 100 || Enemy's Blue: HP 100
--------------------------------------------------
Round 2
Select your action (0 for escape, 1 for skill, 2 for change): Select your action (0 for escape, 1 for skill, 2 for change): Select your action (0 for escape, 1 for skill, 2 for change): Select your action (0 for escape, 1 for skill, 2 for change): Select your next slime (0 for back, 1 for Green-HP110, 2 for Blue-HP100): Select your next slime (0 for back, 1 for Green-HP110, 2 for Blue-HP100): Select your next slime (0 for back, 1 for Green-HP110, 2 for Blue-HP100): Select your next slime (0 for back, 1 for Green-HP110, 2 for Blue-HP100): Select your next slime (0 for back, 1 for Green-HP110, 2 for Blue-HP100): Select your next slime (0 for back, 1 for Green-HP110, 2 for Blue-HP100): You sends Blue
Enemy's Blue uses Stream! Damage: 11
Your Blue: HP 89 || Enemy's Blue: HP 100
--------------------------------------------------
Round 3
Select your action (0 for escape, 1 for skill, 2 for change): Select the skill (0 for back, 1 for Tackle, 2 for Stream, 3 for Rainy): Enemy's Blue uses Tackle! Damage: 14
Your Blue uses Tackle! Damage: 14
Your Blue: HP 75 || Enemy's Blue: HP 86
--------------------------------------------------
Round 4
Select your action (0 for escape, 1 for skill, 2 for change): Select your action (0 for escape, 1 for skill, 2 for change): Select the skill (0 for back, 1 for Tackle, 2 for Stream, 3 for Rainy): Your Blue uses Rainy! Weather becomes rainy
Enemy's Blue uses Tackle! Damage: 14
Your Blue: HP 61 || Enemy's Blue: HP 86
--------------------------------------------------
Round 5
Select your action (0 for escape, 1 for skill, 2 for change): Select your action (0 for escape, 1 for skill, 2 for change): Select the skill (0 for back, 1 for Tackle, 2 for Stream, 3 for Rainy): Select the skill (0 for back, 1 for Tackle, 2 for Stream, 3 for Rainy): Select the skill (0 for back, 1 for Tackle, 2 for Stream, 3 for Rainy): Select the skill (0 for back, 1 for Tackle, 2 for Stream, 3 for Rainy): Select the skill (0 for back, 1 for Tackle, 2 for Stream, 3 for Rainy): Your Blue uses Rainy! Weather becomes rainy
Enemy's Blue uses Tackle! Damage: 14
Your Blue: HP 47 || Enemy's Blue: HP 86
--------------------------------------------------
Round 6
Select your action (0 for escape, 1 for skill, 2 for change): Select your next slime (0 for back, 1 for Green-HP110, 3 for Red-HP100): Select your next slime (0 for back, 1 for Green-HP110, 3 for Red-HP100): Select your next slime (0 for back, 1 for Green-HP110, 3 for Red-HP100): You sends Red
Enemy's Blue uses Tackle! Damage: 20
Your Red: HP 80 || Enemy's Blue: HP 86
--------------------------------------------------
Round 7
Select your action (0 for escape, 1 for skill, 2 for change): Select the skill (0 for back, 1 for Claw, 2 for Flame, 3 for Sunny): Your Red uses Claw! Damage: 13
Enemy's Blue uses Stream! Damage: 60
Your Red: HP 20 || Enemy's Blue: HP 73
--------------------------------------------------
Round 8
Select your action (0 for escape, 1 for skill, 2 for change): Select your action (0 for escape, 1 for skill, 2 for change): You Escape