Welcome to Battle of Slimes 2!
Enemy has Blue, Green, Yellow, starting with Blue
You can select three from five (1 for Green, 2 for Red, 3 for Blue, 4 for Yellow, 5 for Pink).
Select your 1st slime: Select your 2nd slime: Select your 2nd slime: Select your 2nd slime: Select your 3rd slime: You have Blue, Yellow, Pink, starting with Blue
Your Blue: HP 100 || Enemy's Blue: HP 100
Battle starts!
--------------------------------------------------
Round 1
Select your action (0 for escape, 1 for skill, 2 for change): Select your action (0 for escape, 1 for skill, 2 for change): Select the skill (0 for back, 1 for Tackle, 2 for Stream, 3 for Rainy): Enemy's Blue uses Tackle! Damage: 14
Your Blue uses Stream! Damage: 7
Your Blue: HP 86 || Enemy's Blue: HP 93
--------------------------------------------------
Round 2
Select your action (0 for escape, 1 for skill, 2 for change): Select your action (0 for escape, 1 for skill, 2 for change): Select the skill (0 for back, 1 for Tackle, 2 for Stream, 3 for Rainy): Enemy's Blue uses Tackle! Damage: 14
Your Blue uses Stream! Damage: 7
Your Blue: HP 72 || Enemy's Blue: HP 86
--------------------------------------------------
Round 3
Select your action (0 for escape, 1 for skill, 2 for change): Select your action (0 for escape, 1 for skill, 2 for change): Select your next slime (0 for back, 2 for Yellow-HP90, 3 for Pink-HP120): You sends Yellow
Enemy's Blue uses Tackle! Damage: 20
Your Yellow: HP 70 || Enemy's Blue: HP 86
--------------------------------------------------
Round 4
Select your action (0 for escape, 1 for skill, 2 for change): Select your action (0 for escape, 1 for skill, 2 for change): Select your next slime (0 for back, 1 for Blue-HP72, 3 for Pink-HP120): Enemy sends Green
You sends Pink
Your Pink: HP 120 || Enemy's Green: HP 110
--------------------------------------------------
Round 5
Select your action (0 for escape, 1 for skill, 2 for change): Select the skill (0 for back, 1 for Slap, 2 for Sing, 3 for Paint): Select the skill (0 for back, 1 for Slap, 2 for Sing, 3 for Paint): Enemy's Green uses Leaf! Damage: 25
Your Pink uses Paint! Failure
Your Pink: HP 95 || Enemy's Green: HP 110
--------------------------------------------------
Round 6
Select your action (0 for escape, 1 for skill, 2 for change): Select your next slime (0 for back, 1 for Blue-HP72, 2 for Yellow-HP70): Select your next slime (0 for back, 1 for Blue-HP72, 2 for Yellow-HP70): Select your next slime (0 for back, 1 for Blue-HP72, 2 for Yellow-HP70): Select your next slime (0 for back, 1 for Blue-HP72, 2 for Yellow-HP70): You sends Blue
Enemy's Green uses Leaf! Damage: 29
Your Blue: HP 43 || Enemy's Green: HP 110
--------------------------------------------------
Round 7
Select your action (0 for escape, 1 for skill, 2 for change): Select your action (0 for escape, 1 for skill, 2 for change): Select the skill (0 for back, 1 for Tackle, 2 for Stream, 3 for Rainy): Your Blue uses Rainy! Weather becomes rainy
Enemy's Green uses Leaf! Damage: 29
Your Blue: HP 14 || Enemy's Green: HP 110
--------------------------------------------------
Round 8
Select your action (0 for escape, 1 for skill, 2 for change): Select your action (0 for escape, 1 for skill, 2 for change): Select your action (0 for escape, 1 for skill, 2 for change): Select your action (0 for escape, 1 for skill, 2 for change): Select your action (0 for escape, 1 for skill, 2 for change): Select your action (0 for escape, 1 for skill, 2 for change): Select your action (0 for escape, 1 for skill, 2 for change): Select your next slime (0 for back, 2 for Yellow-HP70, 3 for Pink-HP95): Select your next slime (0 for back, 2 for Yellow-HP70, 3 for Pink-HP95): Select your next slime (0 for back, 2 for Yellow-HP70, 3 for Pink-HP95): You sends Yellow
Enemy's Green uses Leaf! Damage: 20
Your Yellow: HP 50 || Enemy's Green: HP 110
--------------------------------------------------
Round 9
Select your action (0 for escape, 1 for skill, 2 for change): Select your action (0 for escape, 1 for skill, 2 for change): Select your action (0 for escape, 1 for skill, 2 for change): Select your action (0 for escape, 1 for skill, 2 for change): Select your next slime (0 for back, 1 for Blue-HP14, 3 for Pink-HP95): Select your next slime (0 for back, 1 for Blue-HP14, 3 for Pink-HP95): Select your next slime (0 for back, 1 for Blue-HP14, 3 for Pink-HP95): Select your next slime (0 for back, 1 for Blue-HP14, 3 for Pink-HP95): Select your next slime (0 for back, 1 for Blue-HP14, 3 for Pink-HP95): You sends Pink
Enemy's Green uses Leaf! Damage: 25
Your Pink: HP 70 || Enemy's Green: HP 110
--------------------------------------------------
Round 10
Select your action (0 for escape, 1 for skill, 2 for change): Select your action (0 for escape, 1 for skill, 2 for change): Select your action (0 for escape, 1 for skill, 2 for change): Select your action (0 for escape, 1 for skill, 2 for change): Select the skill (0 for back, 1 for Slap, 2 for Sing, 3 for Paint): Enemy's Green uses Leaf! Damage: 25
Your Pink uses Sing! Enemy's Green falls asleep
Your Pink: HP 45 || Enemy's Green: HP 110
--------------------------------------------------
Round 11
Select your action (0 for escape, 1 for skill, 2 for change): Select your next slime (0 for back, 1 for Blue-HP14, 2 for Yellow-HP50): You sends Blue
Enemy's Green is sleeping!
Your Blue: HP 14 || Enemy's Green: HP 110
--------------------------------------------------
Weather becomes normal
Round 12
Select your action (0 for escape, 1 for skill, 2 for change): Select your next slime (0 for back, 2 for Yellow-HP50, 3 for Pink-HP45): You sends Pink
Enemy's Green is sleeping!
Your Pink: HP 45 || Enemy's Green: HP 110
--------------------------------------------------
Enemy's Green wakes up
Round 13
Select your action (0 for escape, 1 for skill, 2 for change): Select the skill (0 for back, 1 for Slap, 2 for Sing, 3 for Paint): Enemy's Green uses Leaf! Damage: 25
Your Pink uses Paint! Failure
Your Pink: HP 20 || Enemy's Green: HP 110
--------------------------------------------------
Round 14
Select your action (0 for escape, 1 for skill, 2 for change): Select your next slime (0 for back, 1 for Blue-HP14, 2 for Yellow-HP50): Select your next slime (0 for back, 1 for Blue-HP14, 2 for Yellow-HP50): Select your next slime (0 for back, 1 for Blue-HP14, 2 for Yellow-HP50): Select your next slime (0 for back, 1 for Blue-HP14, 2 for Yellow-HP50): Select your next slime (0 for back, 1 for Blue-HP14, 2 for Yellow-HP50): You sends Blue
Enemy's Green uses Leaf! Damage: 29
Your Blue is beaten
Select your next slime (2 for Yellow-HP50, 3 for Pink-HP20): Select your next slime (2 for Yellow-HP50, 3 for Pink-HP20): Select your next slime (2 for Yellow-HP50, 3 for Pink-HP20): Select your next slime (2 for Yellow-HP50, 3 for Pink-HP20): You sends Pink
Your Pink: HP 20 || Enemy's Green: HP 110
--------------------------------------------------
Round 15
Select your action (0 for escape, 1 for skill, 2 for change): Select your action (0 for escape, 1 for skill, 2 for change): Select the skill (0 for back, 1 for Slap, 2 for Sing, 3 for Paint): Enemy's Green uses Leaf! Damage: 25
Your Pink is beaten
Select your next slime (2 for Yellow-HP50): You sends Yellow
Your Yellow: HP 50 || Enemy's Green: HP 110
--------------------------------------------------
Round 16
Select your action (0 for escape, 1 for skill): Select your action (0 for escape, 1 for skill): Select your action (0 for escape, 1 for skill): Select your action (0 for escape, 1 for skill): Select your action (0 for escape, 1 for skill): Select your action (0 for escape, 1 for skill): Select the skill (0 for back, 1 for Quick, 2 for Volt, 3 for Thunder): Your Yellow uses Quick! Damage: 15
Enemy's Green uses Leaf! Damage: 20
Your Yellow: HP 30 || Enemy's Green: HP 95
--------------------------------------------------
Round 17
Select your action (0 for escape, 1 for skill): Select your action (0 for escape, 1 for skill): Select your action (0 for escape, 1 for skill): Select your action (0 for escape, 1 for skill): Select your action (0 for escape, 1 for skill): Select your action (0 for escape, 1 for skill): Select your action (0 for escape, 1 for skill): Select the skill (0 for back, 1 for Quick, 2 for Volt, 3 for Thunder): Select the skill (0 for back, 1 for Quick, 2 for Volt, 3 for Thunder): Your Yellow uses Volt! Damage: 13
Enemy's Green uses Leaf! Damage: 20
Your Yellow: HP 10 || Enemy's Green: HP 82
--------------------------------------------------
Round 18
Select your action (0 for escape, 1 for skill): Select your action (0 for escape, 1 for skill): Select your action (0 for escape, 1 for skill): Select your action (0 for escape, 1 for skill): Select your action (0 for escape, 1 for skill): Select the skill (0 for back, 1 for Quick, 2 for Volt, 3 for Thunder): Select the skill (0 for back, 1 for Quick, 2 for Volt, 3 for Thunder): Your Yellow uses Volt! Damage: 13
Enemy's Green uses Leaf! Damage: 20
Your Yellow is beaten
You Lose