Welcome to Battle of Slimes 2!
Enemy has Blue, Green, Yellow, starting with Blue
You can select three from five (1 for Green, 2 for Red, 3 for Blue, 4 for Yellow, 5 for Pink).
Select your 1st slime: Select your 2nd slime: Select your 3rd slime: Select your 3rd slime: You have Green, Pink, Blue, starting with Green
Your Green: HP 110 || Enemy's Blue: HP 100
Battle starts!
--------------------------------------------------
Round 1
Select your action (0 for escape, 1 for skill, 2 for change): Select your next slime (0 for back, 2 for Pink-HP120, 3 for Blue-HP100): Select your next slime (0 for back, 2 for Pink-HP120, 3 for Blue-HP100): Select your next slime (0 for back, 2 for Pink-HP120, 3 for Blue-HP100): You sends Blue
Enemy's Blue uses Rainy! Weather becomes rainy
Your Blue: HP 100 || Enemy's Blue: HP 100
--------------------------------------------------
Round 2
Select your action (0 for escape, 1 for skill, 2 for change): Select your action (0 for escape, 1 for skill, 2 for change): Select your next slime (0 for back, 1 for Green-HP110, 2 for Pink-HP120): You sends Pink
Enemy's Blue uses Tackle! Damage: 25
Your Pink: HP 95 || Enemy's Blue: HP 100
--------------------------------------------------
Round 3
Select your action (0 for escape, 1 for skill, 2 for change): Select your action (0 for escape, 1 for skill, 2 for change): Select your action (0 for escape, 1 for skill, 2 for change): Select your action (0 for escape, 1 for skill, 2 for change): Select your action (0 for escape, 1 for skill, 2 for change): Select your action (0 for escape, 1 for skill, 2 for change): Select your action (0 for escape, 1 for skill, 2 for change): Select your action (0 for escape, 1 for skill, 2 for change): Select your action (0 for escape, 1 for skill, 2 for change): Select your action (0 for escape, 1 for skill, 2 for change): Select your action (0 for escape, 1 for skill, 2 for change): Select your action (0 for escape, 1 for skill, 2 for change): Select the skill (0 for back, 1 for Slap, 2 for Sing, 3 for Paint): Enemy's Blue uses Stream! Damage: 38
Your Pink uses Slap! Damage: 10
Your Pink: HP 57 || Enemy's Blue: HP 90
--------------------------------------------------
Round 4
Select your action (0 for escape, 1 for skill, 2 for change): Select your action (0 for escape, 1 for skill, 2 for change): Select your action (0 for escape, 1 for skill, 2 for change): Select your next slime (0 for back, 1 for Green-HP110, 3 for Blue-HP100): You sends Blue
Enemy's Blue uses Stream! Damage: 11
Your Blue: HP 89 || Enemy's Blue: HP 90
--------------------------------------------------
Round 5
Select your action (0 for escape, 1 for skill, 2 for change): Select your action (0 for escape, 1 for skill, 2 for change): Select your next slime (0 for back, 1 for Green-HP110, 2 for Pink-HP57): You sends Green
Enemy's Blue uses Tackle! Damage: 20
Your Green: HP 90 || Enemy's Blue: HP 90
--------------------------------------------------
Weather becomes normal
Round 6
Select your action (0 for escape, 1 for skill, 2 for change): Select your action (0 for escape, 1 for skill, 2 for change): Select your next slime (0 for back, 2 for Pink-HP57, 3 for Blue-HP89): You sends Pink
Enemy's Blue uses Rainy! Weather becomes rainy
Your Pink: HP 57 || Enemy's Blue: HP 90
--------------------------------------------------
Round 7
Select your action (0 for escape, 1 for skill, 2 for change): Select your action (0 for escape, 1 for skill, 2 for change): Select your action (0 for escape, 1 for skill, 2 for change): Select your next slime (0 for back, 1 for Green-HP90, 3 for Blue-HP89): You sends Blue
Enemy's Blue uses Stream! Damage: 11
Your Blue: HP 78 || Enemy's Blue: HP 90
--------------------------------------------------
Round 8
Select your action (0 for escape, 1 for skill, 2 for change): Select your next slime (0 for back, 1 for Green-HP90, 2 for Pink-HP57): Select your next slime (0 for back, 1 for Green-HP90, 2 for Pink-HP57): Select your next slime (0 for back, 1 for Green-HP90, 2 for Pink-HP57): Select your next slime (0 for back, 1 for Green-HP90, 2 for Pink-HP57): Select your next slime (0 for back, 1 for Green-HP90, 2 for Pink-HP57): Select your next slime (0 for back, 1 for Green-HP90, 2 for Pink-HP57): You sends Green
Enemy's Blue uses Tackle! Damage: 20
Your Green: HP 70 || Enemy's Blue: HP 90
--------------------------------------------------
Round 9
Select your action (0 for escape, 1 for skill, 2 for change): Select the skill (0 for back, 1 for Tackle, 2 for Leaf, 3 for Synthesis): Enemy sends Green
Your Green uses Leaf! Damage: 10
Your Green: HP 70 || Enemy's Green: HP 100
--------------------------------------------------
Round 10
Select your action (0 for escape, 1 for skill, 2 for change): Select the skill (0 for back, 1 for Tackle, 2 for Leaf, 3 for Synthesis): Enemy's Green uses Tackle! Damage: 20
Your Green uses Synthesis! Recovery: 22
Your Green: HP 72 || Enemy's Green: HP 100
--------------------------------------------------
Weather becomes normal
Round 11
Select your action (0 for escape, 1 for skill, 2 for change): Select your action (0 for escape, 1 for skill, 2 for change): Select your action (0 for escape, 1 for skill, 2 for change): Select the skill (0 for back, 1 for Tackle, 2 for Leaf, 3 for Synthesis): Select the skill (0 for back, 1 for Tackle, 2 for Leaf, 3 for Synthesis): Select the skill (0 for back, 1 for Tackle, 2 for Leaf, 3 for Synthesis): Select the skill (0 for back, 1 for Tackle, 2 for Leaf, 3 for Synthesis): Select the skill (0 for back, 1 for Tackle, 2 for Leaf, 3 for Synthesis): Enemy's Green uses Tackle! Damage: 20
Your Green uses Leaf! Damage: 10
Your Green: HP 52 || Enemy's Green: HP 90
--------------------------------------------------
Round 12
Select your action (0 for escape, 1 for skill, 2 for change): Select the skill (0 for back, 1 for Tackle, 2 for Leaf, 3 for Synthesis): Select the skill (0 for back, 1 for Tackle, 2 for Leaf, 3 for Synthesis): Enemy's Green uses Tackle! Damage: 20
Your Green uses Synthesis! Recovery: 33
Your Green: HP 65 || Enemy's Green: HP 90
--------------------------------------------------
Round 13
Select your action (0 for escape, 1 for skill, 2 for change): Select the skill (0 for back, 1 for Tackle, 2 for Leaf, 3 for Synthesis): Select the skill (0 for back, 1 for Tackle, 2 for Leaf, 3 for Synthesis): Select the skill (0 for back, 1 for Tackle, 2 for Leaf, 3 for Synthesis): Enemy's Green uses Tackle! Damage: 20
Your Green uses Tackle! Damage: 20
Your Green: HP 45 || Enemy's Green: HP 70
--------------------------------------------------
Round 14
Select your action (0 for escape, 1 for skill, 2 for change): Select your next slime (0 for back, 2 for Pink-HP57, 3 for Blue-HP78): Select your next slime (0 for back, 2 for Pink-HP57, 3 for Blue-HP78): Select your next slime (0 for back, 2 for Pink-HP57, 3 for Blue-HP78): Select your next slime (0 for back, 2 for Pink-HP57, 3 for Blue-HP78): You sends Blue
Enemy's Green uses Tackle! Damage: 14
Your Blue: HP 64 || Enemy's Green: HP 70
--------------------------------------------------
Round 15
Select your action (0 for escape, 1 for skill, 2 for change): Select your action (0 for escape, 1 for skill, 2 for change): Select your next slime (0 for back, 1 for Green-HP45, 2 for Pink-HP57): Select your next slime (0 for back, 1 for Green-HP45, 2 for Pink-HP57): Select your next slime (0 for back, 1 for Green-HP45, 2 for Pink-HP57): Select your next slime (0 for back, 1 for Green-HP45, 2 for Pink-HP57): Select your next slime (0 for back, 1 for Green-HP45, 2 for Pink-HP57): Select your next slime (0 for back, 1 for Green-HP45, 2 for Pink-HP57): Select your next slime (0 for back, 1 for Green-HP45, 2 for Pink-HP57): Select your next slime (0 for back, 1 for Green-HP45, 2 for Pink-HP57): Select your next slime (0 for back, 1 for Green-HP45, 2 for Pink-HP57): Select your next slime (0 for back, 1 for Green-HP45, 2 for Pink-HP57): Select your next slime (0 for back, 1 for Green-HP45, 2 for Pink-HP57): Select your next slime (0 for back, 1 for Green-HP45, 2 for Pink-HP57): You sends Green
Enemy's Green uses Leaf! Damage: 10
Your Green: HP 35 || Enemy's Green: HP 70
--------------------------------------------------
Round 16
Select your action (0 for escape, 1 for skill, 2 for change): Select your next slime (0 for back, 2 for Pink-HP57, 3 for Blue-HP64): You sends Pink
Enemy's Green uses Tackle! Damage: 25
Your Pink: HP 32 || Enemy's Green: HP 70
--------------------------------------------------
Round 17
Select your action (0 for escape, 1 for skill, 2 for change): Select your action (0 for escape, 1 for skill, 2 for change): Select your next slime (0 for back, 1 for Green-HP35, 3 for Blue-HP64): Select your next slime (0 for back, 1 for Green-HP35, 3 for Blue-HP64): Select your next slime (0 for back, 1 for Green-HP35, 3 for Blue-HP64): Select your next slime (0 for back, 1 for Green-HP35, 3 for Blue-HP64): You sends Blue
Enemy's Green uses Leaf! Damage: 29
Your Blue: HP 35 || Enemy's Green: HP 70
--------------------------------------------------
Round 18
Select your action (0 for escape, 1 for skill, 2 for change): Select your next slime (0 for back, 1 for Green-HP35, 2 for Pink-HP32): Select your next slime (0 for back, 1 for Green-HP35, 2 for Pink-HP32): You sends Pink
Enemy's Green uses Leaf! Damage: 25
Your Pink: HP 7 || Enemy's Green: HP 70
--------------------------------------------------
Round 19
Select your action (0 for escape, 1 for skill, 2 for change): Select your action (0 for escape, 1 for skill, 2 for change): Select your next slime (0 for back, 1 for Green-HP35, 3 for Blue-HP35): You sends Blue
Enemy's Green uses Leaf! Damage: 29
Your Blue: HP 6 || Enemy's Green: HP 70
--------------------------------------------------
Round 20
Select your action (0 for escape, 1 for skill, 2 for change): Select the skill (0 for back, 1 for Tackle, 2 for Stream, 3 for Rainy): Select the skill (0 for back, 1 for Tackle, 2 for Stream, 3 for Rainy): Enemy's Green uses Leaf! Damage: 29
Your Blue is beaten
Select your next slime (1 for Green-HP35, 2 for Pink-HP7): You sends Pink
Your Pink: HP 7 || Enemy's Green: HP 70
--------------------------------------------------
Round 21
Select your action (0 for escape, 1 for skill, 2 for change): Select your next slime (0 for back, 1 for Green-HP35): Select your next slime (0 for back, 1 for Green-HP35): Select your next slime (0 for back, 1 for Green-HP35): Select your next slime (0 for back, 1 for Green-HP35): Select your next slime (0 for back, 1 for Green-HP35): You sends Green
Enemy's Green uses Leaf! Damage: 10
Your Green: HP 25 || Enemy's Green: HP 70
--------------------------------------------------
Round 22
Select your action (0 for escape, 1 for skill, 2 for change): Select your next slime (0 for back, 2 for Pink-HP7): Select your next slime (0 for back, 2 for Pink-HP7): Select your next slime (0 for back, 2 for Pink-HP7): Select your next slime (0 for back, 2 for Pink-HP7): Select your next slime (0 for back, 2 for Pink-HP7): Select your next slime (0 for back, 2 for Pink-HP7): Select your next slime (0 for back, 2 for Pink-HP7): You sends Pink
Enemy's Green uses Tackle! Damage: 25
Your Pink is beaten
Select your next slime (1 for Green-HP25): Select your next slime (1 for Green-HP25): Select your next slime (1 for Green-HP25): Select your next slime (1 for Green-HP25): Select your next slime (1 for Green-HP25): You sends Green
Your Green: HP 25 || Enemy's Green: HP 70
--------------------------------------------------
Round 23
Select your action (0 for escape, 1 for skill): Select your action (0 for escape, 1 for skill): Select your action (0 for escape, 1 for skill): Select your action (0 for escape, 1 for skill): Select your action (0 for escape, 1 for skill): Select your action (0 for escape, 1 for skill): Select your action (0 for escape, 1 for skill): Select your action (0 for escape, 1 for skill): Select the skill (0 for back, 1 for Tackle, 2 for Leaf, 3 for Synthesis): Select the skill (0 for back, 1 for Tackle, 2 for Leaf, 3 for Synthesis): Select the skill (0 for back, 1 for Tackle, 2 for Leaf, 3 for Synthesis): Enemy's Green uses Tackle! Damage: 20
Your Green uses Synthesis! Recovery: 33
Your Green: HP 38 || Enemy's Green: HP 70
--------------------------------------------------
Round 24
Select your action (0 for escape, 1 for skill): Select your action (0 for escape, 1 for skill): Select the skill (0 for back, 1 for Tackle, 2 for Leaf, 3 for Synthesis): Enemy's Green uses Tackle! Damage: 20
Your Green uses Synthesis! Recovery: 33
Your Green: HP 51 || Enemy's Green: HP 70
--------------------------------------------------
Round 25
Select your action (0 for escape, 1 for skill): Select your action (0 for escape, 1 for skill): Select the skill (0 for back, 1 for Tackle, 2 for Leaf, 3 for Synthesis): Select the skill (0 for back, 1 for Tackle, 2 for Leaf, 3 for Synthesis): Enemy's Green uses Tackle! Damage: 20
Your Green uses Leaf! Damage: 10
Your Green: HP 31 || Enemy's Green: HP 60
--------------------------------------------------
Round 26
Select your action (0 for escape, 1 for skill): Select your action (0 for escape, 1 for skill): Select your action (0 for escape, 1 for skill): Select your action (0 for escape, 1 for skill): Select your action (0 for escape, 1 for skill): Select your action (0 for escape, 1 for skill): Select the skill (0 for back, 1 for Tackle, 2 for Leaf, 3 for Synthesis): Enemy's Green uses Tackle! Damage: 20
Your Green uses Synthesis! Recovery: 33
Your Green: HP 44 || Enemy's Green: HP 60
--------------------------------------------------
Round 27
Select your action (0 for escape, 1 for skill): Select the skill (0 for back, 1 for Tackle, 2 for Leaf, 3 for Synthesis): Enemy's Green uses Tackle! Damage: 20
Your Green uses Leaf! Damage: 10
Your Green: HP 24 || Enemy's Green: HP 50
--------------------------------------------------
Round 28
Select your action (0 for escape, 1 for skill): Select your action (0 for escape, 1 for skill): Select your action (0 for escape, 1 for skill): Select your action (0 for escape, 1 for skill): Select the skill (0 for back, 1 for Tackle, 2 for Leaf, 3 for Synthesis): Enemy's Green uses Synthesis! Recovery: 33
Your Green uses Synthesis! Recovery: 33
Your Green: HP 57 || Enemy's Green: HP 83
--------------------------------------------------
Round 29
Select your action (0 for escape, 1 for skill): Select your action (0 for escape, 1 for skill): Select your action (0 for escape, 1 for skill): Select the skill (0 for back, 1 for Tackle, 2 for Leaf, 3 for Synthesis): Enemy's Green uses Tackle! Damage: 20
Your Green uses Tackle! Damage: 20
Your Green: HP 37 || Enemy's Green: HP 63
--------------------------------------------------
Round 30
Select your action (0 for escape, 1 for skill): Select your action (0 for escape, 1 for skill): Select the skill (0 for back, 1 for Tackle, 2 for Leaf, 3 for Synthesis): Select the skill (0 for back, 1 for Tackle, 2 for Leaf, 3 for Synthesis): Enemy's Green uses Tackle! Damage: 20
Your Green uses Tackle! Damage: 20
Your Green: HP 17 || Enemy's Green: HP 43
--------------------------------------------------
Round 31
Select your action (0 for escape, 1 for skill): Select your action (0 for escape, 1 for skill): Select your action (0 for escape, 1 for skill): Select your action (0 for escape, 1 for skill): Select your action (0 for escape, 1 for skill): Select your action (0 for escape, 1 for skill): Select the skill (0 for back, 1 for Tackle, 2 for Leaf, 3 for Synthesis): Enemy's Green uses Synthesis! Recovery: 33
Your Green uses Leaf! Damage: 10
Your Green: HP 17 || Enemy's Green: HP 66
--------------------------------------------------
Round 32
Select your action (0 for escape, 1 for skill): Select your action (0 for escape, 1 for skill): Select your action (0 for escape, 1 for skill): Select your action (0 for escape, 1 for skill): Select the skill (0 for back, 1 for Tackle, 2 for Leaf, 3 for Synthesis): Enemy's Green uses Tackle! Damage: 20
Your Green is beaten
You Lose