Welcome to Battle of Slimes 2!
Enemy has Blue, Green, Yellow, starting with Blue
You can select three from five (1 for Green, 2 for Red, 3 for Blue, 4 for Yellow, 5 for Pink).
Select your 1st slime: Select your 2nd slime: Select your 3rd slime: You have Red, Green, Pink, starting with Red
Your Red: HP 100 || Enemy's Blue: HP 100
Battle starts!
--------------------------------------------------
Round 1
Select your action (0 for escape, 1 for skill, 2 for change): Select your action (0 for escape, 1 for skill, 2 for change): Select your next slime (0 for back, 2 for Green-HP110, 3 for Pink-HP120): Select your next slime (0 for back, 2 for Green-HP110, 3 for Pink-HP120): You sends Pink
Enemy's Blue uses Rainy! Weather becomes rainy
Your Pink: HP 120 || Enemy's Blue: HP 100
--------------------------------------------------
Round 2
Select your action (0 for escape, 1 for skill, 2 for change): Select your action (0 for escape, 1 for skill, 2 for change): Select your action (0 for escape, 1 for skill, 2 for change): Select your next slime (0 for back, 1 for Red-HP100, 2 for Green-HP110): You sends Red
Enemy's Blue uses Stream! Damage: 60
Your Red: HP 40 || Enemy's Blue: HP 100
--------------------------------------------------
Round 3
Select your action (0 for escape, 1 for skill, 2 for change): Select your action (0 for escape, 1 for skill, 2 for change): Select the skill (0 for back, 1 for Claw, 2 for Flame, 3 for Sunny): Your Red uses Claw! Damage: 13
Enemy's Blue uses Stream! Damage: 60
Your Red is beaten
Select your next slime (2 for Green-HP110, 3 for Pink-HP120): You sends Green
Your Green: HP 110 || Enemy's Blue: HP 87
--------------------------------------------------
Round 4
Select your action (0 for escape, 1 for skill, 2 for change): Select your action (0 for escape, 1 for skill, 2 for change): Select your action (0 for escape, 1 for skill, 2 for change): Select your action (0 for escape, 1 for skill, 2 for change): Select your action (0 for escape, 1 for skill, 2 for change): Select your next slime (0 for back, 3 for Pink-HP120): Enemy sends Green
You sends Pink
Your Pink: HP 120 || Enemy's Green: HP 110
--------------------------------------------------
Round 5
Select your action (0 for escape, 1 for skill, 2 for change): Select the skill (0 for back, 1 for Slap, 2 for Sing, 3 for Paint): Select the skill (0 for back, 1 for Slap, 2 for Sing, 3 for Paint): Select the skill (0 for back, 1 for Slap, 2 for Sing, 3 for Paint): Enemy's Green uses Leaf! Damage: 25
Your Pink uses Slap! Damage: 14
Your Pink: HP 95 || Enemy's Green: HP 96
--------------------------------------------------
Weather becomes normal
Round 6
Select your action (0 for escape, 1 for skill, 2 for change): Select your action (0 for escape, 1 for skill, 2 for change): Select your next slime (0 for back, 2 for Green-HP110): Select your next slime (0 for back, 2 for Green-HP110): Select your next slime (0 for back, 2 for Green-HP110): You sends Green
Enemy's Green uses Leaf! Damage: 10
Your Green: HP 100 || Enemy's Green: HP 96
--------------------------------------------------
Round 7
Select your action (0 for escape, 1 for skill, 2 for change): Select the skill (0 for back, 1 for Tackle, 2 for Leaf, 3 for Synthesis): Enemy's Green uses Tackle! Damage: 20
Your Green uses Leaf! Damage: 10
Your Green: HP 80 || Enemy's Green: HP 86
--------------------------------------------------
Round 8
Select your action (0 for escape, 1 for skill, 2 for change): Select your action (0 for escape, 1 for skill, 2 for change): Select your action (0 for escape, 1 for skill, 2 for change): Select the skill (0 for back, 1 for Tackle, 2 for Leaf, 3 for Synthesis): Enemy's Green uses Tackle! Damage: 20
Your Green uses Leaf! Damage: 10
Your Green: HP 60 || Enemy's Green: HP 76
--------------------------------------------------
Round 9
Select your action (0 for escape, 1 for skill, 2 for change): Select your next slime (0 for back, 3 for Pink-HP95): Select your next slime (0 for back, 3 for Pink-HP95): You sends Pink
Enemy's Green uses Tackle! Damage: 25
Your Pink: HP 70 || Enemy's Green: HP 76
--------------------------------------------------
Round 10
Select your action (0 for escape, 1 for skill, 2 for change): Select your action (0 for escape, 1 for skill, 2 for change): Select your next slime (0 for back, 2 for Green-HP60): Select your next slime (0 for back, 2 for Green-HP60): Select your next slime (0 for back, 2 for Green-HP60): Select your next slime (0 for back, 2 for Green-HP60): Select your next slime (0 for back, 2 for Green-HP60): You sends Green
Enemy's Green uses Leaf! Damage: 10
Your Green: HP 50 || Enemy's Green: HP 76
--------------------------------------------------
Round 11
Select your action (0 for escape, 1 for skill, 2 for change): Select your action (0 for escape, 1 for skill, 2 for change): Select your action (0 for escape, 1 for skill, 2 for change): Select your action (0 for escape, 1 for skill, 2 for change): Select your next slime (0 for back, 3 for Pink-HP70): Select your next slime (0 for back, 3 for Pink-HP70): You sends Pink
Enemy's Green uses Tackle! Damage: 25
Your Pink: HP 45 || Enemy's Green: HP 76
--------------------------------------------------
Round 12
Select your action (0 for escape, 1 for skill, 2 for change): Select your action (0 for escape, 1 for skill, 2 for change): Select your next slime (0 for back, 2 for Green-HP50): Select your next slime (0 for back, 2 for Green-HP50): Select your next slime (0 for back, 2 for Green-HP50): Select your next slime (0 for back, 2 for Green-HP50): Select your next slime (0 for back, 2 for Green-HP50): Select your next slime (0 for back, 2 for Green-HP50): Select your next slime (0 for back, 2 for Green-HP50): Select your next slime (0 for back, 2 for Green-HP50): You sends Green
Enemy's Green uses Leaf! Damage: 10
Your Green: HP 40 || Enemy's Green: HP 76
--------------------------------------------------
Round 13
Select your action (0 for escape, 1 for skill, 2 for change): Select your action (0 for escape, 1 for skill, 2 for change): Select the skill (0 for back, 1 for Tackle, 2 for Leaf, 3 for Synthesis): Select the skill (0 for back, 1 for Tackle, 2 for Leaf, 3 for Synthesis): Enemy's Green uses Tackle! Damage: 20
Your Green uses Leaf! Damage: 10
Your Green: HP 20 || Enemy's Green: HP 66
--------------------------------------------------
Round 14
Select your action (0 for escape, 1 for skill, 2 for change): Select your action (0 for escape, 1 for skill, 2 for change): Select your next slime (0 for back, 3 for Pink-HP45): You sends Pink
Enemy's Green uses Tackle! Damage: 25
Your Pink: HP 20 || Enemy's Green: HP 66
--------------------------------------------------
Round 15
Select your action (0 for escape, 1 for skill, 2 for change): Select your action (0 for escape, 1 for skill, 2 for change): Select your next slime (0 for back, 2 for Green-HP20): Select your next slime (0 for back, 2 for Green-HP20): Select your next slime (0 for back, 2 for Green-HP20): Select your next slime (0 for back, 2 for Green-HP20): You sends Green
Enemy's Green uses Leaf! Damage: 10
Your Green: HP 10 || Enemy's Green: HP 66
--------------------------------------------------
Round 16
Select your action (0 for escape, 1 for skill, 2 for change): Select your next slime (0 for back, 3 for Pink-HP20): You sends Pink
Enemy's Green uses Tackle! Damage: 25
Your Pink is beaten
Select your next slime (2 for Green-HP10): Select your next slime (2 for Green-HP10): You sends Green
Your Green: HP 10 || Enemy's Green: HP 66
--------------------------------------------------
Round 17
Select your action (0 for escape, 1 for skill): Select your action (0 for escape, 1 for skill): Select your action (0 for escape, 1 for skill): Select your action (0 for escape, 1 for skill): Select the skill (0 for back, 1 for Tackle, 2 for Leaf, 3 for Synthesis): Enemy's Green uses Tackle! Damage: 20
Your Green is beaten
You Lose