Welcome to Battle of Slimes 2!
Enemy has Blue, Green, Yellow, starting with Blue
You can select three from five (1 for Green, 2 for Red, 3 for Blue, 4 for Yellow, 5 for Pink).
Select your 1st slime: Select your 2nd slime: Select your 3rd slime: You have Green, Pink, Yellow, starting with Green
Your Green: HP 110 || Enemy's Blue: HP 100
Battle starts!
--------------------------------------------------
Round 1
Select your action (0 for escape, 1 for skill, 2 for change): Select your action (0 for escape, 1 for skill, 2 for change): Select the skill (0 for back, 1 for Tackle, 2 for Leaf, 3 for Synthesis): Enemy's Blue uses Rainy! Weather becomes rainy
Your Green uses Tackle! Damage: 14
Your Green: HP 110 || Enemy's Blue: HP 86
--------------------------------------------------
Round 2
Select your action (0 for escape, 1 for skill, 2 for change): Select your action (0 for escape, 1 for skill, 2 for change): Select your next slime (0 for back, 2 for Pink-HP120, 3 for Yellow-HP90): Select your next slime (0 for back, 2 for Pink-HP120, 3 for Yellow-HP90): Enemy sends Green
You sends Yellow
Your Yellow: HP 90 || Enemy's Green: HP 110
--------------------------------------------------
Round 3
Select your action (0 for escape, 1 for skill, 2 for change): Select the skill (0 for back, 1 for Quick, 2 for Volt, 3 for Thunder): Select the skill (0 for back, 1 for Quick, 2 for Volt, 3 for Thunder): Your Yellow uses Volt! Damage: 13
Enemy's Green uses Leaf! Damage: 20
Your Yellow: HP 70 || Enemy's Green: HP 97
--------------------------------------------------
Round 4
Select your action (0 for escape, 1 for skill, 2 for change): Select your action (0 for escape, 1 for skill, 2 for change): Select your next slime (0 for back, 1 for Green-HP110, 2 for Pink-HP120): You sends Green
Enemy's Green uses Leaf! Damage: 10
Your Green: HP 100 || Enemy's Green: HP 97
--------------------------------------------------
Round 5
Select your action (0 for escape, 1 for skill, 2 for change): Select your action (0 for escape, 1 for skill, 2 for change): Select the skill (0 for back, 1 for Tackle, 2 for Leaf, 3 for Synthesis): Select the skill (0 for back, 1 for Tackle, 2 for Leaf, 3 for Synthesis): Select the skill (0 for back, 1 for Tackle, 2 for Leaf, 3 for Synthesis): Select the skill (0 for back, 1 for Tackle, 2 for Leaf, 3 for Synthesis): Select the skill (0 for back, 1 for Tackle, 2 for Leaf, 3 for Synthesis): Enemy's Green uses Tackle! Damage: 20
Your Green uses Leaf! Damage: 10
Your Green: HP 80 || Enemy's Green: HP 87
--------------------------------------------------
Weather becomes normal
Round 6
Select your action (0 for escape, 1 for skill, 2 for change): Select your action (0 for escape, 1 for skill, 2 for change): Select your next slime (0 for back, 2 for Pink-HP120, 3 for Yellow-HP70): Select your next slime (0 for back, 2 for Pink-HP120, 3 for Yellow-HP70): Select your next slime (0 for back, 2 for Pink-HP120, 3 for Yellow-HP70): Select your next slime (0 for back, 2 for Pink-HP120, 3 for Yellow-HP70): Select your next slime (0 for back, 2 for Pink-HP120, 3 for Yellow-HP70): Select your next slime (0 for back, 2 for Pink-HP120, 3 for Yellow-HP70): You sends Yellow
Enemy's Green uses Tackle! Damage: 20
Your Yellow: HP 50 || Enemy's Green: HP 87
--------------------------------------------------
Round 7
Select your action (0 for escape, 1 for skill, 2 for change): Select your action (0 for escape, 1 for skill, 2 for change): Select your next slime (0 for back, 1 for Green-HP80, 2 for Pink-HP120): You sends Green
Enemy's Green uses Leaf! Damage: 10
Your Green: HP 70 || Enemy's Green: HP 87
--------------------------------------------------
Round 8
Select your action (0 for escape, 1 for skill, 2 for change): Select your action (0 for escape, 1 for skill, 2 for change): Select the skill (0 for back, 1 for Tackle, 2 for Leaf, 3 for Synthesis): Enemy's Green uses Tackle! Damage: 20
Your Green uses Leaf! Damage: 10
Your Green: HP 50 || Enemy's Green: HP 77
--------------------------------------------------
Round 9
Select your action (0 for escape, 1 for skill, 2 for change): Select your action (0 for escape, 1 for skill, 2 for change): Select your next slime (0 for back, 2 for Pink-HP120, 3 for Yellow-HP50): Select your next slime (0 for back, 2 for Pink-HP120, 3 for Yellow-HP50): Select your next slime (0 for back, 2 for Pink-HP120, 3 for Yellow-HP50): Select your next slime (0 for back, 2 for Pink-HP120, 3 for Yellow-HP50): Select your next slime (0 for back, 2 for Pink-HP120, 3 for Yellow-HP50): You sends Yellow
Enemy's Green uses Tackle! Damage: 20
Your Yellow: HP 30 || Enemy's Green: HP 77
--------------------------------------------------
Round 10
Select your action (0 for escape, 1 for skill, 2 for change): Select your action (0 for escape, 1 for skill, 2 for change): Select your next slime (0 for back, 1 for Green-HP50, 2 for Pink-HP120): You sends Green
Enemy's Green uses Leaf! Damage: 10
Your Green: HP 40 || Enemy's Green: HP 77
--------------------------------------------------
Round 11
Select your action (0 for escape, 1 for skill, 2 for change): Select your next slime (0 for back, 2 for Pink-HP120, 3 for Yellow-HP30): Select your next slime (0 for back, 2 for Pink-HP120, 3 for Yellow-HP30): Select your next slime (0 for back, 2 for Pink-HP120, 3 for Yellow-HP30): Select your next slime (0 for back, 2 for Pink-HP120, 3 for Yellow-HP30): Select your next slime (0 for back, 2 for Pink-HP120, 3 for Yellow-HP30): Select your next slime (0 for back, 2 for Pink-HP120, 3 for Yellow-HP30): Select your next slime (0 for back, 2 for Pink-HP120, 3 for Yellow-HP30): You sends Yellow
Enemy's Green uses Tackle! Damage: 20
Your Yellow: HP 10 || Enemy's Green: HP 77
--------------------------------------------------
Round 12
Select your action (0 for escape, 1 for skill, 2 for change): Select your action (0 for escape, 1 for skill, 2 for change): Select your next slime (0 for back, 1 for Green-HP40, 2 for Pink-HP120): Select your action (0 for escape, 1 for skill, 2 for change): Select your action (0 for escape, 1 for skill, 2 for change): Select your action (0 for escape, 1 for skill, 2 for change): Select your action (0 for escape, 1 for skill, 2 for change): Select the skill (0 for back, 1 for Quick, 2 for Volt, 3 for Thunder): Select the skill (0 for back, 1 for Quick, 2 for Volt, 3 for Thunder): Your Yellow uses Thunder! Failure!
Enemy's Green uses Leaf! Damage: 20
Your Yellow is beaten
Select your next slime (1 for Green-HP40, 2 for Pink-HP120): You sends Pink
Your Pink: HP 120 || Enemy's Green: HP 77
--------------------------------------------------
Round 13
Select your action (0 for escape, 1 for skill, 2 for change): Select your action (0 for escape, 1 for skill, 2 for change): Select the skill (0 for back, 1 for Slap, 2 for Sing, 3 for Paint): Enemy's Green uses Leaf! Damage: 25
Your Pink uses Slap! Damage: 14
Your Pink: HP 95 || Enemy's Green: HP 63
--------------------------------------------------
Round 14
Select your action (0 for escape, 1 for skill, 2 for change): Select your next slime (0 for back, 1 for Green-HP40): Select your next slime (0 for back, 1 for Green-HP40): Select your next slime (0 for back, 1 for Green-HP40): You sends Green
Enemy's Green uses Leaf! Damage: 10
Your Green: HP 30 || Enemy's Green: HP 63
--------------------------------------------------
Round 15
Select your action (0 for escape, 1 for skill, 2 for change): Select the skill (0 for back, 1 for Tackle, 2 for Leaf, 3 for Synthesis): Enemy's Green uses Tackle! Damage: 20
Your Green uses Synthesis! Recovery: 33
Your Green: HP 43 || Enemy's Green: HP 63
--------------------------------------------------
Round 16
Select your action (0 for escape, 1 for skill, 2 for change): Select your action (0 for escape, 1 for skill, 2 for change): Select your action (0 for escape, 1 for skill, 2 for change): Select your next slime (0 for back, 2 for Pink-HP95): Select your next slime (0 for back, 2 for Pink-HP95): Select your next slime (0 for back, 2 for Pink-HP95): You sends Pink
Enemy's Green uses Tackle! Damage: 25
Your Pink: HP 70 || Enemy's Green: HP 63
--------------------------------------------------
Round 17
Select your action (0 for escape, 1 for skill, 2 for change): Select your action (0 for escape, 1 for skill, 2 for change): Select your action (0 for escape, 1 for skill, 2 for change): Select your action (0 for escape, 1 for skill, 2 for change): Select your next slime (0 for back, 1 for Green-HP43): You sends Green
Enemy's Green uses Leaf! Damage: 10
Your Green: HP 33 || Enemy's Green: HP 63
--------------------------------------------------
Round 18
Select your action (0 for escape, 1 for skill, 2 for change): Select the skill (0 for back, 1 for Tackle, 2 for Leaf, 3 for Synthesis): Enemy's Green uses Tackle! Damage: 20
Your Green uses Synthesis! Recovery: 33
Your Green: HP 46 || Enemy's Green: HP 63
--------------------------------------------------
Round 19
Select your action (0 for escape, 1 for skill, 2 for change): Select the skill (0 for back, 1 for Tackle, 2 for Leaf, 3 for Synthesis): Enemy's Green uses Tackle! Damage: 20
Your Green uses Synthesis! Recovery: 33
Your Green: HP 59 || Enemy's Green: HP 63
--------------------------------------------------
Round 20
Select your action (0 for escape, 1 for skill, 2 for change): Select your action (0 for escape, 1 for skill, 2 for change): Select your action (0 for escape, 1 for skill, 2 for change): Select your action (0 for escape, 1 for skill, 2 for change): Select your action (0 for escape, 1 for skill, 2 for change): Select your next slime (0 for back, 2 for Pink-HP70): Select your next slime (0 for back, 2 for Pink-HP70): Select your next slime (0 for back, 2 for Pink-HP70): Select your next slime (0 for back, 2 for Pink-HP70): Select your next slime (0 for back, 2 for Pink-HP70): Select your next slime (0 for back, 2 for Pink-HP70): Select your next slime (0 for back, 2 for Pink-HP70): Select your next slime (0 for back, 2 for Pink-HP70): You sends Pink
Enemy's Green uses Tackle! Damage: 25
Your Pink: HP 45 || Enemy's Green: HP 63
--------------------------------------------------
Round 21
Select your action (0 for escape, 1 for skill, 2 for change): Select the skill (0 for back, 1 for Slap, 2 for Sing, 3 for Paint): Select the skill (0 for back, 1 for Slap, 2 for Sing, 3 for Paint): Enemy's Green uses Leaf! Damage: 25
Your Pink uses Sing! Enemy's Green falls asleep
Your Pink: HP 20 || Enemy's Green: HP 63
--------------------------------------------------
Round 22
Select your action (0 for escape, 1 for skill, 2 for change): Select your action (0 for escape, 1 for skill, 2 for change): Select your next slime (0 for back, 1 for Green-HP59): Select your next slime (0 for back, 1 for Green-HP59): Select your next slime (0 for back, 1 for Green-HP59): Select your next slime (0 for back, 1 for Green-HP59): You sends Green
Enemy's Green is sleeping!
Your Green: HP 59 || Enemy's Green: HP 63
--------------------------------------------------
Round 23
Select your action (0 for escape, 1 for skill, 2 for change): Select your action (0 for escape, 1 for skill, 2 for change): Select your action (0 for escape, 1 for skill, 2 for change): Select your action (0 for escape, 1 for skill, 2 for change): Select your action (0 for escape, 1 for skill, 2 for change): Select the skill (0 for back, 1 for Tackle, 2 for Leaf, 3 for Synthesis): Enemy's Green is sleeping!
Your Green uses Tackle! Damage: 20
Enemy's Green wakes up
Your Green: HP 59 || Enemy's Green: HP 43
--------------------------------------------------
Round 24
Select your action (0 for escape, 1 for skill, 2 for change): Select your action (0 for escape, 1 for skill, 2 for change): Select your action (0 for escape, 1 for skill, 2 for change): Select your action (0 for escape, 1 for skill, 2 for change): Select your action (0 for escape, 1 for skill, 2 for change): Select your action (0 for escape, 1 for skill, 2 for change): Select your next slime (0 for back, 2 for Pink-HP20): You sends Pink
Enemy's Green uses Synthesis! Recovery: 33
Your Pink: HP 20 || Enemy's Green: HP 76
--------------------------------------------------
Round 25
Select your action (0 for escape, 1 for skill, 2 for change): Select your action (0 for escape, 1 for skill, 2 for change): Select your action (0 for escape, 1 for skill, 2 for change): Select your action (0 for escape, 1 for skill, 2 for change): Select your next slime (0 for back, 1 for Green-HP59): Select your next slime (0 for back, 1 for Green-HP59): Select your next slime (0 for back, 1 for Green-HP59): Select your next slime (0 for back, 1 for Green-HP59): Select your next slime (0 for back, 1 for Green-HP59): You sends Green
Enemy's Green uses Leaf! Damage: 10
Your Green: HP 49 || Enemy's Green: HP 76
--------------------------------------------------
Round 26
Select your action (0 for escape, 1 for skill, 2 for change): Select your action (0 for escape, 1 for skill, 2 for change): Select your action (0 for escape, 1 for skill, 2 for change): Select the skill (0 for back, 1 for Tackle, 2 for Leaf, 3 for Synthesis): Enemy's Green uses Tackle! Damage: 20
Your Green uses Synthesis! Recovery: 33
Your Green: HP 62 || Enemy's Green: HP 76
--------------------------------------------------
Round 27
Select your action (0 for escape, 1 for skill, 2 for change): Select your next slime (0 for back, 2 for Pink-HP20): Select your next slime (0 for back, 2 for Pink-HP20): You sends Pink
Enemy's Green uses Tackle! Damage: 25
Your Pink is beaten
Select your next slime (1 for Green-HP62): Select your next slime (1 for Green-HP62): Select your next slime (1 for Green-HP62): Select your next slime (1 for Green-HP62): Select your next slime (1 for Green-HP62): Select your next slime (1 for Green-HP62): Select your next slime (1 for Green-HP62): Select your next slime (1 for Green-HP62): Select your next slime (1 for Green-HP62): Select your next slime (1 for Green-HP62): Select your next slime (1 for Green-HP62): You sends Green
Your Green: HP 62 || Enemy's Green: HP 76
--------------------------------------------------
Round 28
Select your action (0 for escape, 1 for skill): Select your action (0 for escape, 1 for skill): Select your action (0 for escape, 1 for skill): Select your action (0 for escape, 1 for skill): Select your action (0 for escape, 1 for skill): Select your action (0 for escape, 1 for skill): Select your action (0 for escape, 1 for skill): Select your action (0 for escape, 1 for skill): Select your action (0 for escape, 1 for skill): Select your action (0 for escape, 1 for skill): Select the skill (0 for back, 1 for Tackle, 2 for Leaf, 3 for Synthesis): Select the skill (0 for back, 1 for Tackle, 2 for Leaf, 3 for Synthesis): Enemy's Green uses Tackle! Damage: 20
Your Green uses Synthesis! Recovery: 33
Your Green: HP 75 || Enemy's Green: HP 76
--------------------------------------------------
Round 29
Select your action (0 for escape, 1 for skill): Select the skill (0 for back, 1 for Tackle, 2 for Leaf, 3 for Synthesis): Select the skill (0 for back, 1 for Tackle, 2 for Leaf, 3 for Synthesis): Enemy's Green uses Tackle! Damage: 20
Your Green uses Leaf! Damage: 10
Your Green: HP 55 || Enemy's Green: HP 66
--------------------------------------------------
Round 30
Select your action (0 for escape, 1 for skill): Select your action (0 for escape, 1 for skill): Select your action (0 for escape, 1 for skill): Select your action (0 for escape, 1 for skill): Select your action (0 for escape, 1 for skill): Select the skill (0 for back, 1 for Tackle, 2 for Leaf, 3 for Synthesis): Enemy's Green uses Tackle! Damage: 20
Your Green uses Tackle! Damage: 20
Your Green: HP 35 || Enemy's Green: HP 46
--------------------------------------------------
Round 31
Select your action (0 for escape, 1 for skill): Select your action (0 for escape, 1 for skill): Select your action (0 for escape, 1 for skill): Select your action (0 for escape, 1 for skill): Select the skill (0 for back, 1 for Tackle, 2 for Leaf, 3 for Synthesis): Select the skill (0 for back, 1 for Tackle, 2 for Leaf, 3 for Synthesis): Enemy's Green uses Synthesis! Recovery: 33
Your Green uses Synthesis! Recovery: 33
Your Green: HP 68 || Enemy's Green: HP 79
--------------------------------------------------
Round 32
Select your action (0 for escape, 1 for skill): Select your action (0 for escape, 1 for skill): Select your action (0 for escape, 1 for skill): Select your action (0 for escape, 1 for skill): Select your action (0 for escape, 1 for skill): Select your action (0 for escape, 1 for skill): Select your action (0 for escape, 1 for skill): Select your action (0 for escape, 1 for skill): Select your action (0 for escape, 1 for skill): Select your action (0 for escape, 1 for skill): Select the skill (0 for back, 1 for Tackle, 2 for Leaf, 3 for Synthesis): Enemy's Green uses Tackle! Damage: 20
Your Green uses Synthesis! Recovery: 33
Your Green: HP 81 || Enemy's Green: HP 79
--------------------------------------------------
Round 33
Select your action (0 for escape, 1 for skill): Select your action (0 for escape, 1 for skill): Select the skill (0 for back, 1 for Tackle, 2 for Leaf, 3 for Synthesis): Select the skill (0 for back, 1 for Tackle, 2 for Leaf, 3 for Synthesis): Select the skill (0 for back, 1 for Tackle, 2 for Leaf, 3 for Synthesis): Enemy's Green uses Tackle! Damage: 20
Your Green uses Leaf! Damage: 10
Your Green: HP 61 || Enemy's Green: HP 69
--------------------------------------------------
Round 34
Select your action (0 for escape, 1 for skill): Select your action (0 for escape, 1 for skill): Select your action (0 for escape, 1 for skill): Select the skill (0 for back, 1 for Tackle, 2 for Leaf, 3 for Synthesis): Select the skill (0 for back, 1 for Tackle, 2 for Leaf, 3 for Synthesis): Select the skill (0 for back, 1 for Tackle, 2 for Leaf, 3 for Synthesis): Select the skill (0 for back, 1 for Tackle, 2 for Leaf, 3 for Synthesis): Enemy's Green uses Tackle! Damage: 20
Your Green uses Tackle! Damage: 20
Your Green: HP 41 || Enemy's Green: HP 49
--------------------------------------------------
Round 35
Select your action (0 for escape, 1 for skill): Select the skill (0 for back, 1 for Tackle, 2 for Leaf, 3 for Synthesis): Enemy's Green uses Synthesis! Recovery: 33
Your Green uses Synthesis! Recovery: 33
Your Green: HP 74 || Enemy's Green: HP 82
--------------------------------------------------
Round 36
Select your action (0 for escape, 1 for skill): Select the skill (0 for back, 1 for Tackle, 2 for Leaf, 3 for Synthesis): Enemy's Green uses Tackle! Damage: 20
Your Green uses Tackle! Damage: 20
Your Green: HP 54 || Enemy's Green: HP 62
--------------------------------------------------
Round 37
Select your action (0 for escape, 1 for skill): Select your action (0 for escape, 1 for skill): Select the skill (0 for back, 1 for Tackle, 2 for Leaf, 3 for Synthesis): Enemy's Green uses Tackle! Damage: 20
Your Green uses Synthesis! Recovery: 33
Your Green: HP 67 || Enemy's Green: HP 62
--------------------------------------------------
Round 38
Select your action (0 for escape, 1 for skill): Select the skill (0 for back, 1 for Tackle, 2 for Leaf, 3 for Synthesis): Enemy's Green uses Tackle! Damage: 20
Your Green uses Tackle! Damage: 20
Your Green: HP 47 || Enemy's Green: HP 42
--------------------------------------------------
Round 39
Select your action (0 for escape, 1 for skill): Select your action (0 for escape, 1 for skill): Select your action (0 for escape, 1 for skill): Select the skill (0 for back, 1 for Tackle, 2 for Leaf, 3 for Synthesis): Enemy's Green uses Synthesis! Recovery: 33
Your Green uses Synthesis! Recovery: 33
Your Green: HP 80 || Enemy's Green: HP 75
--------------------------------------------------
Round 40
Select your action (0 for escape, 1 for skill): Select your action (0 for escape, 1 for skill): Select your action (0 for escape, 1 for skill): Select your action (0 for escape, 1 for skill): Select your action (0 for escape, 1 for skill): Select the skill (0 for back, 1 for Tackle, 2 for Leaf, 3 for Synthesis): Enemy's Green uses Tackle! Damage: 20
Your Green uses Leaf! Damage: 10
Your Green: HP 60 || Enemy's Green: HP 65
--------------------------------------------------
Round 41
Select your action (0 for escape, 1 for skill): Select your action (0 for escape, 1 for skill): Select your action (0 for escape, 1 for skill): Select your action (0 for escape, 1 for skill): Select your action (0 for escape, 1 for skill): Select your action (0 for escape, 1 for skill): Select your action (0 for escape, 1 for skill): Select your action (0 for escape, 1 for skill): Select your action (0 for escape, 1 for skill): Select the skill (0 for back, 1 for Tackle, 2 for Leaf, 3 for Synthesis): Enemy's Green uses Tackle! Damage: 20
Your Green uses Tackle! Damage: 20
Your Green: HP 40 || Enemy's Green: HP 45
--------------------------------------------------
Round 42
Select your action (0 for escape, 1 for skill): Select the skill (0 for back, 1 for Tackle, 2 for Leaf, 3 for Synthesis): Enemy's Green uses Synthesis! Recovery: 33
Your Green uses Leaf! Damage: 10
Your Green: HP 40 || Enemy's Green: HP 68
--------------------------------------------------
Round 43
Select your action (0 for escape, 1 for skill): Select your action (0 for escape, 1 for skill): Select your action (0 for escape, 1 for skill): Select your action (0 for escape, 1 for skill): Select the skill (0 for back, 1 for Tackle, 2 for Leaf, 3 for Synthesis): Enemy's Green uses Tackle! Damage: 20
Your Green uses Tackle! Damage: 20
Your Green: HP 20 || Enemy's Green: HP 48
--------------------------------------------------
Round 44
Select your action (0 for escape, 1 for skill): Select your action (0 for escape, 1 for skill): Select your action (0 for escape, 1 for skill): Select your action (0 for escape, 1 for skill): Select your action (0 for escape, 1 for skill): Select your action (0 for escape, 1 for skill): Select your action (0 for escape, 1 for skill): Select your action (0 for escape, 1 for skill): Select your action (0 for escape, 1 for skill): Select your action (0 for escape, 1 for skill): Select your action (0 for escape, 1 for skill): Select your action (0 for escape, 1 for skill): Select the skill (0 for back, 1 for Tackle, 2 for Leaf, 3 for Synthesis): Enemy's Green uses Synthesis! Recovery: 33
Your Green uses Synthesis! Recovery: 33
Your Green: HP 53 || Enemy's Green: HP 81
--------------------------------------------------
Round 45
Select your action (0 for escape, 1 for skill): Select your action (0 for escape, 1 for skill): Select your action (0 for escape, 1 for skill): Select your action (0 for escape, 1 for skill): Select your action (0 for escape, 1 for skill): Select your action (0 for escape, 1 for skill): Select your action (0 for escape, 1 for skill): Select your action (0 for escape, 1 for skill): Select your action (0 for escape, 1 for skill): Select your action (0 for escape, 1 for skill): Select your action (0 for escape, 1 for skill): Select your action (0 for escape, 1 for skill): Select your action (0 for escape, 1 for skill): Select the skill (0 for back, 1 for Tackle, 2 for Leaf, 3 for Synthesis): Select the skill (0 for back, 1 for Tackle, 2 for Leaf, 3 for Synthesis): Select the skill (0 for back, 1 for Tackle, 2 for Leaf, 3 for Synthesis): Select the skill (0 for back, 1 for Tackle, 2 for Leaf, 3 for Synthesis): Enemy's Green uses Tackle! Damage: 20
Your Green uses Tackle! Damage: 20
Your Green: HP 33 || Enemy's Green: HP 61
--------------------------------------------------
Round 46
Select your action (0 for escape, 1 for skill): Select your action (0 for escape, 1 for skill): Select your action (0 for escape, 1 for skill): Select your action (0 for escape, 1 for skill): Select your action (0 for escape, 1 for skill): Select your action (0 for escape, 1 for skill): Select your action (0 for escape, 1 for skill): Select the skill (0 for back, 1 for Tackle, 2 for Leaf, 3 for Synthesis): Enemy's Green uses Tackle! Damage: 20
Your Green uses Leaf! Damage: 10
Your Green: HP 13 || Enemy's Green: HP 51
--------------------------------------------------
Round 47
Select your action (0 for escape, 1 for skill): Select your action (0 for escape, 1 for skill): Select your action (0 for escape, 1 for skill): Select your action (0 for escape, 1 for skill): Select your action (0 for escape, 1 for skill): Select your action (0 for escape, 1 for skill): Select your action (0 for escape, 1 for skill): Select your action (0 for escape, 1 for skill): Select your action (0 for escape, 1 for skill): Select your action (0 for escape, 1 for skill): Select the skill (0 for back, 1 for Tackle, 2 for Leaf, 3 for Synthesis): Enemy's Green uses Synthesis! Recovery: 33
Your Green uses Leaf! Damage: 10
Your Green: HP 13 || Enemy's Green: HP 74
--------------------------------------------------
Round 48
Select your action (0 for escape, 1 for skill): Select your action (0 for escape, 1 for skill): Select the skill (0 for back, 1 for Tackle, 2 for Leaf, 3 for Synthesis): Enemy's Green uses Tackle! Damage: 20
Your Green is beaten
You Lose