Welcome to Battle of Slimes!
You have Green, Red and Blue. So does Enemy.
Select your starting slime (1 for Green, 2 for Red, 3 for Blue): You starts with Red
Enemy starts with Blue
Your Red: HP 100 || Enemy's Blue: HP 100
Battle starts!
--------------------------------------------------
Round 1
Select your action (1 for skill, 2 for change): Select your action (1 for skill, 2 for change): Select your next slime (1 for Green, 3 for Blue): Select your next slime (1 for Green, 3 for Blue): Select your next slime (1 for Green, 3 for Blue): You sends Green
Enemy uses Attack Potion on Blue
Your Green: HP 110 || Enemy's Blue: HP 100
--------------------------------------------------
Round 2
Select your action (1 for skill, 2 for change): Select your action (1 for skill, 2 for change): Select your action (1 for skill, 2 for change): Select your next slime (2 for Red, 3 for Blue): You sends Red
Enemy's Blue uses Tackle! Damage: 40
Your Red: HP 60 || Enemy's Blue: HP 100
--------------------------------------------------
Round 3
Select your action (1 for skill, 2 for change): Select your next slime (1 for Green, 3 for Blue): Select your next slime (1 for Green, 3 for Blue): Select your next slime (1 for Green, 3 for Blue): You sends Blue
Enemy's Blue uses Stream! Damage: 18
Your Blue: HP 82 || Enemy's Blue: HP 100
--------------------------------------------------
Round 4
Select your action (1 for skill, 2 for change): Select your action (1 for skill, 2 for change): Select your action (1 for skill, 2 for change): Select the skill (1 for Tackle, 2 for Stream): Enemy's Blue uses Tackle! Damage: 36
Your Blue uses Stream! Damage: 9
Your Blue: HP 46 || Enemy's Blue: HP 91
--------------------------------------------------
Round 5
Select your action (1 for skill, 2 for change): Select the skill (1 for Tackle, 2 for Stream): Enemy's Blue uses Tackle! Damage: 36
Your Blue uses Stream! Damage: 9
Your Blue: HP 10 || Enemy's Blue: HP 82
--------------------------------------------------
Round 6
Select your action (1 for skill, 2 for change): Select your action (1 for skill, 2 for change): Select your next slime (1 for Green, 2 for Red): Select your next slime (1 for Green, 2 for Red): You sends Red
Enemy's Blue uses Tackle! Damage: 40
Your Red: HP 20 || Enemy's Blue: HP 82
--------------------------------------------------
Round 7
Select your action (1 for skill, 2 for change): Select the skill (1 for Tackle, 2 for Flame): Your Red uses Tackle! Damage: 20
Enemy's Blue uses Stream! Damage: 80
Your Red is beaten
Select your next slime (1 for Green, 3 for Blue): You sends Blue
Your Blue: HP 10 || Enemy's Blue: HP 62
--------------------------------------------------
Round 8
Select your action (1 for skill, 2 for change): Select the skill (1 for Tackle, 2 for Stream): Select the skill (1 for Tackle, 2 for Stream): Enemy's Blue uses Tackle! Damage: 36
Your Blue is beaten
Select your next slime (1 for Green): You sends Green
Your Green: HP 110 || Enemy's Blue: HP 62
--------------------------------------------------
Round 9
Select your action (1 for skill): Select your action (1 for skill): Select your action (1 for skill): Select your action (1 for skill): Select your action (1 for skill): Select the skill (1 for Tackle, 2 for Leaf): Your Green uses Tackle! Damage: 18
Enemy's Blue uses Tackle! Damage: 40
Your Green: HP 70 || Enemy's Blue: HP 44
--------------------------------------------------
Round 10
Select your action (1 for skill): Select your action (1 for skill): Select your action (1 for skill): Select your action (1 for skill): Select your action (1 for skill): Select your action (1 for skill): Select your action (1 for skill): Select the skill (1 for Tackle, 2 for Leaf): Select the skill (1 for Tackle, 2 for Leaf): Your Green uses Tackle! Damage: 18
Enemy's Blue uses Tackle! Damage: 40
Your Green: HP 30 || Enemy's Blue: HP 26
--------------------------------------------------
Round 11
Select your action (1 for skill): Select your action (1 for skill): Select the skill (1 for Tackle, 2 for Leaf): Your Green uses Tackle! Damage: 18
Enemy's Blue uses Tackle! Damage: 40
Your Green is beaten
Enemy Win You Lose