Welcome to Battle of Slimes!
You have Green, Red and Blue. So does Enemy.
Select your starting slime (1 for Green, 2 for Red, 3 for Blue): You starts with Blue
Enemy starts with Green
Your Blue: HP 100 || Enemy's Green: HP 110
Battle starts!
--------------------------------------------------
Round 1
Select your action (1 for skill, 2 for change): Select the skill (1 for Tackle, 2 for Stream): Select the skill (1 for Tackle, 2 for Stream): Enemy uses Attack Potion on Green
Your Blue uses Tackle! Damage: 20
Your Blue: HP 100 || Enemy's Green: HP 90
--------------------------------------------------
Round 2
Select your action (1 for skill, 2 for change): Select your next slime (1 for Green, 2 for Red): You sends Red
Enemy's Green uses Leaf! Damage: 20
Your Red: HP 80 || Enemy's Green: HP 90
--------------------------------------------------
Round 3
Select your action (1 for skill, 2 for change): Select your next slime (1 for Green, 3 for Blue): You sends Green
Enemy's Green uses Tackle! Damage: 40
Your Green: HP 70 || Enemy's Green: HP 90
--------------------------------------------------
Round 4
Select your action (1 for skill, 2 for change): Select your next slime (2 for Red, 3 for Blue): Select your next slime (2 for Red, 3 for Blue): You sends Red
Enemy's Green uses Tackle! Damage: 40
Your Red: HP 40 || Enemy's Green: HP 90
--------------------------------------------------
Round 5
Select your action (1 for skill, 2 for change): Select your action (1 for skill, 2 for change): Select your next slime (1 for Green, 3 for Blue): Select your next slime (1 for Green, 3 for Blue): Select your next slime (1 for Green, 3 for Blue): You sends Green
Enemy's Green uses Tackle! Damage: 40
Your Green: HP 30 || Enemy's Green: HP 90
--------------------------------------------------
Round 6
Select your action (1 for skill, 2 for change): Select your next slime (2 for Red, 3 for Blue): You sends Blue
Enemy's Green uses Tackle! Damage: 36
Your Blue: HP 64 || Enemy's Green: HP 90
--------------------------------------------------
Round 7
Select your action (1 for skill, 2 for change): Select your action (1 for skill, 2 for change): Select the skill (1 for Tackle, 2 for Stream): Enemy's Green uses Leaf! Damage: 73
Your Blue is beaten
Select your next slime (1 for Green, 2 for Red): You sends Red
Your Red: HP 40 || Enemy's Green: HP 90
--------------------------------------------------
Round 8
Select your action (1 for skill, 2 for change): Select your next slime (1 for Green): Select your next slime (1 for Green): Select your next slime (1 for Green): You sends Green
Enemy's Green uses Tackle! Damage: 40
Your Green is beaten
Select your next slime (2 for Red): Select your next slime (2 for Red): Select your next slime (2 for Red): Select your next slime (2 for Red): Select your next slime (2 for Red): Select your next slime (2 for Red): You sends Red
Your Red: HP 40 || Enemy's Green: HP 90
--------------------------------------------------
Round 9
Select your action (1 for skill): Select the skill (1 for Tackle, 2 for Flame): Select the skill (1 for Tackle, 2 for Flame): Your Red uses Tackle! Damage: 22
Enemy's Green uses Tackle! Damage: 40
Your Red is beaten
Enemy Win You Lose