Welcome to Battle of Slimes!
You have Green, Red and Blue. So does Enemy.
Select your starting slime (1 for Green, 2 for Red, 3 for Blue): You starts with Blue
Enemy starts with Green
Your Blue: HP 100 || Enemy's Green: HP 110
Battle starts!
--------------------------------------------------
Round 1
Select your action (1 for skill, 2 for change): Select your action (1 for skill, 2 for change): Select your action (1 for skill, 2 for change): Select your next slime (1 for Green, 2 for Red): You sends Red
Enemy's Green uses Leaf! Damage: 10
Your Red: HP 90 || Enemy's Green: HP 110
--------------------------------------------------
Round 2
Select your action (1 for skill, 2 for change): Select the skill (1 for Tackle, 2 for Flame): Enemy sends Blue
Your Red uses Tackle! Damage: 20
Your Red: HP 90 || Enemy's Blue: HP 80
--------------------------------------------------
Round 3
Select your action (1 for skill, 2 for change): Select the skill (1 for Tackle, 2 for Flame): Your Red uses Flame! Damage: 10
Enemy's Blue uses Stream! Damage: 40
Your Red: HP 50 || Enemy's Blue: HP 70
--------------------------------------------------
Round 4
Select your action (1 for skill, 2 for change): Select your action (1 for skill, 2 for change): Select the skill (1 for Tackle, 2 for Flame): Your Red uses Flame! Damage: 10
Enemy's Blue uses Stream! Damage: 40
Your Red: HP 10 || Enemy's Blue: HP 60
--------------------------------------------------
Round 5
Select your action (1 for skill, 2 for change): Select the skill (1 for Tackle, 2 for Flame): Your Red uses Flame! Damage: 10
Enemy's Blue uses Stream! Damage: 40
Your Red is beaten
Select your next slime (1 for Green, 3 for Blue): You sends Green
Your Green: HP 110 || Enemy's Blue: HP 50
--------------------------------------------------
Round 6
Select your action (1 for skill, 2 for change): Select the skill (1 for Tackle, 2 for Leaf): Enemy sends Red
Your Green uses Tackle! Damage: 20
Your Green: HP 110 || Enemy's Red: HP 80
--------------------------------------------------
Round 7
Select your action (1 for skill, 2 for change): Select your action (1 for skill, 2 for change): Select the skill (1 for Tackle, 2 for Leaf): Select the skill (1 for Tackle, 2 for Leaf): Enemy's Red uses Flame! Damage: 44
Your Green uses Leaf! Damage: 10
Your Green: HP 66 || Enemy's Red: HP 70
--------------------------------------------------
Round 8
Select your action (1 for skill, 2 for change): Select your next slime (3 for Blue): Select your next slime (3 for Blue): You sends Blue
Enemy's Red uses Flame! Damage: 10
Your Blue: HP 90 || Enemy's Red: HP 70
--------------------------------------------------
Round 9
Select your action (1 for skill, 2 for change): Select your action (1 for skill, 2 for change): Select your next slime (1 for Green): Select your next slime (1 for Green): You sends Green
Enemy sends Green
Your Green: HP 66 || Enemy's Green: HP 110
--------------------------------------------------
Round 10
Select your action (1 for skill, 2 for change): Select your next slime (3 for Blue): Select your next slime (3 for Blue): You sends Blue
Enemy sends Red
Your Blue: HP 90 || Enemy's Red: HP 70
--------------------------------------------------
Round 11
Select your action (1 for skill, 2 for change): Select the skill (1 for Tackle, 2 for Stream): Select the skill (1 for Tackle, 2 for Stream): Enemy sends Green
Your Blue uses Tackle! Damage: 20
Your Blue: HP 90 || Enemy's Green: HP 90
--------------------------------------------------
Round 12
Select your action (1 for skill, 2 for change): Select your next slime (1 for Green): Select your next slime (1 for Green): Select your next slime (1 for Green): Select your next slime (1 for Green): Select your next slime (1 for Green): You sends Green
Enemy's Green uses Leaf! Damage: 10
Your Green: HP 56 || Enemy's Green: HP 90
--------------------------------------------------
Round 13
Select your action (1 for skill, 2 for change): Select your next slime (3 for Blue): Select your next slime (3 for Blue): You sends Blue
Enemy sends Red
Your Blue: HP 90 || Enemy's Red: HP 70
--------------------------------------------------
Round 14
Select your action (1 for skill, 2 for change): Select your next slime (1 for Green): Select your next slime (1 for Green): You sends Green
Enemy sends Green
Your Green: HP 56 || Enemy's Green: HP 90
--------------------------------------------------
Round 15
Select your action (1 for skill, 2 for change): Select your next slime (3 for Blue): Select your next slime (3 for Blue): Select your next slime (3 for Blue): Select your next slime (3 for Blue): Select your next slime (3 for Blue): You sends Blue
Enemy sends Red
Your Blue: HP 90 || Enemy's Red: HP 70
--------------------------------------------------
Round 16
Select your action (1 for skill, 2 for change): Select your action (1 for skill, 2 for change): Select the skill (1 for Tackle, 2 for Stream): Enemy sends Green
Your Blue uses Tackle! Damage: 20
Your Blue: HP 90 || Enemy's Green: HP 70
--------------------------------------------------
Round 17
Select your action (1 for skill, 2 for change): Select your action (1 for skill, 2 for change): Select your next slime (1 for Green): Select your next slime (1 for Green): Select your next slime (1 for Green): Select your next slime (1 for Green): Select your next slime (1 for Green): Select your next slime (1 for Green): You sends Green
Enemy's Green uses Leaf! Damage: 10
Your Green: HP 46 || Enemy's Green: HP 70
--------------------------------------------------
Round 18
Select your action (1 for skill, 2 for change): Select your next slime (3 for Blue): Select your next slime (3 for Blue): You sends Blue
Enemy sends Red
Your Blue: HP 90 || Enemy's Red: HP 70
--------------------------------------------------
Round 19
Select your action (1 for skill, 2 for change): Select your action (1 for skill, 2 for change): Select the skill (1 for Tackle, 2 for Stream): Select the skill (1 for Tackle, 2 for Stream): Select the skill (1 for Tackle, 2 for Stream): Enemy sends Green
Your Blue uses Tackle! Damage: 20
Your Blue: HP 90 || Enemy's Green: HP 50
--------------------------------------------------
Round 20
Select your action (1 for skill, 2 for change): Select your action (1 for skill, 2 for change): Select the skill (1 for Tackle, 2 for Stream): Enemy's Green uses Leaf! Damage: 36
Your Blue uses Stream! Damage: 10
Your Blue: HP 54 || Enemy's Green: HP 40
--------------------------------------------------
Round 21
Select your action (1 for skill, 2 for change): Select your action (1 for skill, 2 for change): Select your action (1 for skill, 2 for change): Select your action (1 for skill, 2 for change): Select your next slime (1 for Green): Select your next slime (1 for Green): Select your next slime (1 for Green): You sends Green
Enemy's Green uses Leaf! Damage: 10
Your Green: HP 36 || Enemy's Green: HP 40
--------------------------------------------------
Round 22
Select your action (1 for skill, 2 for change): Select your next slime (3 for Blue): Select your next slime (3 for Blue): You sends Blue
Enemy sends Red
Your Blue: HP 54 || Enemy's Red: HP 70
--------------------------------------------------
Round 23
Select your action (1 for skill, 2 for change): Select your action (1 for skill, 2 for change): Select your action (1 for skill, 2 for change): Select your next slime (1 for Green): You sends Green
Enemy sends Green
Your Green: HP 36 || Enemy's Green: HP 40
--------------------------------------------------
Round 24
Select your action (1 for skill, 2 for change): Select the skill (1 for Tackle, 2 for Leaf): Enemy sends Red
Your Green uses Leaf! Damage: 10
Your Green: HP 36 || Enemy's Red: HP 60
--------------------------------------------------
Round 25
Select your action (1 for skill, 2 for change): Select your next slime (3 for Blue): You sends Blue
Enemy's Red uses Flame! Damage: 10
Your Blue: HP 44 || Enemy's Red: HP 60
--------------------------------------------------
Round 26
Select your action (1 for skill, 2 for change): Select the skill (1 for Tackle, 2 for Stream): Enemy sends Green
Your Blue uses Tackle! Damage: 20
Your Blue: HP 44 || Enemy's Green: HP 20
--------------------------------------------------
Round 27
Select your action (1 for skill, 2 for change): Select the skill (1 for Tackle, 2 for Stream): Enemy's Green uses Leaf! Damage: 36
Your Blue uses Stream! Damage: 10
Your Blue: HP 8 || Enemy's Green: HP 10
--------------------------------------------------
Round 28
Select your action (1 for skill, 2 for change): Select the skill (1 for Tackle, 2 for Stream): Select the skill (1 for Tackle, 2 for Stream): Enemy's Green uses Leaf! Damage: 36
Your Blue is beaten
Select your next slime (1 for Green): Select your next slime (1 for Green): Select your next slime (1 for Green): You sends Green
Your Green: HP 36 || Enemy's Green: HP 10
--------------------------------------------------
Round 29
Select your action (1 for skill): Select your action (1 for skill): Select the skill (1 for Tackle, 2 for Leaf): Enemy sends Red
Your Green uses Leaf! Damage: 10
Your Green: HP 36 || Enemy's Red: HP 50
--------------------------------------------------
Round 30
Select your action (1 for skill): Select your action (1 for skill): Select your action (1 for skill): Select the skill (1 for Tackle, 2 for Leaf): Enemy's Red uses Flame! Damage: 44
Your Green is beaten
Enemy Win You Lose