Welcome to Battle of Slimes!
You have Green, Red and Blue. So does Enemy.
Select your starting slime (1 for Green, 2 for Red, 3 for Blue): You starts with Red
Enemy starts with Blue
Your Red: HP 100 || Enemy's Blue: HP 100
Battle starts!
--------------------------------------------------
Round 1
Select your action (1 for skill, 2 for change): Select your action (1 for skill, 2 for change): Select your next slime (1 for Green, 3 for Blue): You sends Green
Enemy's Blue uses Stream! Damage: 10
Your Green: HP 100 || Enemy's Blue: HP 100
--------------------------------------------------
Round 2
Select your action (1 for skill, 2 for change): Select your action (1 for skill, 2 for change): Select your action (1 for skill, 2 for change): Select the skill (1 for Tackle, 2 for Leaf): Enemy sends Red
Your Green uses Tackle! Damage: 20
Your Green: HP 100 || Enemy's Red: HP 80
--------------------------------------------------
Round 3
Select your action (1 for skill, 2 for change): Select your next slime (2 for Red, 3 for Blue): You sends Red
Enemy's Red uses Flame! Damage: 11
Your Red: HP 89 || Enemy's Red: HP 80
--------------------------------------------------
Round 4
Select your action (1 for skill, 2 for change): Select your next slime (1 for Green, 3 for Blue): You sends Green
Enemy sends Blue
Your Green: HP 100 || Enemy's Blue: HP 100
--------------------------------------------------
Round 5
Select your action (1 for skill, 2 for change): Select your action (1 for skill, 2 for change): Select your action (1 for skill, 2 for change): Select the skill (1 for Tackle, 2 for Leaf): Enemy sends Red
Your Green uses Leaf! Damage: 10
Your Green: HP 100 || Enemy's Red: HP 70
--------------------------------------------------
Round 6
Select your action (1 for skill, 2 for change): Select your action (1 for skill, 2 for change): Select the skill (1 for Tackle, 2 for Leaf): Enemy's Red uses Flame! Damage: 44
Your Green uses Tackle! Damage: 20
Your Green: HP 56 || Enemy's Red: HP 50
--------------------------------------------------
Round 7
Select your action (1 for skill, 2 for change): Select your next slime (2 for Red, 3 for Blue): You sends Blue
Enemy's Red uses Flame! Damage: 10
Your Blue: HP 90 || Enemy's Red: HP 50
--------------------------------------------------
Round 8
Select your action (1 for skill, 2 for change): Select your action (1 for skill, 2 for change): Select your action (1 for skill, 2 for change): Select your action (1 for skill, 2 for change): Select your action (1 for skill, 2 for change): Select your action (1 for skill, 2 for change): Select your action (1 for skill, 2 for change): Select your next slime (1 for Green, 2 for Red): You sends Red
Enemy sends Green
Your Red: HP 89 || Enemy's Green: HP 110
--------------------------------------------------
Round 9
Select your action (1 for skill, 2 for change): Select your next slime (1 for Green, 3 for Blue): You sends Green
Enemy sends Blue
Your Green: HP 56 || Enemy's Blue: HP 100
--------------------------------------------------
Round 10
Select your action (1 for skill, 2 for change): Select your action (1 for skill, 2 for change): Select the skill (1 for Tackle, 2 for Leaf): Enemy sends Red
Your Green uses Leaf! Damage: 10
Your Green: HP 56 || Enemy's Red: HP 40
--------------------------------------------------
Round 11
Select your action (1 for skill, 2 for change): Select your next slime (2 for Red, 3 for Blue): You sends Blue
Enemy's Red uses Flame! Damage: 10
Your Blue: HP 80 || Enemy's Red: HP 40
--------------------------------------------------
Round 12
Select your action (1 for skill, 2 for change): Select the skill (1 for Tackle, 2 for Stream): Enemy sends Green
Your Blue uses Stream! Damage: 10
Your Blue: HP 80 || Enemy's Green: HP 100
--------------------------------------------------
Round 13
Select your action (1 for skill, 2 for change): Select your action (1 for skill, 2 for change): Select your action (1 for skill, 2 for change): Select your action (1 for skill, 2 for change): Select your next slime (1 for Green, 2 for Red): Select your next slime (1 for Green, 2 for Red): Select your next slime (1 for Green, 2 for Red): You sends Red
Enemy's Green uses Leaf! Damage: 10
Your Red: HP 79 || Enemy's Green: HP 100
--------------------------------------------------
Round 14
Select your action (1 for skill, 2 for change): Select your next slime (1 for Green, 3 for Blue): You sends Green
Enemy sends Blue
Your Green: HP 56 || Enemy's Blue: HP 100
--------------------------------------------------
Round 15
Select your action (1 for skill, 2 for change): Select the skill (1 for Tackle, 2 for Leaf): Enemy sends Red
Your Green uses Tackle! Damage: 20
Your Green: HP 56 || Enemy's Red: HP 20
--------------------------------------------------
Round 16
Select your action (1 for skill, 2 for change): Select your next slime (2 for Red, 3 for Blue): You sends Blue
Enemy's Red uses Flame! Damage: 10
Your Blue: HP 70 || Enemy's Red: HP 20
--------------------------------------------------
Round 17
Select your action (1 for skill, 2 for change): Select the skill (1 for Tackle, 2 for Stream): Enemy sends Green
Your Blue uses Stream! Damage: 10
Your Blue: HP 70 || Enemy's Green: HP 90
--------------------------------------------------
Round 18
Select your action (1 for skill, 2 for change): Select your next slime (1 for Green, 2 for Red): You sends Green
Enemy's Green uses Leaf! Damage: 10
Your Green: HP 46 || Enemy's Green: HP 90
--------------------------------------------------
Round 19
Select your action (1 for skill, 2 for change): Select the skill (1 for Tackle, 2 for Leaf): Select the skill (1 for Tackle, 2 for Leaf): Enemy sends Red
Your Green uses Tackle! Damage: 20
Enemy's Red is beaten
Enemy sends Green
Your Green: HP 46 || Enemy's Green: HP 90
--------------------------------------------------
Round 20
Select your action (1 for skill, 2 for change): Select your action (1 for skill, 2 for change): Select the skill (1 for Tackle, 2 for Leaf): Select the skill (1 for Tackle, 2 for Leaf): Enemy's Green uses Tackle! Damage: 20
Your Green uses Leaf! Damage: 10
Your Green: HP 26 || Enemy's Green: HP 80
--------------------------------------------------
Round 21
Select your action (1 for skill, 2 for change): Select your action (1 for skill, 2 for change): Select your next slime (2 for Red, 3 for Blue): You sends Blue
Enemy's Green uses Tackle! Damage: 18
Your Blue: HP 52 || Enemy's Green: HP 80
--------------------------------------------------
Round 22
Select your action (1 for skill, 2 for change): Select your action (1 for skill, 2 for change): Select your next slime (1 for Green, 2 for Red): You sends Red
Enemy's Green uses Leaf! Damage: 10
Your Red: HP 69 || Enemy's Green: HP 80
--------------------------------------------------
Round 23
Select your action (1 for skill, 2 for change): Select your action (1 for skill, 2 for change): Select your next slime (1 for Green, 3 for Blue): You sends Green
Enemy sends Blue
Your Green: HP 26 || Enemy's Blue: HP 100
--------------------------------------------------
Round 24
Select your action (1 for skill, 2 for change): Select the skill (1 for Tackle, 2 for Leaf): Select the skill (1 for Tackle, 2 for Leaf): Enemy sends Green
Your Green uses Tackle! Damage: 20
Your Green: HP 26 || Enemy's Green: HP 60
--------------------------------------------------
Round 25
Select your action (1 for skill, 2 for change): Select your action (1 for skill, 2 for change): Select your action (1 for skill, 2 for change): Select your next slime (2 for Red, 3 for Blue): Select your next slime (2 for Red, 3 for Blue): You sends Blue
Enemy's Green uses Tackle! Damage: 18
Your Blue: HP 34 || Enemy's Green: HP 60
--------------------------------------------------
Round 26
Select your action (1 for skill, 2 for change): Select the skill (1 for Tackle, 2 for Stream): Enemy's Green uses Leaf! Damage: 36
Your Blue is beaten
Select your next slime (1 for Green, 2 for Red): You sends Red
Your Red: HP 69 || Enemy's Green: HP 60
--------------------------------------------------
Round 27
Select your action (1 for skill, 2 for change): Select your action (1 for skill, 2 for change): Select your next slime (1 for Green): You sends Green
Enemy sends Blue
Your Green: HP 26 || Enemy's Blue: HP 100
--------------------------------------------------
Round 28
Select your action (1 for skill, 2 for change): Select your next slime (2 for Red): You sends Red
Enemy sends Green
Your Red: HP 69 || Enemy's Green: HP 60
--------------------------------------------------
Round 29
Select your action (1 for skill, 2 for change): Select your next slime (1 for Green): Select your next slime (1 for Green): Select your next slime (1 for Green): Select your next slime (1 for Green): Select your next slime (1 for Green): Select your next slime (1 for Green): Select your next slime (1 for Green): Select your next slime (1 for Green): Select your next slime (1 for Green): Select your next slime (1 for Green): Select your next slime (1 for Green): Select your next slime (1 for Green): Select your next slime (1 for Green): You sends Green
Enemy sends Blue
Your Green: HP 26 || Enemy's Blue: HP 100
--------------------------------------------------
Round 30
Select your action (1 for skill, 2 for change): Select your action (1 for skill, 2 for change): Select the skill (1 for Tackle, 2 for Leaf): Select the skill (1 for Tackle, 2 for Leaf): Enemy sends Green
Your Green uses Tackle! Damage: 20
Your Green: HP 26 || Enemy's Green: HP 40
--------------------------------------------------
Round 31
Select your action (1 for skill, 2 for change): Select your next slime (2 for Red): Select your next slime (2 for Red): Select your next slime (2 for Red): You sends Red
Enemy's Green uses Tackle! Damage: 20
Your Red: HP 49 || Enemy's Green: HP 40
--------------------------------------------------
Round 32
Select your action (1 for skill, 2 for change): Select the skill (1 for Tackle, 2 for Flame): Enemy sends Blue
Your Red uses Flame! Damage: 10
Your Red: HP 49 || Enemy's Blue: HP 90
--------------------------------------------------
Round 33
Select your action (1 for skill, 2 for change): Select the skill (1 for Tackle, 2 for Flame): Your Red uses Tackle! Damage: 20
Enemy's Blue uses Stream! Damage: 40
Your Red: HP 9 || Enemy's Blue: HP 70
--------------------------------------------------
Round 34
Select your action (1 for skill, 2 for change): Select your next slime (1 for Green): Select your next slime (1 for Green): Select your next slime (1 for Green): You sends Green
Enemy's Blue uses Stream! Damage: 10
Your Green: HP 16 || Enemy's Blue: HP 70
--------------------------------------------------
Round 35
Select your action (1 for skill, 2 for change): Select the skill (1 for Tackle, 2 for Leaf): Enemy sends Green
Your Green uses Tackle! Damage: 20
Your Green: HP 16 || Enemy's Green: HP 20
--------------------------------------------------
Round 36
Select your action (1 for skill, 2 for change): Select your action (1 for skill, 2 for change): Select your action (1 for skill, 2 for change): Select your next slime (2 for Red): You sends Red
Enemy's Green uses Tackle! Damage: 20
Your Red is beaten
Select your next slime (1 for Green): You sends Green
Your Green: HP 16 || Enemy's Green: HP 20
--------------------------------------------------
Round 37
Select your action (1 for skill): Select your action (1 for skill): Select your action (1 for skill): Select the skill (1 for Tackle, 2 for Leaf): Enemy's Green uses Tackle! Damage: 20
Your Green is beaten
Enemy Win You Lose