Welcome to Battle of Slimes!
You have Green, Red and Blue. So does Enemy.
Select your starting slime (1 for Green, 2 for Red, 3 for Blue): You starts with Blue
Enemy starts with Green
Your Blue: HP 100 || Enemy's Green: HP 110
Battle starts!
--------------------------------------------------
Round 1
Select your action (1 for skill, 2 for change): Select the skill (1 for Tackle, 2 for Stream): Enemy's Green uses Leaf! Damage: 36
Your Blue uses Tackle! Damage: 20
Your Blue: HP 64 || Enemy's Green: HP 90
--------------------------------------------------
Round 2
Select your action (1 for skill, 2 for change): Select your action (1 for skill, 2 for change): Select your action (1 for skill, 2 for change): Select the skill (1 for Tackle, 2 for Stream): Enemy's Green uses Leaf! Damage: 36
Your Blue uses Tackle! Damage: 20
Your Blue: HP 28 || Enemy's Green: HP 70
--------------------------------------------------
Round 3
Select your action (1 for skill, 2 for change): Select the skill (1 for Tackle, 2 for Stream): Select the skill (1 for Tackle, 2 for Stream): Enemy's Green uses Leaf! Damage: 36
Your Blue is beaten
Select your next slime (1 for Green, 2 for Red): You sends Green
Your Green: HP 110 || Enemy's Green: HP 70
--------------------------------------------------
Round 4
Select your action (1 for skill, 2 for change): Select the skill (1 for Tackle, 2 for Leaf): Enemy sends Red
Your Green uses Tackle! Damage: 20
Your Green: HP 110 || Enemy's Red: HP 80
--------------------------------------------------
Round 5
Select your action (1 for skill, 2 for change): Select the skill (1 for Tackle, 2 for Leaf): Enemy's Red uses Flame! Damage: 44
Your Green uses Tackle! Damage: 20
Your Green: HP 66 || Enemy's Red: HP 60
--------------------------------------------------
Round 6
Select your action (1 for skill, 2 for change): Select your action (1 for skill, 2 for change): Select the skill (1 for Tackle, 2 for Leaf): Select the skill (1 for Tackle, 2 for Leaf): Enemy's Red uses Flame! Damage: 44
Your Green uses Leaf! Damage: 10
Your Green: HP 22 || Enemy's Red: HP 50
--------------------------------------------------
Round 7
Select your action (1 for skill, 2 for change): Select your action (1 for skill, 2 for change): Select your action (1 for skill, 2 for change): Select the skill (1 for Tackle, 2 for Leaf): Enemy's Red uses Flame! Damage: 44
Your Green is beaten
Select your next slime (2 for Red): You sends Red
Your Red: HP 100 || Enemy's Red: HP 50
--------------------------------------------------
Round 8
Select your action (1 for skill): Select your action (1 for skill): Select your action (1 for skill): Select your action (1 for skill): Select the skill (1 for Tackle, 2 for Flame): Select the skill (1 for Tackle, 2 for Flame): Enemy sends Blue
Your Red uses Flame! Damage: 10
Your Red: HP 100 || Enemy's Blue: HP 90
--------------------------------------------------
Round 9
Select your action (1 for skill): Select your action (1 for skill): Select your action (1 for skill): Select your action (1 for skill): Select the skill (1 for Tackle, 2 for Flame): Your Red uses Flame! Damage: 10
Enemy's Blue uses Stream! Damage: 40
Your Red: HP 60 || Enemy's Blue: HP 80
--------------------------------------------------
Round 10
Select your action (1 for skill): Select your action (1 for skill): Select the skill (1 for Tackle, 2 for Flame): Select the skill (1 for Tackle, 2 for Flame): Select the skill (1 for Tackle, 2 for Flame): Your Red uses Tackle! Damage: 20
Enemy's Blue uses Stream! Damage: 40
Your Red: HP 20 || Enemy's Blue: HP 60
--------------------------------------------------
Round 11
Select your action (1 for skill): Select your action (1 for skill): Select the skill (1 for Tackle, 2 for Flame): Select the skill (1 for Tackle, 2 for Flame): Select the skill (1 for Tackle, 2 for Flame): Your Red uses Flame! Damage: 10
Enemy's Blue uses Stream! Damage: 40
Your Red is beaten
Enemy Win You Lose