Welcome to Battle of Slimes!
You have Green, Red and Blue. So does Enemy.
Select your starting slime (1 for Green, 2 for Red, 3 for Blue): You starts with Red
Enemy starts with Blue
Your Red: HP 100 || Enemy's Blue: HP 100
Battle starts!
--------------------------------------------------
Round 1
Select your action (1 for skill, 2 for change): Select the skill (1 for Tackle, 2 for Flame): Your Red uses Tackle! Damage: 20
Enemy's Blue uses Stream! Damage: 40
Your Red: HP 60 || Enemy's Blue: HP 80
--------------------------------------------------
Round 2
Select your action (1 for skill, 2 for change): Select the skill (1 for Tackle, 2 for Flame): Your Red uses Flame! Damage: 10
Enemy's Blue uses Stream! Damage: 40
Your Red: HP 20 || Enemy's Blue: HP 70
--------------------------------------------------
Round 3
Select your action (1 for skill, 2 for change): Select the skill (1 for Tackle, 2 for Flame): Your Red uses Flame! Damage: 10
Enemy's Blue uses Stream! Damage: 40
Your Red is beaten
Select your next slime (1 for Green, 3 for Blue): You sends Green
Your Green: HP 110 || Enemy's Blue: HP 60
--------------------------------------------------
Round 4
Select your action (1 for skill, 2 for change): Select the skill (1 for Tackle, 2 for Leaf): Enemy sends Red
Your Green uses Tackle! Damage: 20
Your Green: HP 110 || Enemy's Red: HP 80
--------------------------------------------------
Round 5
Select your action (1 for skill, 2 for change): Select the skill (1 for Tackle, 2 for Leaf): Enemy's Red uses Flame! Damage: 44
Your Green uses Tackle! Damage: 20
Your Green: HP 66 || Enemy's Red: HP 60
--------------------------------------------------
Round 6
Select your action (1 for skill, 2 for change): Select your next slime (3 for Blue): You sends Blue
Enemy's Red uses Flame! Damage: 10
Your Blue: HP 90 || Enemy's Red: HP 60
--------------------------------------------------
Round 7
Select your action (1 for skill, 2 for change): Select the skill (1 for Tackle, 2 for Stream): Select the skill (1 for Tackle, 2 for Stream): Enemy sends Green
Your Blue uses Tackle! Damage: 20
Your Blue: HP 90 || Enemy's Green: HP 90
--------------------------------------------------
Round 8
Select your action (1 for skill, 2 for change): Select your next slime (1 for Green): Select your next slime (1 for Green): Select your next slime (1 for Green): You sends Green
Enemy's Green uses Leaf! Damage: 10
Your Green: HP 56 || Enemy's Green: HP 90
--------------------------------------------------
Round 9
Select your action (1 for skill, 2 for change): Select your next slime (3 for Blue): Select your next slime (3 for Blue): You sends Blue
Enemy sends Red
Your Blue: HP 90 || Enemy's Red: HP 60
--------------------------------------------------
Round 10
Select your action (1 for skill, 2 for change): Select the skill (1 for Tackle, 2 for Stream): Enemy sends Green
Your Blue uses Tackle! Damage: 20
Your Blue: HP 90 || Enemy's Green: HP 70
--------------------------------------------------
Round 11
Select your action (1 for skill, 2 for change): Select your next slime (1 for Green): Select your next slime (1 for Green): Select your next slime (1 for Green): Select your next slime (1 for Green): You sends Green
Enemy's Green uses Leaf! Damage: 10
Your Green: HP 46 || Enemy's Green: HP 70
--------------------------------------------------
Round 12
Select your action (1 for skill, 2 for change): Select the skill (1 for Tackle, 2 for Leaf): Select the skill (1 for Tackle, 2 for Leaf): Enemy sends Red
Your Green uses Tackle! Damage: 20
Your Green: HP 46 || Enemy's Red: HP 40
--------------------------------------------------
Round 13
Select your action (1 for skill, 2 for change): Select your next slime (3 for Blue): Select your next slime (3 for Blue): You sends Blue
Enemy's Red uses Flame! Damage: 10
Your Blue: HP 80 || Enemy's Red: HP 40
--------------------------------------------------
Round 14
Select your action (1 for skill, 2 for change): Select your next slime (1 for Green): Select your next slime (1 for Green): Select your next slime (1 for Green): Select your next slime (1 for Green): Select your next slime (1 for Green): Select your next slime (1 for Green): Select your next slime (1 for Green): Select your next slime (1 for Green): You sends Green
Enemy sends Green
Your Green: HP 46 || Enemy's Green: HP 70
--------------------------------------------------
Round 15
Select your action (1 for skill, 2 for change): Select the skill (1 for Tackle, 2 for Leaf): Select the skill (1 for Tackle, 2 for Leaf): Enemy sends Red
Your Green uses Leaf! Damage: 10
Your Green: HP 46 || Enemy's Red: HP 30
--------------------------------------------------
Round 16
Select your action (1 for skill, 2 for change): Select your next slime (3 for Blue): Select your next slime (3 for Blue): Select your next slime (3 for Blue): You sends Blue
Enemy's Red uses Flame! Damage: 10
Your Blue: HP 70 || Enemy's Red: HP 30
--------------------------------------------------
Round 17
Select your action (1 for skill, 2 for change): Select your next slime (1 for Green): Select your next slime (1 for Green): You sends Green
Enemy sends Green
Your Green: HP 46 || Enemy's Green: HP 70
--------------------------------------------------
Round 18
Select your action (1 for skill, 2 for change): Select your next slime (3 for Blue): You sends Blue
Enemy sends Red
Your Blue: HP 70 || Enemy's Red: HP 30
--------------------------------------------------
Round 19
Select your action (1 for skill, 2 for change): Select the skill (1 for Tackle, 2 for Stream): Select the skill (1 for Tackle, 2 for Stream): Select the skill (1 for Tackle, 2 for Stream): Enemy sends Green
Your Blue uses Tackle! Damage: 20
Your Blue: HP 70 || Enemy's Green: HP 50
--------------------------------------------------
Round 20
Select your action (1 for skill, 2 for change): Select your action (1 for skill, 2 for change): Select the skill (1 for Tackle, 2 for Stream): Select the skill (1 for Tackle, 2 for Stream): Select the skill (1 for Tackle, 2 for Stream): Enemy's Green uses Leaf! Damage: 36
Your Blue uses Stream! Damage: 10
Your Blue: HP 34 || Enemy's Green: HP 40
--------------------------------------------------
Round 21
Select your action (1 for skill, 2 for change): Select your next slime (1 for Green): Select your next slime (1 for Green): Select your next slime (1 for Green): Select your next slime (1 for Green): Select your next slime (1 for Green): Select your next slime (1 for Green): Select your next slime (1 for Green): You sends Green
Enemy's Green uses Leaf! Damage: 10
Your Green: HP 36 || Enemy's Green: HP 40
--------------------------------------------------
Round 22
Select your action (1 for skill, 2 for change): Select your next slime (3 for Blue): Select your next slime (3 for Blue): Select your next slime (3 for Blue): Select your next slime (3 for Blue): Select your next slime (3 for Blue): Select your next slime (3 for Blue): Select your next slime (3 for Blue): You sends Blue
Enemy sends Red
Your Blue: HP 34 || Enemy's Red: HP 30
--------------------------------------------------
Round 23
Select your action (1 for skill, 2 for change): Select your next slime (1 for Green): Select your next slime (1 for Green): You sends Green
Enemy sends Green
Your Green: HP 36 || Enemy's Green: HP 40
--------------------------------------------------
Round 24
Select your action (1 for skill, 2 for change): Select your next slime (3 for Blue): Select your next slime (3 for Blue): Select your next slime (3 for Blue): Select your next slime (3 for Blue): You sends Blue
Enemy sends Red
Your Blue: HP 34 || Enemy's Red: HP 30
--------------------------------------------------
Round 25
Select your action (1 for skill, 2 for change): Select your next slime (1 for Green): Select your next slime (1 for Green): Select your next slime (1 for Green): Select your next slime (1 for Green): Select your next slime (1 for Green): Select your next slime (1 for Green): Select your next slime (1 for Green): Select your next slime (1 for Green): Select your next slime (1 for Green): Select your next slime (1 for Green): Select your next slime (1 for Green): Select your next slime (1 for Green): Select your next slime (1 for Green): You sends Green
Enemy sends Green
Your Green: HP 36 || Enemy's Green: HP 40
--------------------------------------------------
Round 26
Select your action (1 for skill, 2 for change): Select your next slime (3 for Blue): Select your next slime (3 for Blue): You sends Blue
Enemy sends Red
Your Blue: HP 34 || Enemy's Red: HP 30
--------------------------------------------------
Round 27
Select your action (1 for skill, 2 for change): Select your next slime (1 for Green): Select your next slime (1 for Green): Select your next slime (1 for Green): Select your next slime (1 for Green): Select your next slime (1 for Green): Select your next slime (1 for Green): You sends Green
Enemy sends Green
Your Green: HP 36 || Enemy's Green: HP 40
--------------------------------------------------
Round 28
Select your action (1 for skill, 2 for change): Select your next slime (3 for Blue): Select your next slime (3 for Blue): Select your next slime (3 for Blue): Select your next slime (3 for Blue): Select your next slime (3 for Blue): Select your next slime (3 for Blue): You sends Blue
Enemy sends Red
Your Blue: HP 34 || Enemy's Red: HP 30
--------------------------------------------------
Round 29
Select your action (1 for skill, 2 for change): Select your action (1 for skill, 2 for change): Select the skill (1 for Tackle, 2 for Stream): Enemy sends Green
Your Blue uses Tackle! Damage: 20
Your Blue: HP 34 || Enemy's Green: HP 20
--------------------------------------------------
Round 30
Select your action (1 for skill, 2 for change): Select your action (1 for skill, 2 for change): Select your next slime (1 for Green): You sends Green
Enemy's Green uses Leaf! Damage: 10
Your Green: HP 26 || Enemy's Green: HP 20
--------------------------------------------------
Round 31
Select your action (1 for skill, 2 for change): Select your next slime (3 for Blue): Select your next slime (3 for Blue): You sends Blue
Enemy sends Red
Your Blue: HP 34 || Enemy's Red: HP 30
--------------------------------------------------
Round 32
Select your action (1 for skill, 2 for change): Select your action (1 for skill, 2 for change): Select the skill (1 for Tackle, 2 for Stream): Enemy sends Green
Your Blue uses Stream! Damage: 10
Your Blue: HP 34 || Enemy's Green: HP 10
--------------------------------------------------
Round 33
Select your action (1 for skill, 2 for change): Select your action (1 for skill, 2 for change): Select your next slime (1 for Green): You sends Green
Enemy's Green uses Leaf! Damage: 10
Your Green: HP 16 || Enemy's Green: HP 10
--------------------------------------------------
Round 34
Select your action (1 for skill, 2 for change): Select the skill (1 for Tackle, 2 for Leaf): Enemy sends Red
Your Green uses Leaf! Damage: 10
Your Green: HP 16 || Enemy's Red: HP 20
--------------------------------------------------
Round 35
Select your action (1 for skill, 2 for change): Select your next slime (3 for Blue): Select your next slime (3 for Blue): You sends Blue
Enemy's Red uses Flame! Damage: 10
Your Blue: HP 24 || Enemy's Red: HP 20
--------------------------------------------------
Round 36
Select your action (1 for skill, 2 for change): Select the skill (1 for Tackle, 2 for Stream): Select the skill (1 for Tackle, 2 for Stream): Select the skill (1 for Tackle, 2 for Stream): Select the skill (1 for Tackle, 2 for Stream): Select the skill (1 for Tackle, 2 for Stream): Enemy sends Green
Your Blue uses Stream! Damage: 10
Enemy's Green is beaten
Enemy sends Blue
Your Blue: HP 24 || Enemy's Blue: HP 60
--------------------------------------------------
Round 37
Select your action (1 for skill, 2 for change): Select the skill (1 for Tackle, 2 for Stream): Enemy's Blue uses Tackle! Damage: 18
Your Blue uses Stream! Damage: 9
Your Blue: HP 6 || Enemy's Blue: HP 51
--------------------------------------------------
Round 38
Select your action (1 for skill, 2 for change): Select the skill (1 for Tackle, 2 for Stream): Enemy's Blue uses Tackle! Damage: 18
Your Blue is beaten
Select your next slime (1 for Green): Select your next slime (1 for Green): You sends Green
Your Green: HP 16 || Enemy's Blue: HP 51
--------------------------------------------------
Round 39
Select your action (1 for skill): Select the skill (1 for Tackle, 2 for Leaf): Select the skill (1 for Tackle, 2 for Leaf): Enemy sends Red
Your Green uses Tackle! Damage: 20
Enemy's Red is beaten
Enemy sends Blue
Your Green: HP 16 || Enemy's Blue: HP 51
--------------------------------------------------
Round 40
Select your action (1 for skill): Select the skill (1 for Tackle, 2 for Leaf): Select the skill (1 for Tackle, 2 for Leaf): Your Green uses Tackle! Damage: 18
Enemy's Blue uses Tackle! Damage: 20
Your Green is beaten
Enemy Win You Lose