Welcome to Battle of Slimes!
You have Green, Red and Blue. So does Enemy.
Select your starting slime (1 for Green, 2 for Red, 3 for Blue): You starts with Red
Enemy starts with Blue
Your Red: HP 100 || Enemy's Blue: HP 100
Battle starts!
--------------------------------------------------
Round 1
Select your action (1 for skill, 2 for change): Select your action (1 for skill, 2 for change): Select your next slime (1 for Green, 3 for Blue): You sends Green
Enemy's Blue uses Stream! Damage: 10
Your Green: HP 100 || Enemy's Blue: HP 100
--------------------------------------------------
Round 2
Select your action (1 for skill, 2 for change): Select the skill (1 for Tackle, 2 for Leaf): Enemy sends Red
Your Green uses Leaf! Damage: 10
Your Green: HP 100 || Enemy's Red: HP 90
--------------------------------------------------
Round 3
Select your action (1 for skill, 2 for change): Select the skill (1 for Tackle, 2 for Leaf): Enemy's Red uses Flame! Damage: 44
Your Green uses Leaf! Damage: 10
Your Green: HP 56 || Enemy's Red: HP 80
--------------------------------------------------
Round 4
Select your action (1 for skill, 2 for change): Select the skill (1 for Tackle, 2 for Leaf): Select the skill (1 for Tackle, 2 for Leaf): Enemy's Red uses Flame! Damage: 44
Your Green uses Tackle! Damage: 20
Your Green: HP 12 || Enemy's Red: HP 60
--------------------------------------------------
Round 5
Select your action (1 for skill, 2 for change): Select your action (1 for skill, 2 for change): Select your action (1 for skill, 2 for change): Select your action (1 for skill, 2 for change): Select your action (1 for skill, 2 for change): Select your action (1 for skill, 2 for change): Select the skill (1 for Tackle, 2 for Leaf): Select the skill (1 for Tackle, 2 for Leaf): Select the skill (1 for Tackle, 2 for Leaf): Enemy's Red uses Flame! Damage: 44
Your Green is beaten
Select your next slime (2 for Red, 3 for Blue): You sends Red
Your Red: HP 100 || Enemy's Red: HP 60
--------------------------------------------------
Round 6
Select your action (1 for skill, 2 for change): Select the skill (1 for Tackle, 2 for Flame): Enemy sends Blue
Your Red uses Flame! Damage: 10
Your Red: HP 100 || Enemy's Blue: HP 90
--------------------------------------------------
Round 7
Select your action (1 for skill, 2 for change): Select your action (1 for skill, 2 for change): Select your next slime (3 for Blue): Select your next slime (3 for Blue): You sends Blue
Enemy's Blue uses Stream! Damage: 9
Your Blue: HP 91 || Enemy's Blue: HP 90
--------------------------------------------------
Round 8
Select your action (1 for skill, 2 for change): Select your action (1 for skill, 2 for change): Select your action (1 for skill, 2 for change): Select your next slime (2 for Red): You sends Red
Enemy sends Green
Your Red: HP 100 || Enemy's Green: HP 110
--------------------------------------------------
Round 9
Select your action (1 for skill, 2 for change): Select the skill (1 for Tackle, 2 for Flame): Enemy sends Blue
Your Red uses Tackle! Damage: 20
Your Red: HP 100 || Enemy's Blue: HP 70
--------------------------------------------------
Round 10
Select your action (1 for skill, 2 for change): Select your action (1 for skill, 2 for change): Select your next slime (3 for Blue): You sends Blue
Enemy's Blue uses Stream! Damage: 9
Your Blue: HP 82 || Enemy's Blue: HP 70
--------------------------------------------------
Round 11
Select your action (1 for skill, 2 for change): Select your action (1 for skill, 2 for change): Select the skill (1 for Tackle, 2 for Stream): Enemy sends Green
Your Blue uses Stream! Damage: 10
Your Blue: HP 82 || Enemy's Green: HP 100
--------------------------------------------------
Round 12
Select your action (1 for skill, 2 for change): Select the skill (1 for Tackle, 2 for Stream): Enemy's Green uses Leaf! Damage: 36
Your Blue uses Stream! Damage: 10
Your Blue: HP 46 || Enemy's Green: HP 90
--------------------------------------------------
Round 13
Select your action (1 for skill, 2 for change): Select the skill (1 for Tackle, 2 for Stream): Enemy's Green uses Leaf! Damage: 36
Your Blue uses Stream! Damage: 10
Your Blue: HP 10 || Enemy's Green: HP 80
--------------------------------------------------
Round 14
Select your action (1 for skill, 2 for change): Select the skill (1 for Tackle, 2 for Stream): Enemy's Green uses Leaf! Damage: 36
Your Blue is beaten
Select your next slime (2 for Red): Select your next slime (2 for Red): Select your next slime (2 for Red): Select your next slime (2 for Red): Select your next slime (2 for Red): You sends Red
Your Red: HP 100 || Enemy's Green: HP 80
--------------------------------------------------
Round 15
Select your action (1 for skill): Select your action (1 for skill): Select the skill (1 for Tackle, 2 for Flame): Enemy sends Blue
Your Red uses Flame! Damage: 10
Your Red: HP 100 || Enemy's Blue: HP 60
--------------------------------------------------
Round 16
Select your action (1 for skill): Select your action (1 for skill): Select the skill (1 for Tackle, 2 for Flame): Your Red uses Tackle! Damage: 20
Enemy's Blue uses Stream! Damage: 40
Your Red: HP 60 || Enemy's Blue: HP 40
--------------------------------------------------
Round 17
Select your action (1 for skill): Select your action (1 for skill): Select the skill (1 for Tackle, 2 for Flame): Select the skill (1 for Tackle, 2 for Flame): Your Red uses Flame! Damage: 10
Enemy's Blue uses Stream! Damage: 40
Your Red: HP 20 || Enemy's Blue: HP 30
--------------------------------------------------
Round 18
Select your action (1 for skill): Select your action (1 for skill): Select your action (1 for skill): Select your action (1 for skill): Select your action (1 for skill): Select your action (1 for skill): Select your action (1 for skill): Select the skill (1 for Tackle, 2 for Flame): Your Red uses Flame! Damage: 10
Enemy's Blue uses Stream! Damage: 40
Your Red is beaten
Enemy Win You Lose