Welcome to Battle of Slimes 2!
Enemy has Pink, Green, Red, starting with Pink
You can select three from five (1 for Green, 2 for Red, 3 for Blue, 4 for Yellow, 5 for Pink).
Select your 1st slime: Select your 2nd slime: Select your 3rd slime: You have Red, Yellow, Pink, starting with Red
Your Red: HP 100 || Enemy's Pink: HP 120
Battle starts!
--------------------------------------------------
Round 1
Select your action (0 for escape, 1 for skill, 2 for change): Select the skill (0 for back, 1 for Claw, 2 for Flame, 3 for Sunny): Select the skill (0 for back, 1 for Claw, 2 for Flame, 3 for Sunny): Your Red uses Claw! Damage: 23
Enemy's Pink uses Sing! Your Red falls asleep
Your Red: HP 100 || Enemy's Pink: HP 97
--------------------------------------------------
Round 2
Select your action (0 for escape, 1 for skill, 2 for change): Select your next slime (0 for back, 2 for Yellow-HP90, 3 for Pink-HP120): Select your next slime (0 for back, 2 for Yellow-HP90, 3 for Pink-HP120): Select your next slime (0 for back, 2 for Yellow-HP90, 3 for Pink-HP120): You sends Yellow
Enemy's Pink uses Paint! Your Yellow is painted
Your Yellow: HP 90 || Enemy's Pink: HP 97
--------------------------------------------------
Round 3
Select your action (0 for escape, 1 for skill, 2 for change): Select your next slime (0 for back, 1 for Red-HP100, 3 for Pink-HP120): You sends Red
Enemy's Pink uses Sing! Waste
Your Red: HP 100 || Enemy's Pink: HP 97
--------------------------------------------------
Round 4
Select your action (0 for escape, 1 for skill, 2 for change): Select your action (0 for escape, 1 for skill, 2 for change): Select the skill (0 for back, 1 for Claw, 2 for Flame, 3 for Sunny): Your Red is sleeping!
Enemy's Pink uses Paint! Your Red is painted
Your Red: HP 100 || Enemy's Pink: HP 97
--------------------------------------------------
Your Red wakes up
Round 5
Select your action (0 for escape, 1 for skill, 2 for change): Select the skill (0 for back, 1 for Claw, 2 for Flame, 3 for Sunny): Your Red uses Flame! Damage: 30
Enemy's Pink uses Sing! Your Red falls asleep
Your Red: HP 100 || Enemy's Pink: HP 67
--------------------------------------------------
Round 6
Select your action (0 for escape, 1 for skill, 2 for change): Select the skill (0 for back, 1 for Claw, 2 for Flame, 3 for Sunny): Your Red is sleeping!
Enemy's Pink uses Slap! Damage: 54
Your Red wakes up
Your Red: HP 46 || Enemy's Pink: HP 67
--------------------------------------------------
Round 7
Select your action (0 for escape, 1 for skill, 2 for change): Select the skill (0 for back, 1 for Claw, 2 for Flame, 3 for Sunny): Your Red uses Sunny! Weather becomes sunny
Enemy's Pink uses Sing! Your Red falls asleep
Your Red: HP 46 || Enemy's Pink: HP 67
--------------------------------------------------
Round 8
Select your action (0 for escape, 1 for skill, 2 for change): Select the skill (0 for back, 1 for Claw, 2 for Flame, 3 for Sunny): Select the skill (0 for back, 1 for Claw, 2 for Flame, 3 for Sunny): Select the skill (0 for back, 1 for Claw, 2 for Flame, 3 for Sunny): Your Red is sleeping!
Enemy's Pink uses Slap! Damage: 54
Your Red is beaten
Select your next slime (2 for Yellow-HP90, 3 for Pink-HP120): Select your next slime (2 for Yellow-HP90, 3 for Pink-HP120): You sends Pink
Your Pink: HP 120 || Enemy's Pink: HP 67
--------------------------------------------------
Round 9
Select your action (0 for escape, 1 for skill, 2 for change): Select your next slime (0 for back, 2 for Yellow-HP90): Select your next slime (0 for back, 2 for Yellow-HP90): Select your next slime (0 for back, 2 for Yellow-HP90): Select your next slime (0 for back, 2 for Yellow-HP90): You sends Yellow
Enemy's Pink uses Sing! Your Yellow falls asleep
Your Yellow: HP 90 || Enemy's Pink: HP 67
--------------------------------------------------
Round 10
Select your action (0 for escape, 1 for skill, 2 for change): Select your next slime (0 for back, 3 for Pink-HP120): You sends Pink
Enemy's Pink uses Slap! Damage: 17
Your Pink: HP 103 || Enemy's Pink: HP 67
--------------------------------------------------
Round 11
Select your action (0 for escape, 1 for skill, 2 for change): Select your action (0 for escape, 1 for skill, 2 for change): Select the skill (0 for back, 1 for Slap, 2 for Sing, 3 for Paint): Select the skill (0 for back, 1 for Slap, 2 for Sing, 3 for Paint): Select the skill (0 for back, 1 for Slap, 2 for Sing, 3 for Paint): Select the skill (0 for back, 1 for Slap, 2 for Sing, 3 for Paint): Select the skill (0 for back, 1 for Slap, 2 for Sing, 3 for Paint): Enemy's Pink uses Sing! Your Pink falls asleep
Your Pink is sleeping!
Your Pink: HP 103 || Enemy's Pink: HP 67
--------------------------------------------------
Weather becomes normal
Round 12
Select your action (0 for escape, 1 for skill, 2 for change): Select your action (0 for escape, 1 for skill, 2 for change): Select the skill (0 for back, 1 for Slap, 2 for Sing, 3 for Paint): Select the skill (0 for back, 1 for Slap, 2 for Sing, 3 for Paint): Enemy's Pink uses Paint! Your Pink is painted
Your Pink is sleeping!
Your Pink: HP 103 || Enemy's Pink: HP 67
--------------------------------------------------
Round 13
Select your action (0 for escape, 1 for skill, 2 for change): Select your action (0 for escape, 1 for skill, 2 for change): Select your action (0 for escape, 1 for skill, 2 for change): Select your action (0 for escape, 1 for skill, 2 for change): Select the skill (0 for back, 1 for Slap, 2 for Sing, 3 for Paint): Enemy's Pink uses Slap! Damage: 68
Your Pink wakes up
Your Pink uses Paint! Failure
Your Pink: HP 35 || Enemy's Pink: HP 67
--------------------------------------------------
Round 14
Select your action (0 for escape, 1 for skill, 2 for change): Select your action (0 for escape, 1 for skill, 2 for change): Select your action (0 for escape, 1 for skill, 2 for change): Select your action (0 for escape, 1 for skill, 2 for change): Select your action (0 for escape, 1 for skill, 2 for change): Select your action (0 for escape, 1 for skill, 2 for change): Select your action (0 for escape, 1 for skill, 2 for change): Select the skill (0 for back, 1 for Slap, 2 for Sing, 3 for Paint): Enemy's Pink uses Slap! Damage: 34
Your Pink uses Sing! Enemy's Pink falls asleep
Your Pink: HP 1 || Enemy's Pink: HP 67
--------------------------------------------------
Round 15
Select your action (0 for escape, 1 for skill, 2 for change): Select the skill (0 for back, 1 for Slap, 2 for Sing, 3 for Paint): Enemy's Pink is sleeping!
Your Pink uses Slap! Damage: 34
Enemy's Pink wakes up
Your Pink: HP 1 || Enemy's Pink: HP 33
--------------------------------------------------
Round 16
Select your action (0 for escape, 1 for skill, 2 for change): Select your action (0 for escape, 1 for skill, 2 for change): Select your action (0 for escape, 1 for skill, 2 for change): Select the skill (0 for back, 1 for Slap, 2 for Sing, 3 for Paint): Select the skill (0 for back, 1 for Slap, 2 for Sing, 3 for Paint): Enemy's Pink uses Slap! Damage: 34
Your Pink is beaten
Select your next slime (2 for Yellow-HP90): Select your next slime (2 for Yellow-HP90): Select your next slime (2 for Yellow-HP90): Select your next slime (2 for Yellow-HP90): Select your next slime (2 for Yellow-HP90): Select your next slime (2 for Yellow-HP90): Select your next slime (2 for Yellow-HP90): Select your next slime (2 for Yellow-HP90): You sends Yellow
Your Yellow: HP 90 || Enemy's Pink: HP 33
--------------------------------------------------
Round 17
Select your action (0 for escape, 1 for skill): Select your action (0 for escape, 1 for skill): Select the skill (0 for back, 1 for Quick, 2 for Volt, 3 for Thunder): Select the skill (0 for back, 1 for Quick, 2 for Volt, 3 for Thunder): Select the skill (0 for back, 1 for Quick, 2 for Volt, 3 for Thunder): Select the skill (0 for back, 1 for Quick, 2 for Volt, 3 for Thunder): Select the skill (0 for back, 1 for Quick, 2 for Volt, 3 for Thunder): Select the skill (0 for back, 1 for Quick, 2 for Volt, 3 for Thunder): Your Yellow is sleeping!
Enemy's Pink uses Slap! Damage: 54
Your Yellow wakes up
Your Yellow: HP 36 || Enemy's Pink: HP 33
--------------------------------------------------
Round 18
Select your action (0 for escape, 1 for skill): Select your action (0 for escape, 1 for skill): Select the skill (0 for back, 1 for Quick, 2 for Volt, 3 for Thunder): Your Yellow uses Volt! Damage: 31
Enemy's Pink uses Sing! Your Yellow falls asleep
Your Yellow: HP 36 || Enemy's Pink: HP 2
--------------------------------------------------
Round 19
Select your action (0 for escape, 1 for skill): Select the skill (0 for back, 1 for Quick, 2 for Volt, 3 for Thunder): Select the skill (0 for back, 1 for Quick, 2 for Volt, 3 for Thunder): Your Yellow is sleeping!
Enemy's Pink uses Slap! Damage: 54
Your Yellow is beaten
You Lose