Welcome to Battle of Slimes 2!
Enemy has Pink, Green, Red, starting with Pink
You can select three from five (1 for Green, 2 for Red, 3 for Blue, 4 for Yellow, 5 for Pink).
Select your 1st slime: Select your 2nd slime: Select your 3rd slime: You have Green, Blue, Pink, starting with Green
Your Green: HP 110 || Enemy's Pink: HP 120
Battle starts!
--------------------------------------------------
Round 1
Select your action (0 for escape, 1 for skill, 2 for change): Select your action (0 for escape, 1 for skill, 2 for change): Select your action (0 for escape, 1 for skill, 2 for change): Select the skill (0 for back, 1 for Tackle, 2 for Leaf, 3 for Synthesis): Select the skill (0 for back, 1 for Tackle, 2 for Leaf, 3 for Synthesis): Your Green uses Tackle! Damage: 25
Enemy's Pink uses Sing! Your Green falls asleep
Your Green: HP 110 || Enemy's Pink: HP 95
--------------------------------------------------
Round 2
Select your action (0 for escape, 1 for skill, 2 for change): Select your next slime (0 for back, 2 for Blue-HP100, 3 for Pink-HP120): Select your next slime (0 for back, 2 for Blue-HP100, 3 for Pink-HP120): Select your next slime (0 for back, 2 for Blue-HP100, 3 for Pink-HP120): You sends Pink
Enemy's Pink uses Paint! Your Pink is painted
Your Pink: HP 120 || Enemy's Pink: HP 95
--------------------------------------------------
Round 3
Select your action (0 for escape, 1 for skill, 2 for change): Select the skill (0 for back, 1 for Slap, 2 for Sing, 3 for Paint): Enemy's Pink uses Sing! Your Pink falls asleep
Your Pink is sleeping!
Your Pink: HP 120 || Enemy's Pink: HP 95
--------------------------------------------------
Round 4
Select your action (0 for escape, 1 for skill, 2 for change): Select your action (0 for escape, 1 for skill, 2 for change): Select your action (0 for escape, 1 for skill, 2 for change): Select your next slime (0 for back, 1 for Green-HP110, 2 for Blue-HP100): Select your next slime (0 for back, 1 for Green-HP110, 2 for Blue-HP100): You sends Blue
Enemy's Pink uses Slap! Damage: 10
Your Blue: HP 90 || Enemy's Pink: HP 95
--------------------------------------------------
Round 5
Select your action (0 for escape, 1 for skill, 2 for change): Select your next slime (0 for back, 1 for Green-HP110, 3 for Pink-HP120): You sends Green
Enemy's Pink uses Sing! Waste
Your Green: HP 110 || Enemy's Pink: HP 95
--------------------------------------------------
Round 6
Select your action (0 for escape, 1 for skill, 2 for change): Select your action (0 for escape, 1 for skill, 2 for change): Select the skill (0 for back, 1 for Tackle, 2 for Leaf, 3 for Synthesis): Select the skill (0 for back, 1 for Tackle, 2 for Leaf, 3 for Synthesis): Your Green is sleeping!
Enemy's Pink uses Paint! Your Green is painted
Your Green: HP 110 || Enemy's Pink: HP 95
--------------------------------------------------
Your Green wakes up
Round 7
Select your action (0 for escape, 1 for skill, 2 for change): Select your action (0 for escape, 1 for skill, 2 for change): Select your action (0 for escape, 1 for skill, 2 for change): Select your action (0 for escape, 1 for skill, 2 for change): Select your action (0 for escape, 1 for skill, 2 for change): Select the skill (0 for back, 1 for Tackle, 2 for Leaf, 3 for Synthesis): Select the skill (0 for back, 1 for Tackle, 2 for Leaf, 3 for Synthesis): Your Green uses Tackle! Damage: 25
Enemy's Pink uses Sing! Your Green falls asleep
Your Green: HP 110 || Enemy's Pink: HP 70
--------------------------------------------------
Round 8
Select your action (0 for escape, 1 for skill, 2 for change): Select your next slime (0 for back, 2 for Blue-HP90, 3 for Pink-HP120): Select your next slime (0 for back, 2 for Blue-HP90, 3 for Pink-HP120): You sends Blue
Enemy's Pink uses Slap! Damage: 10
Your Blue: HP 80 || Enemy's Pink: HP 70
--------------------------------------------------
Round 9
Select your action (0 for escape, 1 for skill, 2 for change): Select your action (0 for escape, 1 for skill, 2 for change): Select the skill (0 for back, 1 for Tackle, 2 for Stream, 3 for Rainy): Select the skill (0 for back, 1 for Tackle, 2 for Stream, 3 for Rainy): Your Blue uses Stream! Damage: 25
Enemy's Pink uses Sing! Your Blue falls asleep
Your Blue: HP 80 || Enemy's Pink: HP 45
--------------------------------------------------
Round 10
Select your action (0 for escape, 1 for skill, 2 for change): Select your action (0 for escape, 1 for skill, 2 for change): Select your action (0 for escape, 1 for skill, 2 for change): Select your action (0 for escape, 1 for skill, 2 for change): Select your next slime (0 for back, 1 for Green-HP110, 3 for Pink-HP120): Select your next slime (0 for back, 1 for Green-HP110, 3 for Pink-HP120): Select your next slime (0 for back, 1 for Green-HP110, 3 for Pink-HP120): You sends Pink
Enemy's Pink uses Paint! Your Pink is painted
Your Pink: HP 120 || Enemy's Pink: HP 45
--------------------------------------------------
Round 11
Select your action (0 for escape, 1 for skill, 2 for change): Select your action (0 for escape, 1 for skill, 2 for change): Select your action (0 for escape, 1 for skill, 2 for change): Select the skill (0 for back, 1 for Slap, 2 for Sing, 3 for Paint): Enemy's Pink uses Slap! Damage: 68
Your Pink wakes up
Your Pink uses Slap! Damage: 17
Your Pink: HP 52 || Enemy's Pink: HP 28
--------------------------------------------------
Round 12
Select your action (0 for escape, 1 for skill, 2 for change): Select your action (0 for escape, 1 for skill, 2 for change): Select the skill (0 for back, 1 for Slap, 2 for Sing, 3 for Paint): Select the skill (0 for back, 1 for Slap, 2 for Sing, 3 for Paint): Enemy's Pink uses Sing! Your Pink falls asleep
Your Pink is sleeping!
Your Pink: HP 52 || Enemy's Pink: HP 28
--------------------------------------------------
Round 13
Select your action (0 for escape, 1 for skill, 2 for change): Select your next slime (0 for back, 1 for Green-HP110, 2 for Blue-HP80): You sends Green
Enemy's Pink uses Slap! Damage: 54
Your Green wakes up
Your Green: HP 56 || Enemy's Pink: HP 28
--------------------------------------------------
Round 14
Select your action (0 for escape, 1 for skill, 2 for change): Select your action (0 for escape, 1 for skill, 2 for change): Select your next slime (0 for back, 2 for Blue-HP80, 3 for Pink-HP52): Select your next slime (0 for back, 2 for Blue-HP80, 3 for Pink-HP52): Select your next slime (0 for back, 2 for Blue-HP80, 3 for Pink-HP52): You sends Pink
Enemy's Pink uses Sing! Waste
Your Pink: HP 52 || Enemy's Pink: HP 28
--------------------------------------------------
Round 15
Select your action (0 for escape, 1 for skill, 2 for change): Select your action (0 for escape, 1 for skill, 2 for change): Select your action (0 for escape, 1 for skill, 2 for change): Select your next slime (0 for back, 1 for Green-HP56, 2 for Blue-HP80): You sends Blue
Enemy's Pink uses Slap! Damage: 19
Your Blue wakes up
Your Blue: HP 61 || Enemy's Pink: HP 28
--------------------------------------------------
Round 16
Select your action (0 for escape, 1 for skill, 2 for change): Select your action (0 for escape, 1 for skill, 2 for change): Select your next slime (0 for back, 1 for Green-HP56, 3 for Pink-HP52): You sends Pink
Enemy's Pink uses Sing! Waste
Your Pink: HP 52 || Enemy's Pink: HP 28
--------------------------------------------------
Your Pink wakes up
Round 17
Select your action (0 for escape, 1 for skill, 2 for change): Select your action (0 for escape, 1 for skill, 2 for change): Select the skill (0 for back, 1 for Slap, 2 for Sing, 3 for Paint): Select the skill (0 for back, 1 for Slap, 2 for Sing, 3 for Paint): Enemy's Pink uses Sing! Your Pink falls asleep
Your Pink is sleeping!
Your Pink: HP 52 || Enemy's Pink: HP 28
--------------------------------------------------
Round 18
Select your action (0 for escape, 1 for skill, 2 for change): Select your action (0 for escape, 1 for skill, 2 for change): Select your action (0 for escape, 1 for skill, 2 for change): Select the skill (0 for back, 1 for Slap, 2 for Sing, 3 for Paint): Select the skill (0 for back, 1 for Slap, 2 for Sing, 3 for Paint): Select the skill (0 for back, 1 for Slap, 2 for Sing, 3 for Paint): Enemy's Pink uses Slap! Damage: 68
Your Pink is beaten
Select your next slime (1 for Green-HP56, 2 for Blue-HP61): Select your next slime (1 for Green-HP56, 2 for Blue-HP61): Select your next slime (1 for Green-HP56, 2 for Blue-HP61): You sends Blue
Your Blue: HP 61 || Enemy's Pink: HP 28
--------------------------------------------------
Round 19
Select your action (0 for escape, 1 for skill, 2 for change): Select your action (0 for escape, 1 for skill, 2 for change): Select your next slime (0 for back, 1 for Green-HP56): Select your next slime (0 for back, 1 for Green-HP56): Select your next slime (0 for back, 1 for Green-HP56): Select your next slime (0 for back, 1 for Green-HP56): Select your next slime (0 for back, 1 for Green-HP56): Select your next slime (0 for back, 1 for Green-HP56): Select your next slime (0 for back, 1 for Green-HP56): Select your next slime (0 for back, 1 for Green-HP56): Select your next slime (0 for back, 1 for Green-HP56): Select your next slime (0 for back, 1 for Green-HP56): Select your next slime (0 for back, 1 for Green-HP56): Select your next slime (0 for back, 1 for Green-HP56): Select your next slime (0 for back, 1 for Green-HP56): You sends Green
Enemy's Pink uses Sing! Your Green falls asleep
Your Green: HP 56 || Enemy's Pink: HP 28
--------------------------------------------------
Round 20
Select your action (0 for escape, 1 for skill, 2 for change): Select your action (0 for escape, 1 for skill, 2 for change): Select your next slime (0 for back, 2 for Blue-HP61): Select your next slime (0 for back, 2 for Blue-HP61): Select your next slime (0 for back, 2 for Blue-HP61): You sends Blue
Enemy's Pink uses Slap! Damage: 10
Your Blue: HP 51 || Enemy's Pink: HP 28
--------------------------------------------------
Round 21
Select your action (0 for escape, 1 for skill, 2 for change): Select your action (0 for escape, 1 for skill, 2 for change): Select the skill (0 for back, 1 for Tackle, 2 for Stream, 3 for Rainy): Your Blue uses Tackle! Damage: 25
Enemy's Pink uses Sing! Your Blue falls asleep
Your Blue: HP 51 || Enemy's Pink: HP 3
--------------------------------------------------
Round 22
Select your action (0 for escape, 1 for skill, 2 for change): Select your next slime (0 for back, 1 for Green-HP56): Select your next slime (0 for back, 1 for Green-HP56): Select your next slime (0 for back, 1 for Green-HP56): Select your next slime (0 for back, 1 for Green-HP56): You sends Green
Enemy's Pink uses Paint! Your Green is painted
Your Green: HP 56 || Enemy's Pink: HP 3
--------------------------------------------------
Round 23
Select your action (0 for escape, 1 for skill, 2 for change): Select your action (0 for escape, 1 for skill, 2 for change): Select your action (0 for escape, 1 for skill, 2 for change): Select the skill (0 for back, 1 for Tackle, 2 for Leaf, 3 for Synthesis): Select the skill (0 for back, 1 for Tackle, 2 for Leaf, 3 for Synthesis): Your Green is sleeping!
Enemy's Pink uses Slap! Damage: 54
Your Green wakes up
Your Green: HP 2 || Enemy's Pink: HP 3
--------------------------------------------------
Round 24
Select your action (0 for escape, 1 for skill, 2 for change): Select your action (0 for escape, 1 for skill, 2 for change): Select your action (0 for escape, 1 for skill, 2 for change): Select your action (0 for escape, 1 for skill, 2 for change): Select your action (0 for escape, 1 for skill, 2 for change): Select your action (0 for escape, 1 for skill, 2 for change): Select the skill (0 for back, 1 for Tackle, 2 for Leaf, 3 for Synthesis): Your Green uses Tackle! Damage: 25
Enemy's Pink is beaten
Enemy sends Green
Your Green: HP 2 || Enemy's Green: HP 110
--------------------------------------------------
Round 25
Select your action (0 for escape, 1 for skill, 2 for change): Select your action (0 for escape, 1 for skill, 2 for change): Select your action (0 for escape, 1 for skill, 2 for change): Select the skill (0 for back, 1 for Tackle, 2 for Leaf, 3 for Synthesis): Enemy's Green uses Tackle! Damage: 40
Your Green is beaten
Select your next slime (2 for Blue-HP51): Select your next slime (2 for Blue-HP51): You sends Blue
Your Blue: HP 51 || Enemy's Green: HP 110
--------------------------------------------------
Round 26
Select your action (0 for escape, 1 for skill): Select your action (0 for escape, 1 for skill): Select the skill (0 for back, 1 for Tackle, 2 for Stream, 3 for Rainy): Enemy's Green uses Leaf! Damage: 29
Your Blue wakes up
Your Blue uses Tackle! Damage: 20
Your Blue: HP 22 || Enemy's Green: HP 90
--------------------------------------------------
Round 27
Select your action (0 for escape, 1 for skill): Select your action (0 for escape, 1 for skill): Select your action (0 for escape, 1 for skill): Select your action (0 for escape, 1 for skill): Select your action (0 for escape, 1 for skill): Select the skill (0 for back, 1 for Tackle, 2 for Stream, 3 for Rainy): Enemy's Green uses Leaf! Damage: 29
Your Blue is beaten
You Lose