Welcome to Battle of Slimes 2!
Enemy has Pink, Green, Red, starting with Pink
You can select three from five (1 for Green, 2 for Red, 3 for Blue, 4 for Yellow, 5 for Pink).
Select your 1st slime: Select your 2nd slime: Select your 3rd slime: Select your 3rd slime: You have Yellow, Pink, Red, starting with Yellow
Your Yellow: HP 90 || Enemy's Pink: HP 120
Battle starts!
--------------------------------------------------
Round 1
Select your action (0 for escape, 1 for skill, 2 for change): Select your action (0 for escape, 1 for skill, 2 for change): Select your next slime (0 for back, 2 for Pink-HP120, 3 for Red-HP100): You sends Pink
Enemy's Pink uses Sing! Your Pink falls asleep
Your Pink: HP 120 || Enemy's Pink: HP 120
--------------------------------------------------
Round 2
Select your action (0 for escape, 1 for skill, 2 for change): Select your action (0 for escape, 1 for skill, 2 for change): Select your action (0 for escape, 1 for skill, 2 for change): Select your action (0 for escape, 1 for skill, 2 for change): Select your next slime (0 for back, 1 for Yellow-HP90, 3 for Red-HP100): Select your next slime (0 for back, 1 for Yellow-HP90, 3 for Red-HP100): Select your next slime (0 for back, 1 for Yellow-HP90, 3 for Red-HP100): Select your next slime (0 for back, 1 for Yellow-HP90, 3 for Red-HP100): You sends Red
Enemy's Pink uses Paint! Your Red is painted
Your Red: HP 100 || Enemy's Pink: HP 120
--------------------------------------------------
Round 3
Select your action (0 for escape, 1 for skill, 2 for change): Select your action (0 for escape, 1 for skill, 2 for change): Select your next slime (0 for back, 1 for Yellow-HP90, 2 for Pink-HP120): Select your next slime (0 for back, 1 for Yellow-HP90, 2 for Pink-HP120): You sends Yellow
Enemy's Pink uses Sing! Your Yellow falls asleep
Your Yellow: HP 90 || Enemy's Pink: HP 120
--------------------------------------------------
Round 4
Select your action (0 for escape, 1 for skill, 2 for change): Select your action (0 for escape, 1 for skill, 2 for change): Select your action (0 for escape, 1 for skill, 2 for change): Select your action (0 for escape, 1 for skill, 2 for change): Select your next slime (0 for back, 2 for Pink-HP120, 3 for Red-HP100): Select your next slime (0 for back, 2 for Pink-HP120, 3 for Red-HP100): You sends Pink
Enemy's Pink uses Paint! Your Pink is painted
Your Pink: HP 120 || Enemy's Pink: HP 120
--------------------------------------------------
Round 5
Select your action (0 for escape, 1 for skill, 2 for change): Select your next slime (0 for back, 1 for Yellow-HP90, 3 for Red-HP100): Select your next slime (0 for back, 1 for Yellow-HP90, 3 for Red-HP100): Select your next slime (0 for back, 1 for Yellow-HP90, 3 for Red-HP100): Select your next slime (0 for back, 1 for Yellow-HP90, 3 for Red-HP100): Select your next slime (0 for back, 1 for Yellow-HP90, 3 for Red-HP100): Select your next slime (0 for back, 1 for Yellow-HP90, 3 for Red-HP100): Select your next slime (0 for back, 1 for Yellow-HP90, 3 for Red-HP100): Select your next slime (0 for back, 1 for Yellow-HP90, 3 for Red-HP100): Select your next slime (0 for back, 1 for Yellow-HP90, 3 for Red-HP100): Select your next slime (0 for back, 1 for Yellow-HP90, 3 for Red-HP100): Select your next slime (0 for back, 1 for Yellow-HP90, 3 for Red-HP100): Select your next slime (0 for back, 1 for Yellow-HP90, 3 for Red-HP100): Select your next slime (0 for back, 1 for Yellow-HP90, 3 for Red-HP100): Select your next slime (0 for back, 1 for Yellow-HP90, 3 for Red-HP100): Select your next slime (0 for back, 1 for Yellow-HP90, 3 for Red-HP100): You sends Red
Enemy's Pink uses Slap! Damage: 27
Your Red: HP 73 || Enemy's Pink: HP 120
--------------------------------------------------
Round 6
Select your action (0 for escape, 1 for skill, 2 for change): Select your action (0 for escape, 1 for skill, 2 for change): Select your next slime (0 for back, 1 for Yellow-HP90, 2 for Pink-HP120): You sends Yellow
Enemy's Pink uses Sing! Waste
Your Yellow: HP 90 || Enemy's Pink: HP 120
--------------------------------------------------
Round 7
Select your action (0 for escape, 1 for skill, 2 for change): Select your action (0 for escape, 1 for skill, 2 for change): Select your next slime (0 for back, 2 for Pink-HP120, 3 for Red-HP73): Select your next slime (0 for back, 2 for Pink-HP120, 3 for Red-HP73): Select your next slime (0 for back, 2 for Pink-HP120, 3 for Red-HP73): Select your next slime (0 for back, 2 for Pink-HP120, 3 for Red-HP73): You sends Pink
Enemy's Pink uses Paint! Your Pink is painted
Your Pink: HP 120 || Enemy's Pink: HP 120
--------------------------------------------------
Your Pink wakes up
Round 8
Select your action (0 for escape, 1 for skill, 2 for change): Select your action (0 for escape, 1 for skill, 2 for change): Select your action (0 for escape, 1 for skill, 2 for change): Select your action (0 for escape, 1 for skill, 2 for change): Select your action (0 for escape, 1 for skill, 2 for change): Select your action (0 for escape, 1 for skill, 2 for change): Select your action (0 for escape, 1 for skill, 2 for change): Select your action (0 for escape, 1 for skill, 2 for change): Select your action (0 for escape, 1 for skill, 2 for change): Select your action (0 for escape, 1 for skill, 2 for change): Select your action (0 for escape, 1 for skill, 2 for change): Select your action (0 for escape, 1 for skill, 2 for change): Select your action (0 for escape, 1 for skill, 2 for change): Select your action (0 for escape, 1 for skill, 2 for change): Select the skill (0 for back, 1 for Slap, 2 for Sing, 3 for Paint): Enemy's Pink uses Sing! Your Pink falls asleep
Your Pink is sleeping!
Your Pink: HP 120 || Enemy's Pink: HP 120
--------------------------------------------------
Round 9
Select your action (0 for escape, 1 for skill, 2 for change): Select your next slime (0 for back, 1 for Yellow-HP90, 3 for Red-HP73): You sends Red
Enemy's Pink uses Slap! Damage: 27
Your Red: HP 46 || Enemy's Pink: HP 120
--------------------------------------------------
Round 10
Select your action (0 for escape, 1 for skill, 2 for change): Select your next slime (0 for back, 1 for Yellow-HP90, 2 for Pink-HP120): You sends Yellow
Enemy's Pink uses Sing! Waste
Your Yellow: HP 90 || Enemy's Pink: HP 120
--------------------------------------------------
Your Yellow wakes up
Round 11
Select your action (0 for escape, 1 for skill, 2 for change): Select your action (0 for escape, 1 for skill, 2 for change): Select the skill (0 for back, 1 for Quick, 2 for Volt, 3 for Thunder): Select the skill (0 for back, 1 for Quick, 2 for Volt, 3 for Thunder): Select the skill (0 for back, 1 for Quick, 2 for Volt, 3 for Thunder): Your Yellow uses Quick! Damage: 19
Enemy's Pink uses Sing! Your Yellow falls asleep
Your Yellow: HP 90 || Enemy's Pink: HP 101
--------------------------------------------------
Round 12
Select your action (0 for escape, 1 for skill, 2 for change): Select your next slime (0 for back, 2 for Pink-HP120, 3 for Red-HP46): Select your next slime (0 for back, 2 for Pink-HP120, 3 for Red-HP46): Select your next slime (0 for back, 2 for Pink-HP120, 3 for Red-HP46): Select your next slime (0 for back, 2 for Pink-HP120, 3 for Red-HP46): You sends Pink
Enemy's Pink uses Paint! Your Pink is painted
Your Pink: HP 120 || Enemy's Pink: HP 101
--------------------------------------------------
Round 13
Select your action (0 for escape, 1 for skill, 2 for change): Select your action (0 for escape, 1 for skill, 2 for change): Select your action (0 for escape, 1 for skill, 2 for change): Select your action (0 for escape, 1 for skill, 2 for change): Select your action (0 for escape, 1 for skill, 2 for change): Select your action (0 for escape, 1 for skill, 2 for change): Select your action (0 for escape, 1 for skill, 2 for change): Select your action (0 for escape, 1 for skill, 2 for change): Select your action (0 for escape, 1 for skill, 2 for change): Select the skill (0 for back, 1 for Slap, 2 for Sing, 3 for Paint): Enemy's Pink uses Slap! Damage: 68
Your Pink wakes up
Your Pink uses Slap! Damage: 17
Your Pink: HP 52 || Enemy's Pink: HP 84
--------------------------------------------------
Round 14
Select your action (0 for escape, 1 for skill, 2 for change): Select your next slime (0 for back, 1 for Yellow-HP90, 3 for Red-HP46): You sends Yellow
Enemy's Pink uses Sing! Waste
Your Yellow: HP 90 || Enemy's Pink: HP 84
--------------------------------------------------
Round 15
Select your action (0 for escape, 1 for skill, 2 for change): Select the skill (0 for back, 1 for Quick, 2 for Volt, 3 for Thunder): Select the skill (0 for back, 1 for Quick, 2 for Volt, 3 for Thunder): Select the skill (0 for back, 1 for Quick, 2 for Volt, 3 for Thunder): Select the skill (0 for back, 1 for Quick, 2 for Volt, 3 for Thunder): Select the skill (0 for back, 1 for Quick, 2 for Volt, 3 for Thunder): Select the skill (0 for back, 1 for Quick, 2 for Volt, 3 for Thunder): Your Yellow is sleeping!
Enemy's Pink uses Paint! Your Yellow is painted
Your Yellow: HP 90 || Enemy's Pink: HP 84
--------------------------------------------------
Your Yellow wakes up
Round 16
Select your action (0 for escape, 1 for skill, 2 for change): Select your action (0 for escape, 1 for skill, 2 for change): Select your action (0 for escape, 1 for skill, 2 for change): Select the skill (0 for back, 1 for Quick, 2 for Volt, 3 for Thunder): Select the skill (0 for back, 1 for Quick, 2 for Volt, 3 for Thunder): Your Yellow uses Thunder! Failure!
Enemy's Pink uses Sing! Your Yellow falls asleep
Your Yellow: HP 90 || Enemy's Pink: HP 84
--------------------------------------------------
Round 17
Select your action (0 for escape, 1 for skill, 2 for change): Select your next slime (0 for back, 2 for Pink-HP52, 3 for Red-HP46): Select your next slime (0 for back, 2 for Pink-HP52, 3 for Red-HP46): You sends Pink
Enemy's Pink uses Slap! Damage: 34
Your Pink: HP 18 || Enemy's Pink: HP 84
--------------------------------------------------
Round 18
Select your action (0 for escape, 1 for skill, 2 for change): Select your next slime (0 for back, 1 for Yellow-HP90, 3 for Red-HP46): You sends Yellow
Enemy's Pink uses Slap! Damage: 54
Your Yellow wakes up
Your Yellow: HP 36 || Enemy's Pink: HP 84
--------------------------------------------------
Round 19
Select your action (0 for escape, 1 for skill, 2 for change): Select your action (0 for escape, 1 for skill, 2 for change): Select your action (0 for escape, 1 for skill, 2 for change): Select your action (0 for escape, 1 for skill, 2 for change): Select your next slime (0 for back, 2 for Pink-HP18, 3 for Red-HP46): You sends Red
Enemy's Pink uses Sing! Your Red falls asleep
Your Red: HP 46 || Enemy's Pink: HP 84
--------------------------------------------------
Round 20
Select your action (0 for escape, 1 for skill, 2 for change): Select your action (0 for escape, 1 for skill, 2 for change): Select your action (0 for escape, 1 for skill, 2 for change): Select the skill (0 for back, 1 for Claw, 2 for Flame, 3 for Sunny): Select the skill (0 for back, 1 for Claw, 2 for Flame, 3 for Sunny): Select the skill (0 for back, 1 for Claw, 2 for Flame, 3 for Sunny): Your Red is sleeping!
Enemy's Pink uses Slap! Damage: 54
Your Red is beaten
Select your next slime (1 for Yellow-HP36, 2 for Pink-HP18): You sends Yellow
Your Yellow: HP 36 || Enemy's Pink: HP 84
--------------------------------------------------
Round 21
Select your action (0 for escape, 1 for skill, 2 for change): Select the skill (0 for back, 1 for Quick, 2 for Volt, 3 for Thunder): Your Yellow uses Quick! Damage: 19
Enemy's Pink uses Sing! Your Yellow falls asleep
Your Yellow: HP 36 || Enemy's Pink: HP 65
--------------------------------------------------
Round 22
Select your action (0 for escape, 1 for skill, 2 for change): Select your action (0 for escape, 1 for skill, 2 for change): Select the skill (0 for back, 1 for Quick, 2 for Volt, 3 for Thunder): Select the skill (0 for back, 1 for Quick, 2 for Volt, 3 for Thunder): Your Yellow is sleeping!
Enemy's Pink uses Slap! Damage: 54
Your Yellow is beaten
Select your next slime (2 for Pink-HP18): Select your next slime (2 for Pink-HP18): Select your next slime (2 for Pink-HP18): Select your next slime (2 for Pink-HP18): Select your next slime (2 for Pink-HP18): You sends Pink
Your Pink: HP 18 || Enemy's Pink: HP 65
--------------------------------------------------
Round 23
Select your action (0 for escape, 1 for skill): Select your action (0 for escape, 1 for skill): Select your action (0 for escape, 1 for skill): Select your action (0 for escape, 1 for skill): Select your action (0 for escape, 1 for skill): Select your action (0 for escape, 1 for skill): Select your action (0 for escape, 1 for skill): Select your action (0 for escape, 1 for skill): Select your action (0 for escape, 1 for skill): Select your action (0 for escape, 1 for skill): Select your action (0 for escape, 1 for skill): Select your action (0 for escape, 1 for skill): Select your action (0 for escape, 1 for skill): Select your action (0 for escape, 1 for skill): Select your action (0 for escape, 1 for skill): Select your action (0 for escape, 1 for skill): Select the skill (0 for back, 1 for Slap, 2 for Sing, 3 for Paint): Select the skill (0 for back, 1 for Slap, 2 for Sing, 3 for Paint): Enemy's Pink uses Slap! Damage: 34
Your Pink is beaten
You Lose