Welcome to Battle of Slimes 2!
Enemy has Pink, Green, Red, starting with Pink
You can select three from five (1 for Green, 2 for Red, 3 for Blue, 4 for Yellow, 5 for Pink).
Select your 1st slime: Select your 2nd slime: Select your 3rd slime: You have Blue, Red, Pink, starting with Blue
Your Blue: HP 100 || Enemy's Pink: HP 120
Battle starts!
--------------------------------------------------
Round 1
Select your action (0 for escape, 1 for skill, 2 for change): Select your action (0 for escape, 1 for skill, 2 for change): Select your action (0 for escape, 1 for skill, 2 for change): Select your action (0 for escape, 1 for skill, 2 for change): Select your next slime (0 for back, 2 for Red-HP100, 3 for Pink-HP120): Select your next slime (0 for back, 2 for Red-HP100, 3 for Pink-HP120): Select your next slime (0 for back, 2 for Red-HP100, 3 for Pink-HP120): Select your next slime (0 for back, 2 for Red-HP100, 3 for Pink-HP120): Select your next slime (0 for back, 2 for Red-HP100, 3 for Pink-HP120): You sends Red
Enemy's Pink uses Sing! Your Red falls asleep
Your Red: HP 100 || Enemy's Pink: HP 120
--------------------------------------------------
Round 2
Select your action (0 for escape, 1 for skill, 2 for change): Select your action (0 for escape, 1 for skill, 2 for change): Select your next slime (0 for back, 1 for Blue-HP100, 3 for Pink-HP120): Select your next slime (0 for back, 1 for Blue-HP100, 3 for Pink-HP120): Select your next slime (0 for back, 1 for Blue-HP100, 3 for Pink-HP120): You sends Blue
Enemy's Pink uses Paint! Your Blue is painted
Your Blue: HP 100 || Enemy's Pink: HP 120
--------------------------------------------------
Round 3
Select your action (0 for escape, 1 for skill, 2 for change): Select your action (0 for escape, 1 for skill, 2 for change): Select your action (0 for escape, 1 for skill, 2 for change): Select your action (0 for escape, 1 for skill, 2 for change): Select the skill (0 for back, 1 for Tackle, 2 for Stream, 3 for Rainy): Your Blue uses Rainy! Weather becomes rainy
Enemy's Pink uses Sing! Your Blue falls asleep
Your Blue: HP 100 || Enemy's Pink: HP 120
--------------------------------------------------
Round 4
Select your action (0 for escape, 1 for skill, 2 for change): Select the skill (0 for back, 1 for Tackle, 2 for Stream, 3 for Rainy): Your Blue is sleeping!
Enemy's Pink uses Slap! Damage: 39
Your Blue wakes up
Your Blue: HP 61 || Enemy's Pink: HP 120
--------------------------------------------------
Round 5
Select your action (0 for escape, 1 for skill, 2 for change): Select the skill (0 for back, 1 for Tackle, 2 for Stream, 3 for Rainy): Select the skill (0 for back, 1 for Tackle, 2 for Stream, 3 for Rainy): Your Blue uses Stream! Damage: 38
Enemy's Pink uses Sing! Your Blue falls asleep
Your Blue: HP 61 || Enemy's Pink: HP 82
--------------------------------------------------
Round 6
Select your action (0 for escape, 1 for skill, 2 for change): Select your action (0 for escape, 1 for skill, 2 for change): Select your action (0 for escape, 1 for skill, 2 for change): Select your action (0 for escape, 1 for skill, 2 for change): You Escape