Welcome to Battle of Slimes 2!
Enemy has Pink, Green, Red, starting with Pink
You can select three from five (1 for Green, 2 for Red, 3 for Blue, 4 for Yellow, 5 for Pink).
Select your 1st slime: Select your 2nd slime: Select your 3rd slime: You have Yellow, Green, Red, starting with Yellow
Your Yellow: HP 90 || Enemy's Pink: HP 120
Battle starts!
--------------------------------------------------
Round 1
Select your action (0 for escape, 1 for skill, 2 for change): Select your next slime (0 for back, 2 for Green-HP110, 3 for Red-HP100): Select your next slime (0 for back, 2 for Green-HP110, 3 for Red-HP100): Select your next slime (0 for back, 2 for Green-HP110, 3 for Red-HP100): Select your next slime (0 for back, 2 for Green-HP110, 3 for Red-HP100): You sends Red
Enemy's Pink uses Sing! Your Red falls asleep
Your Red: HP 100 || Enemy's Pink: HP 120
--------------------------------------------------
Round 2
Select your action (0 for escape, 1 for skill, 2 for change): Select the skill (0 for back, 1 for Claw, 2 for Flame, 3 for Sunny): Select the skill (0 for back, 1 for Claw, 2 for Flame, 3 for Sunny): Your Red is sleeping!
Enemy's Pink uses Paint! Your Red is painted
Your Red: HP 100 || Enemy's Pink: HP 120
--------------------------------------------------
Round 3
Select your action (0 for escape, 1 for skill, 2 for change): Select your action (0 for escape, 1 for skill, 2 for change): Select your action (0 for escape, 1 for skill, 2 for change): Select your action (0 for escape, 1 for skill, 2 for change): Select your action (0 for escape, 1 for skill, 2 for change): Select your action (0 for escape, 1 for skill, 2 for change): Select your action (0 for escape, 1 for skill, 2 for change): Select your action (0 for escape, 1 for skill, 2 for change): Select your action (0 for escape, 1 for skill, 2 for change): Select your action (0 for escape, 1 for skill, 2 for change): Select your next slime (0 for back, 1 for Yellow-HP90, 2 for Green-HP110): Select your next slime (0 for back, 1 for Yellow-HP90, 2 for Green-HP110): You sends Yellow
Enemy's Pink uses Slap! Damage: 14
Your Yellow: HP 76 || Enemy's Pink: HP 120
--------------------------------------------------
Round 4
Select your action (0 for escape, 1 for skill, 2 for change): Select your action (0 for escape, 1 for skill, 2 for change): Select your next slime (0 for back, 2 for Green-HP110, 3 for Red-HP100): Select your next slime (0 for back, 2 for Green-HP110, 3 for Red-HP100): Select your next slime (0 for back, 2 for Green-HP110, 3 for Red-HP100): Select your next slime (0 for back, 2 for Green-HP110, 3 for Red-HP100): Select your next slime (0 for back, 2 for Green-HP110, 3 for Red-HP100): Select your next slime (0 for back, 2 for Green-HP110, 3 for Red-HP100): Select your next slime (0 for back, 2 for Green-HP110, 3 for Red-HP100): Select your next slime (0 for back, 2 for Green-HP110, 3 for Red-HP100): Select your next slime (0 for back, 2 for Green-HP110, 3 for Red-HP100): Select your next slime (0 for back, 2 for Green-HP110, 3 for Red-HP100): Select your next slime (0 for back, 2 for Green-HP110, 3 for Red-HP100): You sends Red
Enemy's Pink uses Sing! Waste
Your Red: HP 100 || Enemy's Pink: HP 120
--------------------------------------------------
Your Red wakes up
Round 5
Select your action (0 for escape, 1 for skill, 2 for change): Select your action (0 for escape, 1 for skill, 2 for change): Select the skill (0 for back, 1 for Claw, 2 for Flame, 3 for Sunny): Your Red uses Sunny! Weather becomes sunny
Enemy's Pink uses Sing! Your Red falls asleep
Your Red: HP 100 || Enemy's Pink: HP 120
--------------------------------------------------
Round 6
Select your action (0 for escape, 1 for skill, 2 for change): Select your action (0 for escape, 1 for skill, 2 for change): Select the skill (0 for back, 1 for Claw, 2 for Flame, 3 for Sunny): Select the skill (0 for back, 1 for Claw, 2 for Flame, 3 for Sunny): Select the skill (0 for back, 1 for Claw, 2 for Flame, 3 for Sunny): Your Red is sleeping!
Enemy's Pink uses Slap! Damage: 54
Your Red wakes up
Your Red: HP 46 || Enemy's Pink: HP 120
--------------------------------------------------
Round 7
Select your action (0 for escape, 1 for skill, 2 for change): Select your next slime (0 for back, 1 for Yellow-HP76, 2 for Green-HP110): Select your next slime (0 for back, 1 for Yellow-HP76, 2 for Green-HP110): Select your next slime (0 for back, 1 for Yellow-HP76, 2 for Green-HP110): Select your next slime (0 for back, 1 for Yellow-HP76, 2 for Green-HP110): You sends Green
Enemy's Pink uses Sing! Your Green falls asleep
Your Green: HP 110 || Enemy's Pink: HP 120
--------------------------------------------------
Round 8
Select your action (0 for escape, 1 for skill, 2 for change): Select your action (0 for escape, 1 for skill, 2 for change): Select your action (0 for escape, 1 for skill, 2 for change): Select your action (0 for escape, 1 for skill, 2 for change): Select your action (0 for escape, 1 for skill, 2 for change): Select your action (0 for escape, 1 for skill, 2 for change): Select your action (0 for escape, 1 for skill, 2 for change): Select your next slime (0 for back, 1 for Yellow-HP76, 3 for Red-HP46): Select your next slime (0 for back, 1 for Yellow-HP76, 3 for Red-HP46): You sends Red
Enemy's Pink uses Paint! Your Red is painted
Your Red: HP 46 || Enemy's Pink: HP 120
--------------------------------------------------
Round 9
Select your action (0 for escape, 1 for skill, 2 for change): Select the skill (0 for back, 1 for Claw, 2 for Flame, 3 for Sunny): Your Red uses Claw! Damage: 23
Enemy's Pink uses Sing! Your Red falls asleep
Your Red: HP 46 || Enemy's Pink: HP 97
--------------------------------------------------
Weather becomes normal
Round 10
Select your action (0 for escape, 1 for skill, 2 for change): Select your action (0 for escape, 1 for skill, 2 for change): Select the skill (0 for back, 1 for Claw, 2 for Flame, 3 for Sunny): Select the skill (0 for back, 1 for Claw, 2 for Flame, 3 for Sunny): Select the skill (0 for back, 1 for Claw, 2 for Flame, 3 for Sunny): Your Red is sleeping!
Enemy's Pink uses Slap! Damage: 54
Your Red is beaten
Select your next slime (1 for Yellow-HP76, 2 for Green-HP110): Select your next slime (1 for Yellow-HP76, 2 for Green-HP110): Select your next slime (1 for Yellow-HP76, 2 for Green-HP110): Select your next slime (1 for Yellow-HP76, 2 for Green-HP110): You sends Green
Your Green: HP 110 || Enemy's Pink: HP 97
--------------------------------------------------
Round 11
Select your action (0 for escape, 1 for skill, 2 for change): Select your action (0 for escape, 1 for skill, 2 for change): Select your action (0 for escape, 1 for skill, 2 for change): Select your next slime (0 for back, 1 for Yellow-HP76): Select your next slime (0 for back, 1 for Yellow-HP76): Select your next slime (0 for back, 1 for Yellow-HP76): Select your next slime (0 for back, 1 for Yellow-HP76): Select your next slime (0 for back, 1 for Yellow-HP76): Select your next slime (0 for back, 1 for Yellow-HP76): Select your next slime (0 for back, 1 for Yellow-HP76): Select your next slime (0 for back, 1 for Yellow-HP76): Select your action (0 for escape, 1 for skill, 2 for change): Select your next slime (0 for back, 1 for Yellow-HP76): Select your next slime (0 for back, 1 for Yellow-HP76): Select your next slime (0 for back, 1 for Yellow-HP76): Select your next slime (0 for back, 1 for Yellow-HP76): Select your next slime (0 for back, 1 for Yellow-HP76): Select your next slime (0 for back, 1 for Yellow-HP76): You sends Yellow
Enemy's Pink uses Paint! Your Yellow is painted
Your Yellow: HP 76 || Enemy's Pink: HP 97
--------------------------------------------------
Round 12
Select your action (0 for escape, 1 for skill, 2 for change): Select your next slime (0 for back, 2 for Green-HP110): Select your next slime (0 for back, 2 for Green-HP110): Select your next slime (0 for back, 2 for Green-HP110): You sends Green
Enemy's Pink uses Sing! Waste
Your Green: HP 110 || Enemy's Pink: HP 97
--------------------------------------------------
Your Green wakes up
Round 13
Select your action (0 for escape, 1 for skill, 2 for change): Select your action (0 for escape, 1 for skill, 2 for change): Select your action (0 for escape, 1 for skill, 2 for change): Select your action (0 for escape, 1 for skill, 2 for change): Select your action (0 for escape, 1 for skill, 2 for change): Select the skill (0 for back, 1 for Tackle, 2 for Leaf, 3 for Synthesis): Select the skill (0 for back, 1 for Tackle, 2 for Leaf, 3 for Synthesis): Your Green uses Synthesis! Recovery: 33
Enemy's Pink uses Sing! Your Green falls asleep
Your Green: HP 110 || Enemy's Pink: HP 97
--------------------------------------------------
Round 14
Select your action (0 for escape, 1 for skill, 2 for change): Select your action (0 for escape, 1 for skill, 2 for change): Select the skill (0 for back, 1 for Tackle, 2 for Leaf, 3 for Synthesis): Your Green is sleeping!
Enemy's Pink uses Paint! Your Green is painted
Your Green: HP 110 || Enemy's Pink: HP 97
--------------------------------------------------
Round 15
Select your action (0 for escape, 1 for skill, 2 for change): Select your next slime (0 for back, 1 for Yellow-HP76): Select your next slime (0 for back, 1 for Yellow-HP76): Select your next slime (0 for back, 1 for Yellow-HP76): Select your next slime (0 for back, 1 for Yellow-HP76): You sends Yellow
Enemy's Pink uses Slap! Damage: 27
Your Yellow: HP 49 || Enemy's Pink: HP 97
--------------------------------------------------
Round 16
Select your action (0 for escape, 1 for skill, 2 for change): Select the skill (0 for back, 1 for Quick, 2 for Volt, 3 for Thunder): Your Yellow uses Thunder! Failure!
Enemy's Pink uses Sing! Your Yellow falls asleep
Your Yellow: HP 49 || Enemy's Pink: HP 97
--------------------------------------------------
Round 17
Select your action (0 for escape, 1 for skill, 2 for change): Select your action (0 for escape, 1 for skill, 2 for change): Select your action (0 for escape, 1 for skill, 2 for change): Select your action (0 for escape, 1 for skill, 2 for change): Select the skill (0 for back, 1 for Quick, 2 for Volt, 3 for Thunder): Your Yellow is sleeping!
Enemy's Pink uses Slap! Damage: 54
Your Yellow is beaten
Select your next slime (2 for Green-HP110): Select your next slime (2 for Green-HP110): Select your next slime (2 for Green-HP110): You sends Green
Your Green: HP 110 || Enemy's Pink: HP 97
--------------------------------------------------
Your Green wakes up
Round 18
Select your action (0 for escape, 1 for skill): Select your action (0 for escape, 1 for skill): Select your action (0 for escape, 1 for skill): Select your action (0 for escape, 1 for skill): Select the skill (0 for back, 1 for Tackle, 2 for Leaf, 3 for Synthesis): Select the skill (0 for back, 1 for Tackle, 2 for Leaf, 3 for Synthesis): Your Green uses Synthesis! Recovery: 33
Enemy's Pink uses Sing! Your Green falls asleep
Your Green: HP 110 || Enemy's Pink: HP 97
--------------------------------------------------
Round 19
Select your action (0 for escape, 1 for skill): Select your action (0 for escape, 1 for skill): Select your action (0 for escape, 1 for skill): Select your action (0 for escape, 1 for skill): Select your action (0 for escape, 1 for skill): Select your action (0 for escape, 1 for skill): Select your action (0 for escape, 1 for skill): Select your action (0 for escape, 1 for skill): Select your action (0 for escape, 1 for skill): Select your action (0 for escape, 1 for skill): Select your action (0 for escape, 1 for skill): Select your action (0 for escape, 1 for skill): Select your action (0 for escape, 1 for skill): Select your action (0 for escape, 1 for skill): Select your action (0 for escape, 1 for skill): Select the skill (0 for back, 1 for Tackle, 2 for Leaf, 3 for Synthesis): Your Green is sleeping!
Enemy's Pink uses Slap! Damage: 54
Your Green wakes up
Your Green: HP 56 || Enemy's Pink: HP 97
--------------------------------------------------
Round 20
Select your action (0 for escape, 1 for skill): Select your action (0 for escape, 1 for skill): Select the skill (0 for back, 1 for Tackle, 2 for Leaf, 3 for Synthesis): Select the skill (0 for back, 1 for Tackle, 2 for Leaf, 3 for Synthesis): Your Green uses Synthesis! Recovery: 33
Enemy's Pink uses Sing! Your Green falls asleep
Your Green: HP 89 || Enemy's Pink: HP 97
--------------------------------------------------
Round 21
Select your action (0 for escape, 1 for skill): Select your action (0 for escape, 1 for skill): Select your action (0 for escape, 1 for skill): Select your action (0 for escape, 1 for skill): Select the skill (0 for back, 1 for Tackle, 2 for Leaf, 3 for Synthesis): Your Green is sleeping!
Enemy's Pink uses Slap! Damage: 54
Your Green wakes up
Your Green: HP 35 || Enemy's Pink: HP 97
--------------------------------------------------
Round 22
Select your action (0 for escape, 1 for skill): Select the skill (0 for back, 1 for Tackle, 2 for Leaf, 3 for Synthesis): Your Green uses Leaf! Damage: 25
Enemy's Pink uses Slap! Damage: 27
Your Green: HP 8 || Enemy's Pink: HP 72
--------------------------------------------------
Round 23
Select your action (0 for escape, 1 for skill): Select your action (0 for escape, 1 for skill): Select the skill (0 for back, 1 for Tackle, 2 for Leaf, 3 for Synthesis): Your Green uses Tackle! Damage: 25
Enemy's Pink uses Slap! Damage: 27
Your Green is beaten
You Lose