Welcome to Battle of Slimes 2!
Enemy has Pink, Green, Red, starting with Pink
You can select three from five (1 for Green, 2 for Red, 3 for Blue, 4 for Yellow, 5 for Pink).
Select your 1st slime: Select your 2nd slime: Select your 3rd slime: You have Red, Yellow, Green, starting with Red
Your Red: HP 100 || Enemy's Pink: HP 120
Battle starts!
--------------------------------------------------
Round 1
Select your action (0 for escape, 1 for skill, 2 for change): Select your action (0 for escape, 1 for skill, 2 for change): Select your next slime (0 for back, 2 for Yellow-HP90, 3 for Green-HP110): You sends Green
Enemy's Pink uses Sing! Your Green falls asleep
Your Green: HP 110 || Enemy's Pink: HP 120
--------------------------------------------------
Round 2
Select your action (0 for escape, 1 for skill, 2 for change): Select your action (0 for escape, 1 for skill, 2 for change): Select your action (0 for escape, 1 for skill, 2 for change): Select your action (0 for escape, 1 for skill, 2 for change): Select the skill (0 for back, 1 for Tackle, 2 for Leaf, 3 for Synthesis): Select the skill (0 for back, 1 for Tackle, 2 for Leaf, 3 for Synthesis): Select the skill (0 for back, 1 for Tackle, 2 for Leaf, 3 for Synthesis): Your Green is sleeping!
Enemy's Pink uses Paint! Your Green is painted
Your Green: HP 110 || Enemy's Pink: HP 120
--------------------------------------------------
Round 3
Select your action (0 for escape, 1 for skill, 2 for change): Select the skill (0 for back, 1 for Tackle, 2 for Leaf, 3 for Synthesis): Your Green is sleeping!
Enemy's Pink uses Slap! Damage: 54
Your Green wakes up
Your Green: HP 56 || Enemy's Pink: HP 120
--------------------------------------------------
Round 4
Select your action (0 for escape, 1 for skill, 2 for change): Select your action (0 for escape, 1 for skill, 2 for change): Select your action (0 for escape, 1 for skill, 2 for change): Select your action (0 for escape, 1 for skill, 2 for change): Select your action (0 for escape, 1 for skill, 2 for change): Select your action (0 for escape, 1 for skill, 2 for change): Select your action (0 for escape, 1 for skill, 2 for change): Select your action (0 for escape, 1 for skill, 2 for change): Select your action (0 for escape, 1 for skill, 2 for change): Select your action (0 for escape, 1 for skill, 2 for change): Select the skill (0 for back, 1 for Tackle, 2 for Leaf, 3 for Synthesis): Your Green uses Leaf! Damage: 25
Enemy's Pink uses Sing! Your Green falls asleep
Your Green: HP 56 || Enemy's Pink: HP 95
--------------------------------------------------
Round 5
Select your action (0 for escape, 1 for skill, 2 for change): Select the skill (0 for back, 1 for Tackle, 2 for Leaf, 3 for Synthesis): Your Green is sleeping!
Enemy's Pink uses Slap! Damage: 54
Your Green wakes up
Your Green: HP 2 || Enemy's Pink: HP 95
--------------------------------------------------
Round 6
Select your action (0 for escape, 1 for skill, 2 for change): Select your action (0 for escape, 1 for skill, 2 for change): Select your action (0 for escape, 1 for skill, 2 for change): Select your action (0 for escape, 1 for skill, 2 for change): Select the skill (0 for back, 1 for Tackle, 2 for Leaf, 3 for Synthesis): Select the skill (0 for back, 1 for Tackle, 2 for Leaf, 3 for Synthesis): Select the skill (0 for back, 1 for Tackle, 2 for Leaf, 3 for Synthesis): Select the skill (0 for back, 1 for Tackle, 2 for Leaf, 3 for Synthesis): Your Green uses Synthesis! Recovery: 33
Enemy's Pink uses Slap! Damage: 27
Your Green: HP 8 || Enemy's Pink: HP 95
--------------------------------------------------
Round 7
Select your action (0 for escape, 1 for skill, 2 for change): Select your action (0 for escape, 1 for skill, 2 for change): Select the skill (0 for back, 1 for Tackle, 2 for Leaf, 3 for Synthesis): Select the skill (0 for back, 1 for Tackle, 2 for Leaf, 3 for Synthesis): Your Green uses Leaf! Damage: 25
Enemy's Pink uses Slap! Damage: 27
Your Green is beaten
Select your next slime (1 for Red-HP100, 2 for Yellow-HP90): Select your next slime (1 for Red-HP100, 2 for Yellow-HP90): Select your next slime (1 for Red-HP100, 2 for Yellow-HP90): Select your next slime (1 for Red-HP100, 2 for Yellow-HP90): You sends Yellow
Your Yellow: HP 90 || Enemy's Pink: HP 70
--------------------------------------------------
Round 8
Select your action (0 for escape, 1 for skill, 2 for change): Select your action (0 for escape, 1 for skill, 2 for change): Select the skill (0 for back, 1 for Quick, 2 for Volt, 3 for Thunder): Your Yellow uses Volt! Damage: 31
Enemy's Pink uses Sing! Your Yellow falls asleep
Your Yellow: HP 90 || Enemy's Pink: HP 39
--------------------------------------------------
Round 9
Select your action (0 for escape, 1 for skill, 2 for change): Select your action (0 for escape, 1 for skill, 2 for change): Select your next slime (0 for back, 1 for Red-HP100): Select your next slime (0 for back, 1 for Red-HP100): Select your next slime (0 for back, 1 for Red-HP100): Select your next slime (0 for back, 1 for Red-HP100): Select your next slime (0 for back, 1 for Red-HP100): Select your next slime (0 for back, 1 for Red-HP100): Select your next slime (0 for back, 1 for Red-HP100): Select your next slime (0 for back, 1 for Red-HP100): Select your next slime (0 for back, 1 for Red-HP100): Select your next slime (0 for back, 1 for Red-HP100): Select your next slime (0 for back, 1 for Red-HP100): Select your next slime (0 for back, 1 for Red-HP100): Select your next slime (0 for back, 1 for Red-HP100): Select your next slime (0 for back, 1 for Red-HP100): Select your next slime (0 for back, 1 for Red-HP100): Select your next slime (0 for back, 1 for Red-HP100): Select your next slime (0 for back, 1 for Red-HP100): Select your next slime (0 for back, 1 for Red-HP100): Select your next slime (0 for back, 1 for Red-HP100): Select your next slime (0 for back, 1 for Red-HP100): Select your next slime (0 for back, 1 for Red-HP100): Select your next slime (0 for back, 1 for Red-HP100): Select your next slime (0 for back, 1 for Red-HP100): Select your next slime (0 for back, 1 for Red-HP100): Select your next slime (0 for back, 1 for Red-HP100): Select your next slime (0 for back, 1 for Red-HP100): Select your next slime (0 for back, 1 for Red-HP100): Select your next slime (0 for back, 1 for Red-HP100): Select your next slime (0 for back, 1 for Red-HP100): You sends Red
Enemy's Pink uses Paint! Your Red is painted
Your Red: HP 100 || Enemy's Pink: HP 39
--------------------------------------------------
Round 10
Select your action (0 for escape, 1 for skill, 2 for change): Select your action (0 for escape, 1 for skill, 2 for change): Select your action (0 for escape, 1 for skill, 2 for change): Select your action (0 for escape, 1 for skill, 2 for change): Select your action (0 for escape, 1 for skill, 2 for change): Select the skill (0 for back, 1 for Claw, 2 for Flame, 3 for Sunny): Select the skill (0 for back, 1 for Claw, 2 for Flame, 3 for Sunny): Select the skill (0 for back, 1 for Claw, 2 for Flame, 3 for Sunny): Your Red uses Claw! Damage: 23
Enemy's Pink uses Sing! Your Red falls asleep
Your Red: HP 100 || Enemy's Pink: HP 16
--------------------------------------------------
Round 11
Select your action (0 for escape, 1 for skill, 2 for change): Select your action (0 for escape, 1 for skill, 2 for change): Select your action (0 for escape, 1 for skill, 2 for change): Select your next slime (0 for back, 2 for Yellow-HP90): Select your next slime (0 for back, 2 for Yellow-HP90): You sends Yellow
Enemy's Pink uses Slap! Damage: 27
Your Yellow wakes up
Your Yellow: HP 63 || Enemy's Pink: HP 16
--------------------------------------------------
Round 12
Select your action (0 for escape, 1 for skill, 2 for change): Select your next slime (0 for back, 1 for Red-HP100): Select your next slime (0 for back, 1 for Red-HP100): Select your next slime (0 for back, 1 for Red-HP100): Select your next slime (0 for back, 1 for Red-HP100): You sends Red
Enemy's Pink uses Sing! Waste
Your Red: HP 100 || Enemy's Pink: HP 16
--------------------------------------------------
Round 13
Select your action (0 for escape, 1 for skill, 2 for change): Select your action (0 for escape, 1 for skill, 2 for change): Select your action (0 for escape, 1 for skill, 2 for change): Select the skill (0 for back, 1 for Claw, 2 for Flame, 3 for Sunny): Your Red is sleeping!
Enemy's Pink uses Slap! Damage: 54
Your Red wakes up
Your Red: HP 46 || Enemy's Pink: HP 16
--------------------------------------------------
Round 14
Select your action (0 for escape, 1 for skill, 2 for change): Select your action (0 for escape, 1 for skill, 2 for change): Select your action (0 for escape, 1 for skill, 2 for change): Select your next slime (0 for back, 2 for Yellow-HP63): Select your next slime (0 for back, 2 for Yellow-HP63): Select your next slime (0 for back, 2 for Yellow-HP63): Select your next slime (0 for back, 2 for Yellow-HP63): You sends Yellow
Enemy's Pink uses Sing! Your Yellow falls asleep
Your Yellow: HP 63 || Enemy's Pink: HP 16
--------------------------------------------------
Round 15
Select your action (0 for escape, 1 for skill, 2 for change): Select your action (0 for escape, 1 for skill, 2 for change): Select the skill (0 for back, 1 for Quick, 2 for Volt, 3 for Thunder): Select the skill (0 for back, 1 for Quick, 2 for Volt, 3 for Thunder): Your Yellow is sleeping!
Enemy's Pink uses Paint! Your Yellow is painted
Your Yellow: HP 63 || Enemy's Pink: HP 16
--------------------------------------------------
Round 16
Select your action (0 for escape, 1 for skill, 2 for change): Select your action (0 for escape, 1 for skill, 2 for change): Select your action (0 for escape, 1 for skill, 2 for change): Select the skill (0 for back, 1 for Quick, 2 for Volt, 3 for Thunder): Select the skill (0 for back, 1 for Quick, 2 for Volt, 3 for Thunder): Select the skill (0 for back, 1 for Quick, 2 for Volt, 3 for Thunder): Select the skill (0 for back, 1 for Quick, 2 for Volt, 3 for Thunder): Your Yellow is sleeping!
Enemy's Pink uses Slap! Damage: 54
Your Yellow wakes up
Your Yellow: HP 9 || Enemy's Pink: HP 16
--------------------------------------------------
Round 17
Select your action (0 for escape, 1 for skill, 2 for change): Select your next slime (0 for back, 1 for Red-HP46): Select your next slime (0 for back, 1 for Red-HP46): You sends Red
Enemy's Pink uses Slap! Damage: 27
Your Red: HP 19 || Enemy's Pink: HP 16
--------------------------------------------------
Round 18
Select your action (0 for escape, 1 for skill, 2 for change): Select your action (0 for escape, 1 for skill, 2 for change): Select your action (0 for escape, 1 for skill, 2 for change): Select your action (0 for escape, 1 for skill, 2 for change): Select your action (0 for escape, 1 for skill, 2 for change): Select your action (0 for escape, 1 for skill, 2 for change): Select your action (0 for escape, 1 for skill, 2 for change): Select your action (0 for escape, 1 for skill, 2 for change): Select the skill (0 for back, 1 for Claw, 2 for Flame, 3 for Sunny): Select the skill (0 for back, 1 for Claw, 2 for Flame, 3 for Sunny): Your Red uses Flame! Damage: 30
Enemy's Pink is beaten
Enemy sends Green
Your Red: HP 19 || Enemy's Green: HP 110
--------------------------------------------------
Round 19
Select your action (0 for escape, 1 for skill, 2 for change): Select the skill (0 for back, 1 for Claw, 2 for Flame, 3 for Sunny): Select the skill (0 for back, 1 for Claw, 2 for Flame, 3 for Sunny): Select the skill (0 for back, 1 for Claw, 2 for Flame, 3 for Sunny): Select the skill (0 for back, 1 for Claw, 2 for Flame, 3 for Sunny): Select the skill (0 for back, 1 for Claw, 2 for Flame, 3 for Sunny): Your Red uses Sunny! Weather becomes sunny
Enemy's Green uses Tackle! Damage: 40
Your Red is beaten
Select your next slime (2 for Yellow-HP9): Select your next slime (2 for Yellow-HP9): Select your next slime (2 for Yellow-HP9): Select your next slime (2 for Yellow-HP9): Select your next slime (2 for Yellow-HP9): Select your next slime (2 for Yellow-HP9): Select your next slime (2 for Yellow-HP9): Select your next slime (2 for Yellow-HP9): You sends Yellow
Your Yellow: HP 9 || Enemy's Green: HP 110
--------------------------------------------------
Round 20
Select your action (0 for escape, 1 for skill): Select your action (0 for escape, 1 for skill): Select your action (0 for escape, 1 for skill): Select the skill (0 for back, 1 for Quick, 2 for Volt, 3 for Thunder): Your Yellow uses Quick! Damage: 15
Enemy's Green uses Tackle! Damage: 40
Your Yellow is beaten
You Lose