Welcome to Battle of Slimes!
You have Green, Red and Blue. So does Enemy.
Select your starting slime (1 for Green, 2 for Red, 3 for Blue): You starts with Red
Enemy starts with Blue
Your Red: HP 100 || Enemy's Blue: HP 100
Battle starts!
--------------------------------------------------
Round 1
Select your action (1 for skill, 2 for change): Select the skill (1 for Tackle, 2 for Flame): Your Red uses Flame! Damage: 10
Enemy's Blue uses Stream! Damage: 40
Your Red: HP 60 || Enemy's Blue: HP 90
--------------------------------------------------
Round 2
Select your action (1 for skill, 2 for change): Select your next slime (1 for Green, 3 for Blue): You sends Green
Enemy's Blue uses Stream! Damage: 10
Your Green: HP 100 || Enemy's Blue: HP 90
--------------------------------------------------
Round 3
Select your action (1 for skill, 2 for change): Select your next slime (2 for Red, 3 for Blue): You sends Blue
Enemy's Blue uses Tackle! Damage: 18
Your Blue: HP 82 || Enemy's Blue: HP 90
--------------------------------------------------
Round 4
Select your action (1 for skill, 2 for change): Select your action (1 for skill, 2 for change): Select the skill (1 for Tackle, 2 for Stream): Enemy's Blue uses Tackle! Damage: 18
Your Blue uses Stream! Damage: 9
Your Blue: HP 64 || Enemy's Blue: HP 81
--------------------------------------------------
Round 5
Select your action (1 for skill, 2 for change): Select your action (1 for skill, 2 for change): Select your next slime (1 for Green, 2 for Red): Select your next slime (1 for Green, 2 for Red): Select your next slime (1 for Green, 2 for Red): Select your next slime (1 for Green, 2 for Red): Select your next slime (1 for Green, 2 for Red): You sends Green
Enemy's Blue uses Tackle! Damage: 20
Your Green: HP 80 || Enemy's Blue: HP 81
--------------------------------------------------
Round 6
Select your action (1 for skill, 2 for change): Select your next slime (2 for Red, 3 for Blue): Select your next slime (2 for Red, 3 for Blue): You sends Red
Enemy's Blue uses Tackle! Damage: 20
Your Red: HP 40 || Enemy's Blue: HP 81
--------------------------------------------------
Round 7
Select your action (1 for skill, 2 for change): Select your next slime (1 for Green, 3 for Blue): You sends Green
Enemy's Blue uses Stream! Damage: 10
Your Green: HP 70 || Enemy's Blue: HP 81
--------------------------------------------------
Round 8
Select your action (1 for skill, 2 for change): Select your next slime (2 for Red, 3 for Blue): You sends Red
Enemy's Blue uses Tackle! Damage: 20
Your Red: HP 20 || Enemy's Blue: HP 81
--------------------------------------------------
Round 9
Select your action (1 for skill, 2 for change): Select your action (1 for skill, 2 for change): Select your next slime (1 for Green, 3 for Blue): You sends Green
Enemy's Blue uses Stream! Damage: 10
Your Green: HP 60 || Enemy's Blue: HP 81
--------------------------------------------------
Round 10
Select your action (1 for skill, 2 for change): Select your action (1 for skill, 2 for change): Select your next slime (2 for Red, 3 for Blue): You sends Blue
Enemy's Blue uses Tackle! Damage: 18
Your Blue: HP 46 || Enemy's Blue: HP 81
--------------------------------------------------
Round 11
Select your action (1 for skill, 2 for change): Select the skill (1 for Tackle, 2 for Stream): Enemy's Blue uses Tackle! Damage: 18
Your Blue uses Tackle! Damage: 18
Your Blue: HP 28 || Enemy's Blue: HP 63
--------------------------------------------------
Round 12
Select your action (1 for skill, 2 for change): Select the skill (1 for Tackle, 2 for Stream): Enemy's Blue uses Tackle! Damage: 18
Your Blue uses Tackle! Damage: 18
Your Blue: HP 10 || Enemy's Blue: HP 45
--------------------------------------------------
Round 13
Select your action (1 for skill, 2 for change): Select your next slime (1 for Green, 2 for Red): Select your next slime (1 for Green, 2 for Red): You sends Green
Enemy's Blue uses Tackle! Damage: 20
Your Green: HP 40 || Enemy's Blue: HP 45
--------------------------------------------------
Round 14
Select your action (1 for skill, 2 for change): Select your next slime (2 for Red, 3 for Blue): You sends Red
Enemy's Blue uses Tackle! Damage: 20
Your Red is beaten
Select your next slime (1 for Green, 3 for Blue): You sends Green
Your Green: HP 40 || Enemy's Blue: HP 45
--------------------------------------------------
Round 15
Select your action (1 for skill, 2 for change): Select the skill (1 for Tackle, 2 for Leaf): Select the skill (1 for Tackle, 2 for Leaf): Your Green uses Leaf! Damage: 36
Enemy's Blue uses Tackle! Damage: 20
Your Green: HP 20 || Enemy's Blue: HP 9
--------------------------------------------------
Round 16
Select your action (1 for skill, 2 for change): Select your action (1 for skill, 2 for change): Select your action (1 for skill, 2 for change): Select your next slime (3 for Blue): You sends Blue
Enemy's Blue uses Tackle! Damage: 18
Your Blue is beaten
Select your next slime (1 for Green): Select your next slime (1 for Green): Select your next slime (1 for Green): Select your next slime (1 for Green): Select your next slime (1 for Green): You sends Green
Your Green: HP 20 || Enemy's Blue: HP 9
--------------------------------------------------
Round 17
Select your action (1 for skill): Select your action (1 for skill): Select your action (1 for skill): Select the skill (1 for Tackle, 2 for Leaf): Your Green uses Leaf! Damage: 36
Enemy's Blue is beaten
Enemy sends Red
Your Green: HP 20 || Enemy's Red: HP 100
--------------------------------------------------
Round 18
Select your action (1 for skill): Select your action (1 for skill): Select your action (1 for skill): Select your action (1 for skill): Select the skill (1 for Tackle, 2 for Leaf): Enemy's Red uses Flame! Damage: 44
Your Green is beaten
Enemy Win You Lose