Welcome to Battle of Slimes!
You have Green, Red and Blue. So does Enemy.
Select your starting slime (1 for Green, 2 for Red, 3 for Blue): You starts with Blue
Enemy starts with Green
Your Blue: HP 100 || Enemy's Green: HP 110
Battle starts!
--------------------------------------------------
Round 1
Select your action (1 for skill, 2 for change): Select your next slime (1 for Green, 2 for Red): You sends Green
Enemy's Green uses Leaf! Damage: 10
Your Green: HP 100 || Enemy's Green: HP 110
--------------------------------------------------
Round 2
Select your action (1 for skill, 2 for change): Select your action (1 for skill, 2 for change): Select your next slime (2 for Red, 3 for Blue): You sends Red
Enemy's Green uses Tackle! Damage: 20
Your Red: HP 80 || Enemy's Green: HP 110
--------------------------------------------------
Round 3
Select your action (1 for skill, 2 for change): Select the skill (1 for Tackle, 2 for Flame): Your Red uses Flame! Damage: 44
Enemy's Green uses Tackle! Damage: 20
Your Red: HP 60 || Enemy's Green: HP 66
--------------------------------------------------
Round 4
Select your action (1 for skill, 2 for change): Select your action (1 for skill, 2 for change): Select your next slime (1 for Green, 3 for Blue): You sends Blue
Enemy's Green uses Tackle! Damage: 18
Your Blue: HP 82 || Enemy's Green: HP 66
--------------------------------------------------
Round 5
Select your action (1 for skill, 2 for change): Select your next slime (1 for Green, 2 for Red): You sends Red
Enemy's Green uses Leaf! Damage: 10
Your Red: HP 50 || Enemy's Green: HP 66
--------------------------------------------------
Round 6
Select your action (1 for skill, 2 for change): Select the skill (1 for Tackle, 2 for Flame): Your Red uses Flame! Damage: 44
Enemy's Green uses Tackle! Damage: 20
Your Red: HP 30 || Enemy's Green: HP 22
--------------------------------------------------
Round 7
Select your action (1 for skill, 2 for change): Select your next slime (1 for Green, 3 for Blue): You sends Green
Enemy's Green uses Tackle! Damage: 20
Your Green: HP 80 || Enemy's Green: HP 22
--------------------------------------------------
Round 8
Select your action (1 for skill, 2 for change): Select your action (1 for skill, 2 for change): Select your action (1 for skill, 2 for change): Select your action (1 for skill, 2 for change): Select the skill (1 for Tackle, 2 for Leaf): Select the skill (1 for Tackle, 2 for Leaf): Select the skill (1 for Tackle, 2 for Leaf): Enemy's Green uses Tackle! Damage: 20
Your Green uses Leaf! Damage: 10
Your Green: HP 60 || Enemy's Green: HP 12
--------------------------------------------------
Round 9
Select your action (1 for skill, 2 for change): Select your action (1 for skill, 2 for change): Select your action (1 for skill, 2 for change): Select the skill (1 for Tackle, 2 for Leaf): Select the skill (1 for Tackle, 2 for Leaf): Enemy's Green uses Tackle! Damage: 20
Your Green uses Leaf! Damage: 10
Your Green: HP 40 || Enemy's Green: HP 2
--------------------------------------------------
Round 10
Select your action (1 for skill, 2 for change): Select your action (1 for skill, 2 for change): Select your action (1 for skill, 2 for change): Select your next slime (2 for Red, 3 for Blue): You sends Red
Enemy's Green uses Tackle! Damage: 20
Your Red: HP 10 || Enemy's Green: HP 2
--------------------------------------------------
Round 11
Select your action (1 for skill, 2 for change): Select your next slime (1 for Green, 3 for Blue): Select your next slime (1 for Green, 3 for Blue): You sends Blue
Enemy's Green uses Tackle! Damage: 18
Your Blue: HP 64 || Enemy's Green: HP 2
--------------------------------------------------
Round 12
Select your action (1 for skill, 2 for change): Select your next slime (1 for Green, 2 for Red): You sends Red
Enemy's Green uses Leaf! Damage: 10
Your Red is beaten
Select your next slime (1 for Green, 3 for Blue): You sends Green
Your Green: HP 40 || Enemy's Green: HP 2
--------------------------------------------------
Round 13
Select your action (1 for skill, 2 for change): Select your action (1 for skill, 2 for change): Select your action (1 for skill, 2 for change): Select the skill (1 for Tackle, 2 for Leaf): Enemy's Green uses Tackle! Damage: 20
Your Green uses Leaf! Damage: 10
Enemy's Green is beaten
Enemy sends Red
Your Green: HP 20 || Enemy's Red: HP 100
--------------------------------------------------
Round 14
Select your action (1 for skill, 2 for change): Select the skill (1 for Tackle, 2 for Leaf): Enemy's Red uses Flame! Damage: 44
Your Green is beaten
Select your next slime (3 for Blue): Select your next slime (3 for Blue): Select your next slime (3 for Blue): Select your next slime (3 for Blue): Select your next slime (3 for Blue): Select your next slime (3 for Blue): Select your next slime (3 for Blue): Select your next slime (3 for Blue): Select your next slime (3 for Blue): Select your next slime (3 for Blue): Select your next slime (3 for Blue): You sends Blue
Your Blue: HP 64 || Enemy's Red: HP 100
--------------------------------------------------
Round 15
Select your action (1 for skill): Select your action (1 for skill): Select the skill (1 for Tackle, 2 for Stream): Enemy's Red uses Tackle! Damage: 20
Your Blue uses Tackle! Damage: 20
Your Blue: HP 44 || Enemy's Red: HP 80
--------------------------------------------------
Round 16
Select your action (1 for skill): Select the skill (1 for Tackle, 2 for Stream): Enemy's Red uses Tackle! Damage: 20
Your Blue uses Tackle! Damage: 20
Your Blue: HP 24 || Enemy's Red: HP 60
--------------------------------------------------
Round 17
Select your action (1 for skill): Select the skill (1 for Tackle, 2 for Stream): Select the skill (1 for Tackle, 2 for Stream): Select the skill (1 for Tackle, 2 for Stream): Enemy's Red uses Tackle! Damage: 20
Your Blue uses Stream! Damage: 40
Your Blue: HP 4 || Enemy's Red: HP 20
--------------------------------------------------
Round 18
Select your action (1 for skill): Select your action (1 for skill): Select the skill (1 for Tackle, 2 for Stream): Select the skill (1 for Tackle, 2 for Stream): Enemy's Red uses Tackle! Damage: 20
Your Blue is beaten
Enemy Win You Lose