Welcome to Battle of Slimes!
You have Green, Red and Blue. So does Enemy.
Select your starting slime (1 for Green, 2 for Red, 3 for Blue): You starts with Green
Enemy starts with Red
Your Green: HP 110 || Enemy's Red: HP 100
Battle starts!
--------------------------------------------------
Round 1
Select your action (1 for skill, 2 for change): Select your next slime (2 for Red, 3 for Blue): Select your next slime (2 for Red, 3 for Blue): You sends Blue
Enemy's Red uses Flame! Damage: 10
Your Blue: HP 90 || Enemy's Red: HP 100
--------------------------------------------------
Round 2
Select your action (1 for skill, 2 for change): Select your action (1 for skill, 2 for change): Select your next slime (1 for Green, 2 for Red): Select your next slime (1 for Green, 2 for Red): Select your next slime (1 for Green, 2 for Red): Select your next slime (1 for Green, 2 for Red): You sends Green
Enemy's Red uses Tackle! Damage: 22
Your Green: HP 88 || Enemy's Red: HP 100
--------------------------------------------------
Round 3
Select your action (1 for skill, 2 for change): Select your next slime (2 for Red, 3 for Blue): You sends Red
Enemy's Red uses Flame! Damage: 11
Your Red: HP 89 || Enemy's Red: HP 100
--------------------------------------------------
Round 4
Select your action (1 for skill, 2 for change): Select your action (1 for skill, 2 for change): Select your action (1 for skill, 2 for change): Select your next slime (1 for Green, 3 for Blue): Select your next slime (1 for Green, 3 for Blue): You sends Green
Enemy's Red uses Tackle! Damage: 22
Your Green: HP 66 || Enemy's Red: HP 100
--------------------------------------------------
Round 5
Select your action (1 for skill, 2 for change): Select your action (1 for skill, 2 for change): Select your action (1 for skill, 2 for change): Select your next slime (2 for Red, 3 for Blue): You sends Red
Enemy's Red uses Flame! Damage: 11
Your Red: HP 78 || Enemy's Red: HP 100
--------------------------------------------------
Round 6
Select your action (1 for skill, 2 for change): Select your action (1 for skill, 2 for change): Select your action (1 for skill, 2 for change): Select your action (1 for skill, 2 for change): Select your action (1 for skill, 2 for change): Select the skill (1 for Tackle, 2 for Flame): Enemy's Red uses Tackle! Damage: 22
Your Red uses Flame! Damage: 11
Your Red: HP 56 || Enemy's Red: HP 89
--------------------------------------------------
Round 7
Select your action (1 for skill, 2 for change): Select your next slime (1 for Green, 3 for Blue): Select your next slime (1 for Green, 3 for Blue): Select your next slime (1 for Green, 3 for Blue): Select your next slime (1 for Green, 3 for Blue): You sends Green
Enemy's Red uses Tackle! Damage: 22
Your Green: HP 44 || Enemy's Red: HP 89
--------------------------------------------------
Round 8
Select your action (1 for skill, 2 for change): Select your action (1 for skill, 2 for change): Select the skill (1 for Tackle, 2 for Leaf): Enemy's Red uses Flame! Damage: 44
Your Green is beaten
Select your next slime (2 for Red, 3 for Blue): You sends Red
Your Red: HP 56 || Enemy's Red: HP 89
--------------------------------------------------
Round 9
Select your action (1 for skill, 2 for change): Select your next slime (3 for Blue): Select your next slime (3 for Blue): Select your next slime (3 for Blue): You sends Blue
Enemy's Red uses Tackle! Damage: 20
Your Blue: HP 70 || Enemy's Red: HP 89
--------------------------------------------------
Round 10
Select your action (1 for skill, 2 for change): Select your next slime (2 for Red): Select your next slime (2 for Red): Select your next slime (2 for Red): You sends Red
Enemy's Red uses Tackle! Damage: 22
Your Red: HP 34 || Enemy's Red: HP 89
--------------------------------------------------
Round 11
Select your action (1 for skill, 2 for change): Select your next slime (3 for Blue): You sends Blue
Enemy's Red uses Tackle! Damage: 20
Your Blue: HP 50 || Enemy's Red: HP 89
--------------------------------------------------
Round 12
Select your action (1 for skill, 2 for change): Select your next slime (2 for Red): You sends Red
Enemy's Red uses Tackle! Damage: 22
Your Red: HP 12 || Enemy's Red: HP 89
--------------------------------------------------
Round 13
Select your action (1 for skill, 2 for change): Select your next slime (3 for Blue): You sends Blue
Enemy's Red uses Tackle! Damage: 20
Your Blue: HP 30 || Enemy's Red: HP 89
--------------------------------------------------
Round 14
Select your action (1 for skill, 2 for change): Select your next slime (2 for Red): Select your next slime (2 for Red): Select your next slime (2 for Red): Select your next slime (2 for Red): You sends Red
Enemy's Red uses Tackle! Damage: 22
Your Red is beaten
Select your next slime (3 for Blue): Select your next slime (3 for Blue): You sends Blue
Your Blue: HP 30 || Enemy's Red: HP 89
--------------------------------------------------
Round 15
Select your action (1 for skill): Select your action (1 for skill): Select your action (1 for skill): Select your action (1 for skill): Select the skill (1 for Tackle, 2 for Stream): Enemy's Red uses Tackle! Damage: 20
Your Blue uses Stream! Damage: 40
Your Blue: HP 10 || Enemy's Red: HP 49
--------------------------------------------------
Round 16
Select your action (1 for skill): Select the skill (1 for Tackle, 2 for Stream): Select the skill (1 for Tackle, 2 for Stream): Enemy's Red uses Tackle! Damage: 20
Your Blue is beaten
Enemy Win You Lose